{"contracts\\base\\Base.sol":{"l":{"15":0,"16":0,"21":0,"25":0,"26":0,"27":0,"33":0,"37":0,"41":0,"45":0,"51":0},"path":"D:\\personalDoc\\DijiaCoder\\Meta-Node-Dao\\meta-land-contract\\contracts\\base\\Base.sol","s":{"1":0,"2":0,"3":0,"4":0,"5":0,"6":0,"7":0},"b":{"1":[0,0],"2":[0,0],"3":[0,0],"4":[0,0],"5":[0,0],"6":[0,0]},"f":{"1":0,"2":0,"3":0,"4":0,"5":0,"6":0,"7":0,"8":0},"fnMap":{"1":{"name":"isOwner","line":14,"loc":{"start":{"line":14,"column":4},"end":{"line":17,"column":4}}},"2":{"name":"constructor","line":20,"loc":{"start":{"line":20,"column":4},"end":{"line":22,"column":4}}},"3":{"name":"initialize","line":24,"loc":{"start":{"line":24,"column":4},"end":{"line":28,"column":4}}},"4":{"name":"_authorizeUpgrade","line":30,"loc":{"start":{"line":30,"column":4},"end":{"line":30,"column":93}}},"5":{"name":null,"line":32,"loc":{"start":{"line":32,"column":4},"end":{"line":34,"column":4}}},"6":{"name":"setCoinBase","line":40,"loc":{"start":{"line":40,"column":4},"end":{"line":42,"column":4}}},"7":{"name":"transferOwnership","line":44,"loc":{"start":{"line":44,"column":4},"end":{"line":46,"column":4}}},"8":{"name":"suicide0","line":50,"loc":{"start":{"line":48,"column":4},"end":{"line":54,"column":4}}}},"statementMap":{"1":{"start":{"line":15,"column":8},"end":{"line":15,"column":72}},"2":{"start":{"line":21,"column":8},"end":{"line":21,"column":29}},"3":{"start":{"line":25,"column":8},"end":{"line":25,"column":31}},"4":{"start":{"line":26,"column":8},"end":{"line":26,"column":31}},"5":{"start":{"line":27,"column":8},"end":{"line":27,"column":23}},"6":{"start":{"line":33,"column":8},"end":{"line":33,"column":15}},"7":{"start":{"line":45,"column":8},"end":{"line":45,"column":40}}},"branchMap":{"1":{"line":15,"type":"if","locations":[{"start":{"line":15,"column":8},"end":{"line":15,"column":8}},{"start":{"line":15,"column":8},"end":{"line":15,"column":8}}]},"2":{"line":24,"type":"if","locations":[{"start":{"line":24,"column":41},"end":{"line":24,"column":41}},{"start":{"line":24,"column":41},"end":{"line":24,"column":41}}]},"3":{"line":30,"type":"if","locations":[{"start":{"line":30,"column":84},"end":{"line":30,"column":84}},{"start":{"line":30,"column":84},"end":{"line":30,"column":84}}]},"4":{"line":40,"type":"if","locations":[{"start":{"line":40,"column":54},"end":{"line":40,"column":54}},{"start":{"line":40,"column":54},"end":{"line":40,"column":54}}]},"5":{"line":44,"type":"if","locations":[{"start":{"line":44,"column":73},"end":{"line":44,"column":73}},{"start":{"line":44,"column":73},"end":{"line":44,"column":73}}]},"6":{"line":50,"type":"if","locations":[{"start":{"line":50,"column":4},"end":{"line":50,"column":4}},{"start":{"line":50,"column":4},"end":{"line":50,"column":4}}]}}},"contracts\\base\\Proxy.sol":{"l":{},"path":"D:\\personalDoc\\DijiaCoder\\Meta-Node-Dao\\meta-land-contract\\contracts\\base\\Proxy.sol","s":{},"b":{},"f":{},"fnMap":{},"statementMap":{},"branchMap":{}},"contracts\\Bounty.sol":{"l":{"31":3,"35":6,"36":6,"37":6,"38":6,"55":1,"56":1,"63":1,"64":1,"65":1,"66":1,"67":0,"68":0,"69":0,"70":0,"72":1,"73":1,"74":1,"75":1,"78":1,"80":1,"81":1,"85":0,"89":2,"93":0,"97":0,"101":0,"150":0,"151":0,"155":0,"156":0,"160":0,"161":0,"165":0,"166":0,"170":0,"171":0,"175":0,"176":0,"180":0,"181":0,"185":0,"186":0,"190":0,"191":0,"195":0,"196":0,"200":0,"201":0,"205":0,"206":0,"210":0,"211":0,"215":0,"216":0,"220":0,"221":0,"222":0,"223":0,"227":1,"228":1,"232":1,"233":1,"234":1,"238":1,"239":1,"241":1,"242":1,"243":1,"244":1,"245":1,"246":1,"247":0,"249":1,"250":1,"252":1,"256":0,"257":0,"258":0,"259":0,"263":0,"267":0,"268":0,"269":0,"273":0,"274":0,"277":0,"278":0,"279":0,"280":0,"281":0,"282":0,"283":0,"284":0,"288":0,"289":0,"290":0,"291":0,"292":0,"296":0,"297":0,"298":0,"299":0,"300":0,"301":0,"305":0,"306":0,"310":0,"311":0,"315":0,"316":0,"320":0,"321":0,"325":1,"333":0,"334":0,"336":0,"341":0,"345":0,"349":0,"353":0,"357":0,"364":0,"365":0,"367":0,"372":0,"373":0,"374":0,"376":0,"377":0,"379":0,"380":0,"381":0,"387":0,"388":0,"392":0,"393":0,"394":0,"395":0,"396":0,"402":0,"403":0,"404":0,"405":0,"409":0,"410":0,"411":0,"412":0,"413":0,"414":0,"415":0,"421":0,"422":0,"423":0,"424":0,"425":0,"429":0,"430":0,"431":0,"432":0,"433":0,"435":0,"437":0,"439":0,"443":0,"444":0,"445":0,"447":0,"448":0,"452":0,"453":0,"455":0,"460":0,"464":1,"465":1,"467":0,"472":0,"473":0,"474":0,"475":0,"478":0,"482":0,"483":0,"484":0,"485":0,"488":0,"490":0,"494":0,"498":0,"499":0,"500":0,"501":0,"502":0,"506":0,"507":0,"511":0,"515":0,"519":0,"524":0,"525":0,"526":0,"527":0,"528":0,"529":0,"530":0,"532":0,"535":0,"539":0,"540":0,"541":0,"542":0,"544":0,"545":0,"547":0,"551":0,"552":0,"553":0,"554":0,"556":0},"path":"D:\\personalDoc\\DijiaCoder\\Meta-Node-Dao\\meta-land-contract\\contracts\\Bounty.sol","s":{"1":3,"2":6,"3":6,"4":6,"5":1,"6":1,"7":1,"8":1,"9":1,"10":1,"11":0,"12":0,"13":0,"14":1,"15":1,"16":1,"17":1,"18":1,"19":1,"20":1,"21":0,"22":2,"23":0,"24":0,"25":0,"26":0,"27":0,"28":0,"29":0,"30":0,"31":0,"32":0,"33":0,"34":0,"35":0,"36":0,"37":0,"38":0,"39":0,"40":1,"41":1,"42":1,"43":0,"44":0,"45":0,"46":0,"47":0,"48":0,"49":0,"50":0,"51":0,"52":0,"53":0,"54":0,"55":0,"56":0,"57":0,"58":0,"59":0,"60":0,"61":0,"62":0,"63":0,"64":0,"65":0,"66":0,"67":0,"68":0,"69":0,"70":0,"71":0,"72":0,"73":1,"74":0,"75":0,"76":0,"77":0,"78":0,"79":0,"80":0,"81":0,"82":0,"83":0,"84":0,"85":0,"86":0,"87":0,"88":0,"89":0,"90":0,"91":0,"92":0,"93":0,"94":0,"95":0,"96":0,"97":0,"98":0,"99":0,"100":0,"101":0,"102":0,"103":0,"104":0,"105":0,"106":0,"107":0,"108":0,"109":0,"110":0,"111":0,"112":0,"113":0,"114":0,"115":0,"116":0,"117":0,"118":0,"119":0,"120":0,"121":0,"122":0,"123":0,"124":0,"125":0,"126":1,"127":1,"128":0,"129":0,"130":0,"131":0,"132":0,"133":0,"134":0,"135":0,"136":0,"137":0,"138":0,"139":0,"140":0,"141":0,"142":0,"143":0,"144":0,"145":0,"146":0,"147":0,"148":0,"149":0,"150":0,"151":0,"152":0,"153":0,"154":0,"155":0,"156":0,"157":0,"158":0,"159":0,"160":0,"161":0},"b":{"1":[6,0],"2":[0,0],"3":[1,0],"4":[1,0],"5":[1,0],"6":[0,1],"7":[0,0],"8":[0,0],"9":[1,0],"10":[1,0],"11":[1,0],"12":[0,0],"13":[0,0],"14":[0,0],"15":[0,0],"16":[0,0],"17":[0,0],"18":[0,0],"19":[0,0],"20":[1,0],"21":[1,0],"22":[1,0],"23":[0,1],"24":[0,0],"25":[0,0],"26":[0,0],"27":[0,0],"28":[0,0],"29":[0,0],"30":[0,0],"31":[0,0],"32":[0,0],"33":[0,0],"34":[0,0],"35":[0,0],"36":[0,0],"37":[0,0],"38":[0,0],"39":[0,0],"40":[0,0],"41":[0,0],"42":[0,0],"43":[0,0],"44":[0,0],"45":[0,0],"46":[0,0],"47":[0,0],"48":[0,0],"49":[0,0],"50":[0,0],"51":[0,0],"52":[0,0],"53":[0,0],"54":[0,0],"55":[0,0],"56":[0,0],"57":[1,0],"58":[0,0],"59":[0,0],"60":[0,0],"61":[0,0],"62":[0,0],"63":[0,0],"64":[0,0],"65":[0,0],"66":[0,0],"67":[0,0],"68":[0,0],"69":[0,0],"70":[0,0],"71":[0,0],"72":[0,0],"73":[0,0],"74":[0,0],"75":[0,0],"76":[0,0],"77":[0,0],"78":[0,0],"79":[0,0],"80":[1,0],"81":[0,0],"82":[0,0],"83":[0,0],"84":[0,0],"85":[0,0],"86":[0,0],"87":[0,0],"88":[0,0],"89":[0,0],"90":[0,0],"91":[0,0],"92":[0,0],"93":[0,0],"94":[0,0],"95":[0,0],"96":[0,0],"97":[0,0],"98":[0,0],"99":[0,0],"100":[0,0],"101":[0,0],"102":[0,0],"103":[0,0],"104":[0,0],"105":[0,0]},"f":{"1":3,"2":6,"3":0,"4":1,"5":0,"6":2,"7":0,"8":0,"9":0,"10":0,"11":0,"12":0,"13":0,"14":0,"15":0,"16":0,"17":0,"18":0,"19":0,"20":0,"21":0,"22":0,"23":0,"24":0,"25":1,"26":1,"27":1,"28":0,"29":0,"30":0,"31":0,"32":0,"33":0,"34":0,"35":0,"36":0,"37":0,"38":1,"39":0,"40":0,"41":0,"42":0,"43":0,"44":0,"45":0,"46":0,"47":0,"48":0,"49":0,"50":0,"51":0,"52":0,"53":0,"54":0,"55":0,"56":0,"57":1,"58":0,"59":0,"60":0,"61":0,"62":0,"63":0,"64":0,"65":0,"66":0,"67":0,"68":0},"fnMap":{"1":{"name":"constructor","line":30,"loc":{"start":{"line":30,"column":4},"end":{"line":32,"column":4}}},"2":{"name":"initialize","line":34,"loc":{"start":{"line":34,"column":4},"end":{"line":39,"column":4}}},"3":{"name":"_authorizeUpgrade","line":41,"loc":{"start":{"line":41,"column":4},"end":{"line":41,"column":87}}},"4":{"name":"createBounty","line":53,"loc":{"start":{"line":50,"column":4},"end":{"line":82,"column":4}}},"5":{"name":"children","line":84,"loc":{"start":{"line":84,"column":4},"end":{"line":86,"column":4}}},"6":{"name":"isChild","line":88,"loc":{"start":{"line":88,"column":4},"end":{"line":90,"column":4}}},"7":{"name":"transferPrimary","line":92,"loc":{"start":{"line":92,"column":4},"end":{"line":94,"column":4}}},"8":{"name":"getStore","line":96,"loc":{"start":{"line":96,"column":4},"end":{"line":98,"column":4}}},"9":{"name":"transferStore","line":100,"loc":{"start":{"line":100,"column":4},"end":{"line":102,"column":4}}},"10":{"name":"onlyFounder","line":149,"loc":{"start":{"line":149,"column":4},"end":{"line":152,"column":4}}},"11":{"name":"onlyOthers","line":154,"loc":{"start":{"line":154,"column":4},"end":{"line":157,"column":4}}},"12":{"name":"onlyApplied","line":159,"loc":{"start":{"line":159,"column":4},"end":{"line":162,"column":4}}},"13":{"name":"inApplyTime","line":164,"loc":{"start":{"line":164,"column":4},"end":{"line":167,"column":4}}},"14":{"name":"inReadyToWork","line":169,"loc":{"start":{"line":169,"column":4},"end":{"line":172,"column":4}}},"15":{"name":"inWorkStarted","line":174,"loc":{"start":{"line":174,"column":4},"end":{"line":177,"column":4}}},"16":{"name":"notCompleted","line":179,"loc":{"start":{"line":179,"column":4},"end":{"line":182,"column":4}}},"17":{"name":"notExpired","line":184,"loc":{"start":{"line":184,"column":4},"end":{"line":187,"column":4}}},"18":{"name":"depositLocked","line":189,"loc":{"start":{"line":189,"column":4},"end":{"line":192,"column":4}}},"19":{"name":"depositUnlock","line":194,"loc":{"start":{"line":194,"column":4},"end":{"line":197,"column":4}}},"20":{"name":"zeroDeposit","line":199,"loc":{"start":{"line":199,"column":4},"end":{"line":202,"column":4}}},"21":{"name":"nonzeroDeposit","line":204,"loc":{"start":{"line":204,"column":4},"end":{"line":207,"column":4}}},"22":{"name":"depositLocker","line":209,"loc":{"start":{"line":209,"column":4},"end":{"line":212,"column":4}}},"23":{"name":"depositUnlocker","line":214,"loc":{"start":{"line":214,"column":4},"end":{"line":217,"column":4}}},"24":{"name":"noReentrant","line":219,"loc":{"start":{"line":219,"column":4},"end":{"line":224,"column":4}}},"25":{"name":"zeroStore","line":226,"loc":{"start":{"line":226,"column":4},"end":{"line":229,"column":4}}},"26":{"name":"constructor","line":231,"loc":{"start":{"line":231,"column":4},"end":{"line":235,"column":4}}},"27":{"name":"init","line":237,"loc":{"start":{"line":237,"column":4},"end":{"line":253,"column":4}}},"28":{"name":"deposit","line":255,"loc":{"start":{"line":255,"column":4},"end":{"line":260,"column":4}}},"29":{"name":"release","line":262,"loc":{"start":{"line":262,"column":4},"end":{"line":264,"column":4}}},"30":{"name":"close","line":266,"loc":{"start":{"line":266,"column":4},"end":{"line":270,"column":4}}},"31":{"name":"approveApplicant","line":272,"loc":{"start":{"line":272,"column":4},"end":{"line":285,"column":4}}},"32":{"name":"unapproveApplicant","line":287,"loc":{"start":{"line":287,"column":4},"end":{"line":293,"column":4}}},"33":{"name":"applyFor","line":295,"loc":{"start":{"line":295,"column":4},"end":{"line":302,"column":4}}},"34":{"name":"releaseMyDeposit","line":304,"loc":{"start":{"line":304,"column":4},"end":{"line":307,"column":4}}},"35":{"name":"lock","line":309,"loc":{"start":{"line":309,"column":4},"end":{"line":312,"column":4}}},"36":{"name":"unlock","line":314,"loc":{"start":{"line":314,"column":4},"end":{"line":317,"column":4}}},"37":{"name":"postUpdate","line":319,"loc":{"start":{"line":319,"column":4},"end":{"line":322,"column":4}}},"38":{"name":"vaultAccount","line":324,"loc":{"start":{"line":324,"column":4},"end":{"line":326,"column":4}}},"39":{"name":"state","line":328,"loc":{"start":{"line":328,"column":4},"end":{"line":338,"column":4}}},"40":{"name":"whoAmI","line":340,"loc":{"start":{"line":340,"column":4},"end":{"line":342,"column":4}}},"41":{"name":"parameters","line":344,"loc":{"start":{"line":344,"column":4},"end":{"line":346,"column":4}}},"42":{"name":"transferPrimary","line":348,"loc":{"start":{"line":348,"column":4},"end":{"line":350,"column":4}}},"43":{"name":"getStore","line":352,"loc":{"start":{"line":352,"column":4},"end":{"line":354,"column":4}}},"44":{"name":"transferStore","line":356,"loc":{"start":{"line":356,"column":4},"end":{"line":358,"column":4}}},"45":{"name":"renounceOwnership","line":360,"loc":{"start":{"line":360,"column":4},"end":{"line":361,"column":4}}},"46":{"name":"_depositIsLocked","line":363,"loc":{"start":{"line":363,"column":4},"end":{"line":369,"column":4}}},"47":{"name":"_deposit","line":371,"loc":{"start":{"line":371,"column":4},"end":{"line":384,"column":4}}},"48":{"name":"_releaseAllDeposit","line":386,"loc":{"start":{"line":386,"column":4},"end":{"line":389,"column":4}}},"49":{"name":"_refuseOtherApplicants","line":391,"loc":{"start":{"line":391,"column":4},"end":{"line":399,"column":4}}},"50":{"name":"_refundFounder","line":401,"loc":{"start":{"line":401,"column":4},"end":{"line":406,"column":4}}},"51":{"name":"_refundApplicants","line":408,"loc":{"start":{"line":408,"column":4},"end":{"line":418,"column":4}}},"52":{"name":"_refundApplicant","line":420,"loc":{"start":{"line":420,"column":4},"end":{"line":426,"column":4}}},"53":{"name":"_refundDepositToken","line":428,"loc":{"start":{"line":428,"column":4},"end":{"line":440,"column":4}}},"54":{"name":"_addApplicant","line":442,"loc":{"start":{"line":442,"column":4},"end":{"line":449,"column":4}}},"55":{"name":"_getBalance","line":451,"loc":{"start":{"line":451,"column":4},"end":{"line":457,"column":4}}},"56":{"name":"_startTimer","line":459,"loc":{"start":{"line":459,"column":4},"end":{"line":461,"column":4}}},"57":{"name":"_statusFromTime","line":463,"loc":{"start":{"line":463,"column":4},"end":{"line":469,"column":4}}},"58":{"name":"_checkDepositLocker","line":471,"loc":{"start":{"line":471,"column":4},"end":{"line":479,"column":4}}},"59":{"name":"_checkDepositUnlocker","line":481,"loc":{"start":{"line":481,"column":4},"end":{"line":491,"column":4}}},"60":{"name":"_checkFounder","line":493,"loc":{"start":{"line":493,"column":4},"end":{"line":495,"column":4}}},"61":{"name":"_checkOthers","line":497,"loc":{"start":{"line":497,"column":4},"end":{"line":503,"column":4}}},"62":{"name":"_checkAppliedApplicant","line":505,"loc":{"start":{"line":505,"column":4},"end":{"line":508,"column":4}}},"63":{"name":"_checkInApplyTime","line":510,"loc":{"start":{"line":510,"column":4},"end":{"line":512,"column":4}}},"64":{"name":"_checkBountyStatus","line":514,"loc":{"start":{"line":514,"column":4},"end":{"line":516,"column":4}}},"65":{"name":"_checkNotBountyStatus","line":518,"loc":{"start":{"line":518,"column":4},"end":{"line":520,"column":4}}},"66":{"name":"_applicantState","line":522,"loc":{"start":{"line":522,"column":4},"end":{"line":536,"column":4}}},"67":{"name":"_whoIs","line":538,"loc":{"start":{"line":538,"column":4},"end":{"line":548,"column":4}}},"68":{"name":"_getApplicant","line":550,"loc":{"start":{"line":550,"column":4},"end":{"line":557,"column":4}}}},"statementMap":{"1":{"start":{"line":31,"column":8},"end":{"line":31,"column":29}},"2":{"start":{"line":35,"column":8},"end":{"line":35,"column":31}},"3":{"start":{"line":36,"column":8},"end":{"line":36,"column":31}},"4":{"start":{"line":37,"column":8},"end":{"line":37,"column":23}},"5":{"start":{"line":55,"column":8},"end":{"line":55,"column":84}},"6":{"start":{"line":56,"column":8},"end":{"line":56,"column":2027}},"7":{"start":{"line":63,"column":8},"end":{"line":63,"column":61}},"8":{"start":{"line":64,"column":8},"end":{"line":64,"column":25}},"9":{"start":{"line":65,"column":8},"end":{"line":65,"column":2429}},"10":{"start":{"line":66,"column":12},"end":{"line":66,"column":2484}},"11":{"start":{"line":67,"column":16},"end":{"line":67,"column":89}},"12":{"start":{"line":68,"column":16},"end":{"line":68,"column":98}},"13":{"start":{"line":69,"column":16},"end":{"line":69,"column":59}},"14":{"start":{"line":72,"column":16},"end":{"line":72,"column":59}},"15":{"start":{"line":73,"column":16},"end":{"line":73,"column":124}},"16":{"start":{"line":74,"column":16},"end":{"line":74,"column":141}},"17":{"start":{"line":75,"column":16},"end":{"line":75,"column":145}},"18":{"start":{"line":78,"column":8},"end":{"line":78,"column":43}},"19":{"start":{"line":80,"column":8},"end":{"line":80,"column":34}},"20":{"start":{"line":81,"column":8},"end":{"line":81,"column":56}},"21":{"start":{"line":85,"column":8},"end":{"line":85,"column":31}},"22":{"start":{"line":89,"column":8},"end":{"line":89,"column":39}},"23":{"start":{"line":93,"column":8},"end":{"line":93,"column":40}},"24":{"start":{"line":97,"column":8},"end":{"line":97,"column":29}},"25":{"start":{"line":150,"column":8},"end":{"line":150,"column":22}},"26":{"start":{"line":155,"column":8},"end":{"line":155,"column":21}},"27":{"start":{"line":160,"column":8},"end":{"line":160,"column":31}},"28":{"start":{"line":165,"column":8},"end":{"line":165,"column":26}},"29":{"start":{"line":170,"column":8},"end":{"line":170,"column":89}},"30":{"start":{"line":175,"column":8},"end":{"line":175,"column":88}},"31":{"start":{"line":180,"column":8},"end":{"line":180,"column":82}},"32":{"start":{"line":185,"column":8},"end":{"line":185,"column":78}},"33":{"start":{"line":190,"column":8},"end":{"line":190,"column":48}},"34":{"start":{"line":195,"column":8},"end":{"line":195,"column":49}},"35":{"start":{"line":200,"column":8},"end":{"line":200,"column":100}},"36":{"start":{"line":205,"column":8},"end":{"line":205,"column":91}},"37":{"start":{"line":210,"column":8},"end":{"line":210,"column":38}},"38":{"start":{"line":215,"column":8},"end":{"line":215,"column":40}},"39":{"start":{"line":220,"column":8},"end":{"line":220,"column":41}},"40":{"start":{"line":227,"column":8},"end":{"line":227,"column":65}},"41":{"start":{"line":246,"column":8},"end":{"line":246,"column":8100}},"42":{"start":{"line":252,"column":8},"end":{"line":252,"column":54}},"43":{"start":{"line":256,"column":8},"end":{"line":256,"column":53}},"44":{"start":{"line":257,"column":8},"end":{"line":257,"column":24}},"45":{"start":{"line":259,"column":8},"end":{"line":259,"column":63}},"46":{"start":{"line":263,"column":8},"end":{"line":263,"column":27}},"47":{"start":{"line":267,"column":8},"end":{"line":267,"column":116}},"48":{"start":{"line":269,"column":8},"end":{"line":269,"column":44}},"49":{"start":{"line":273,"column":8},"end":{"line":273,"column":65}},"50":{"start":{"line":274,"column":8},"end":{"line":274,"column":9328}},"51":{"start":{"line":277,"column":8},"end":{"line":277,"column":39}},"52":{"start":{"line":278,"column":8},"end":{"line":278,"column":59}},"53":{"start":{"line":281,"column":8},"end":{"line":281,"column":45}},"54":{"start":{"line":282,"column":8},"end":{"line":282,"column":47}},"55":{"start":{"line":283,"column":8},"end":{"line":283,"column":20}},"56":{"start":{"line":284,"column":8},"end":{"line":284,"column":42}},"57":{"start":{"line":288,"column":8},"end":{"line":288,"column":66}},"58":{"start":{"line":289,"column":8},"end":{"line":289,"column":72}},"59":{"start":{"line":290,"column":8},"end":{"line":290,"column":76}},"60":{"start":{"line":291,"column":8},"end":{"line":291,"column":46}},"61":{"start":{"line":292,"column":8},"end":{"line":292,"column":44}},"62":{"start":{"line":296,"column":8},"end":{"line":296,"column":92}},"63":{"start":{"line":297,"column":8},"end":{"line":297,"column":24}},"64":{"start":{"line":298,"column":8},"end":{"line":298,"column":66}},"65":{"start":{"line":300,"column":8},"end":{"line":300,"column":66}},"66":{"start":{"line":301,"column":8},"end":{"line":301,"column":79}},"67":{"start":{"line":305,"column":8},"end":{"line":305,"column":35}},"68":{"start":{"line":306,"column":8},"end":{"line":306,"column":76}},"69":{"start":{"line":311,"column":8},"end":{"line":311,"column":29}},"70":{"start":{"line":316,"column":8},"end":{"line":316,"column":31}},"71":{"start":{"line":320,"column":8},"end":{"line":320,"column":20}},"72":{"start":{"line":321,"column":8},"end":{"line":321,"column":45}},"73":{"start":{"line":325,"column":8},"end":{"line":325,"column":20}},"74":{"start":{"line":333,"column":8},"end":{"line":333,"column":71}},"75":{"start":{"line":334,"column":8},"end":{"line":334,"column":57}},"76":{"start":{"line":336,"column":8},"end":{"line":336,"column":12075}},"77":{"start":{"line":341,"column":8},"end":{"line":341,"column":33}},"78":{"start":{"line":345,"column":8},"end":{"line":345,"column":20}},"79":{"start":{"line":349,"column":8},"end":{"line":349,"column":39}},"80":{"start":{"line":353,"column":8},"end":{"line":353,"column":29}},"81":{"start":{"line":364,"column":8},"end":{"line":364,"column":12970}},"82":{"start":{"line":365,"column":12},"end":{"line":365,"column":30}},"83":{"start":{"line":367,"column":12},"end":{"line":367,"column":24}},"84":{"start":{"line":372,"column":8},"end":{"line":372,"column":13179}},"85":{"start":{"line":373,"column":12},"end":{"line":373,"column":13215}},"86":{"start":{"line":374,"column":16},"end":{"line":374,"column":70}},"87":{"start":{"line":376,"column":16},"end":{"line":376,"column":63}},"88":{"start":{"line":377,"column":16},"end":{"line":377,"column":59}},"89":{"start":{"line":379,"column":16},"end":{"line":379,"column":130}},"90":{"start":{"line":380,"column":16},"end":{"line":380,"column":115}},"91":{"start":{"line":381,"column":16},"end":{"line":381,"column":115}},"92":{"start":{"line":387,"column":8},"end":{"line":387,"column":23}},"93":{"start":{"line":388,"column":8},"end":{"line":388,"column":26}},"94":{"start":{"line":392,"column":8},"end":{"line":392,"column":57}},"95":{"start":{"line":393,"column":8},"end":{"line":393,"column":14216}},"96":{"start":{"line":394,"column":12},"end":{"line":394,"column":14275}},"97":{"start":{"line":395,"column":16},"end":{"line":395,"column":47}},"98":{"start":{"line":396,"column":16},"end":{"line":396,"column":87}},"99":{"start":{"line":402,"column":8},"end":{"line":402,"column":46}},"100":{"start":{"line":403,"column":8},"end":{"line":403,"column":103}},"101":{"start":{"line":405,"column":8},"end":{"line":405,"column":77}},"102":{"start":{"line":409,"column":8},"end":{"line":409,"column":57}},"103":{"start":{"line":410,"column":8},"end":{"line":410,"column":14936}},"104":{"start":{"line":411,"column":12},"end":{"line":411,"column":45}},"105":{"start":{"line":412,"column":12},"end":{"line":412,"column":37}},"106":{"start":{"line":413,"column":12},"end":{"line":413,"column":59}},"107":{"start":{"line":414,"column":12},"end":{"line":414,"column":15146}},"108":{"start":{"line":415,"column":16},"end":{"line":415,"column":82}},"109":{"start":{"line":421,"column":8},"end":{"line":421,"column":57}},"110":{"start":{"line":422,"column":8},"end":{"line":422,"column":102}},"111":{"start":{"line":424,"column":8},"end":{"line":424,"column":44}},"112":{"start":{"line":425,"column":8},"end":{"line":425,"column":82}},"113":{"start":{"line":429,"column":8},"end":{"line":429,"column":26}},"114":{"start":{"line":430,"column":8},"end":{"line":430,"column":15887}},"115":{"start":{"line":432,"column":12},"end":{"line":432,"column":15952}},"116":{"start":{"line":437,"column":12},"end":{"line":437,"column":44}},"117":{"start":{"line":439,"column":8},"end":{"line":439,"column":21}},"118":{"start":{"line":443,"column":8},"end":{"line":443,"column":55}},"119":{"start":{"line":444,"column":8},"end":{"line":444,"column":16408}},"120":{"start":{"line":445,"column":12},"end":{"line":445,"column":40}},"121":{"start":{"line":447,"column":8},"end":{"line":447,"column":60}},"122":{"start":{"line":448,"column":8},"end":{"line":448,"column":76}},"123":{"start":{"line":452,"column":8},"end":{"line":452,"column":16723}},"124":{"start":{"line":453,"column":12},"end":{"line":453,"column":35}},"125":{"start":{"line":455,"column":12},"end":{"line":455,"column":51}},"126":{"start":{"line":464,"column":8},"end":{"line":464,"column":17061}},"127":{"start":{"line":465,"column":12},"end":{"line":465,"column":43}},"128":{"start":{"line":467,"column":12},"end":{"line":467,"column":39}},"129":{"start":{"line":472,"column":8},"end":{"line":472,"column":30}},"130":{"start":{"line":473,"column":8},"end":{"line":473,"column":17350}},"131":{"start":{"line":474,"column":12},"end":{"line":474,"column":17407}},"132":{"start":{"line":478,"column":8},"end":{"line":478,"column":58}},"133":{"start":{"line":482,"column":8},"end":{"line":482,"column":32}},"134":{"start":{"line":483,"column":8},"end":{"line":483,"column":17727}},"135":{"start":{"line":484,"column":12},"end":{"line":484,"column":17786}},"136":{"start":{"line":487,"column":15},"end":{"line":487,"column":17920}},"137":{"start":{"line":490,"column":8},"end":{"line":490,"column":62}},"138":{"start":{"line":494,"column":8},"end":{"line":494,"column":66}},"139":{"start":{"line":498,"column":8},"end":{"line":498,"column":60}},"140":{"start":{"line":499,"column":8},"end":{"line":499,"column":60}},"141":{"start":{"line":500,"column":8},"end":{"line":500,"column":69}},"142":{"start":{"line":501,"column":8},"end":{"line":501,"column":70}},"143":{"start":{"line":502,"column":8},"end":{"line":502,"column":114}},"144":{"start":{"line":506,"column":8},"end":{"line":506,"column":67}},"145":{"start":{"line":507,"column":8},"end":{"line":507,"column":57}},"146":{"start":{"line":511,"column":8},"end":{"line":511,"column":92}},"147":{"start":{"line":515,"column":8},"end":{"line":515,"column":54}},"148":{"start":{"line":519,"column":8},"end":{"line":519,"column":54}},"149":{"start":{"line":524,"column":8},"end":{"line":524,"column":81}},"150":{"start":{"line":528,"column":8},"end":{"line":528,"column":19784}},"151":{"start":{"line":529,"column":12},"end":{"line":529,"column":19821}},"152":{"start":{"line":531,"column":19},"end":{"line":531,"column":19937}},"153":{"start":{"line":539,"column":8},"end":{"line":539,"column":40}},"154":{"start":{"line":540,"column":8},"end":{"line":540,"column":92}},"155":{"start":{"line":541,"column":8},"end":{"line":541,"column":20331}},"156":{"start":{"line":543,"column":15},"end":{"line":543,"column":20411}},"157":{"start":{"line":547,"column":8},"end":{"line":547,"column":47}},"158":{"start":{"line":551,"column":8},"end":{"line":551,"column":32}},"159":{"start":{"line":552,"column":8},"end":{"line":552,"column":71}},"160":{"start":{"line":553,"column":8},"end":{"line":553,"column":20813}},"161":{"start":{"line":556,"column":8},"end":{"line":556,"column":47}}},"branchMap":{"1":{"line":34,"type":"if","locations":[{"start":{"line":34,"column":33},"end":{"line":34,"column":33}},{"start":{"line":34,"column":33},"end":{"line":34,"column":33}}]},"2":{"line":41,"type":"if","locations":[{"start":{"line":41,"column":76},"end":{"line":41,"column":76}},{"start":{"line":41,"column":76},"end":{"line":41,"column":76}}]},"3":{"line":53,"type":"if","locations":[{"start":{"line":53,"column":8},"end":{"line":53,"column":8}},{"start":{"line":53,"column":8},"end":{"line":53,"column":8}}]},"4":{"line":55,"type":"if","locations":[{"start":{"line":55,"column":8},"end":{"line":55,"column":8}},{"start":{"line":55,"column":8},"end":{"line":55,"column":8}}]},"5":{"line":65,"type":"if","locations":[{"start":{"line":65,"column":8},"end":{"line":65,"column":8}},{"start":{"line":65,"column":8},"end":{"line":65,"column":8}}]},"6":{"line":66,"type":"if","locations":[{"start":{"line":66,"column":12},"end":{"line":66,"column":12}},{"start":{"line":66,"column":12},"end":{"line":66,"column":12}}]},"7":{"line":67,"type":"if","locations":[{"start":{"line":67,"column":16},"end":{"line":67,"column":16}},{"start":{"line":67,"column":16},"end":{"line":67,"column":16}}]},"8":{"line":69,"type":"if","locations":[{"start":{"line":69,"column":16},"end":{"line":69,"column":16}},{"start":{"line":69,"column":16},"end":{"line":69,"column":16}}]},"9":{"line":73,"type":"if","locations":[{"start":{"line":73,"column":16},"end":{"line":73,"column":16}},{"start":{"line":73,"column":16},"end":{"line":73,"column":16}}]},"10":{"line":74,"type":"if","locations":[{"start":{"line":74,"column":16},"end":{"line":74,"column":16}},{"start":{"line":74,"column":16},"end":{"line":74,"column":16}}]},"11":{"line":75,"type":"if","locations":[{"start":{"line":75,"column":16},"end":{"line":75,"column":16}},{"start":{"line":75,"column":16},"end":{"line":75,"column":16}}]},"12":{"line":92,"type":"if","locations":[{"start":{"line":92,"column":58},"end":{"line":92,"column":58}},{"start":{"line":92,"column":58},"end":{"line":92,"column":58}}]},"13":{"line":96,"type":"if","locations":[{"start":{"line":96,"column":33},"end":{"line":96,"column":33}},{"start":{"line":96,"column":33},"end":{"line":96,"column":33}}]},"14":{"line":100,"type":"if","locations":[{"start":{"line":100,"column":54},"end":{"line":100,"column":54}},{"start":{"line":100,"column":54},"end":{"line":100,"column":54}}]},"15":{"line":190,"type":"if","locations":[{"start":{"line":190,"column":8},"end":{"line":190,"column":8}},{"start":{"line":190,"column":8},"end":{"line":190,"column":8}}]},"16":{"line":195,"type":"if","locations":[{"start":{"line":195,"column":8},"end":{"line":195,"column":8}},{"start":{"line":195,"column":8},"end":{"line":195,"column":8}}]},"17":{"line":200,"type":"if","locations":[{"start":{"line":200,"column":8},"end":{"line":200,"column":8}},{"start":{"line":200,"column":8},"end":{"line":200,"column":8}}]},"18":{"line":205,"type":"if","locations":[{"start":{"line":205,"column":8},"end":{"line":205,"column":8}},{"start":{"line":205,"column":8},"end":{"line":205,"column":8}}]},"19":{"line":220,"type":"if","locations":[{"start":{"line":220,"column":8},"end":{"line":220,"column":8}},{"start":{"line":220,"column":8},"end":{"line":220,"column":8}}]},"20":{"line":227,"type":"if","locations":[{"start":{"line":227,"column":8},"end":{"line":227,"column":8}},{"start":{"line":227,"column":8},"end":{"line":227,"column":8}}]},"21":{"line":237,"type":"if","locations":[{"start":{"line":237,"column":59},"end":{"line":237,"column":59}},{"start":{"line":237,"column":59},"end":{"line":237,"column":59}}]},"22":{"line":237,"type":"if","locations":[{"start":{"line":237,"column":69},"end":{"line":237,"column":69}},{"start":{"line":237,"column":69},"end":{"line":237,"column":69}}]},"23":{"line":246,"type":"if","locations":[{"start":{"line":246,"column":8},"end":{"line":246,"column":8}},{"start":{"line":246,"column":8},"end":{"line":246,"column":8}}]},"24":{"line":255,"type":"if","locations":[{"start":{"line":255,"column":53},"end":{"line":255,"column":53}},{"start":{"line":255,"column":53},"end":{"line":255,"column":53}}]},"25":{"line":255,"type":"if","locations":[{"start":{"line":255,"column":65},"end":{"line":255,"column":65}},{"start":{"line":255,"column":65},"end":{"line":255,"column":65}}]},"26":{"line":256,"type":"if","locations":[{"start":{"line":256,"column":8},"end":{"line":256,"column":8}},{"start":{"line":256,"column":8},"end":{"line":256,"column":8}}]},"27":{"line":262,"type":"if","locations":[{"start":{"line":262,"column":38},"end":{"line":262,"column":38}},{"start":{"line":262,"column":38},"end":{"line":262,"column":38}}]},"28":{"line":262,"type":"if","locations":[{"start":{"line":262,"column":50},"end":{"line":262,"column":50}},{"start":{"line":262,"column":50},"end":{"line":262,"column":50}}]},"29":{"line":262,"type":"if","locations":[{"start":{"line":262,"column":64},"end":{"line":262,"column":64}},{"start":{"line":262,"column":64},"end":{"line":262,"column":64}}]},"30":{"line":266,"type":"if","locations":[{"start":{"line":266,"column":36},"end":{"line":266,"column":36}},{"start":{"line":266,"column":36},"end":{"line":266,"column":36}}]},"31":{"line":266,"type":"if","locations":[{"start":{"line":266,"column":48},"end":{"line":266,"column":48}},{"start":{"line":266,"column":48},"end":{"line":266,"column":48}}]},"32":{"line":266,"type":"if","locations":[{"start":{"line":266,"column":60},"end":{"line":266,"column":60}},{"start":{"line":266,"column":60},"end":{"line":266,"column":60}}]},"33":{"line":266,"type":"if","locations":[{"start":{"line":266,"column":73},"end":{"line":266,"column":73}},{"start":{"line":266,"column":73},"end":{"line":266,"column":73}}]},"34":{"line":267,"type":"if","locations":[{"start":{"line":267,"column":8},"end":{"line":267,"column":8}},{"start":{"line":267,"column":8},"end":{"line":267,"column":8}}]},"35":{"line":272,"type":"if","locations":[{"start":{"line":272,"column":55},"end":{"line":272,"column":55}},{"start":{"line":272,"column":55},"end":{"line":272,"column":55}}]},"36":{"line":272,"type":"if","locations":[{"start":{"line":272,"column":67},"end":{"line":272,"column":67}},{"start":{"line":272,"column":67},"end":{"line":272,"column":67}}]},"37":{"line":274,"type":"if","locations":[{"start":{"line":274,"column":8},"end":{"line":274,"column":8}},{"start":{"line":274,"column":8},"end":{"line":274,"column":8}}]},"38":{"line":274,"type":"cond-expr","locations":[{"start":{"line":274,"column":16},"end":{"line":274,"column":34}},{"start":{"line":274,"column":39},"end":{"line":274,"column":100}}]},"39":{"line":287,"type":"if","locations":[{"start":{"line":287,"column":57},"end":{"line":287,"column":57}},{"start":{"line":287,"column":57},"end":{"line":287,"column":57}}]},"40":{"line":287,"type":"if","locations":[{"start":{"line":287,"column":69},"end":{"line":287,"column":69}},{"start":{"line":287,"column":69},"end":{"line":287,"column":69}}]},"41":{"line":289,"type":"if","locations":[{"start":{"line":289,"column":8},"end":{"line":289,"column":8}},{"start":{"line":289,"column":8},"end":{"line":289,"column":8}}]},"42":{"line":295,"type":"if","locations":[{"start":{"line":295,"column":54},"end":{"line":295,"column":54}},{"start":{"line":295,"column":54},"end":{"line":295,"column":54}}]},"43":{"line":295,"type":"if","locations":[{"start":{"line":295,"column":65},"end":{"line":295,"column":65}},{"start":{"line":295,"column":65},"end":{"line":295,"column":65}}]},"44":{"line":295,"type":"if","locations":[{"start":{"line":295,"column":77},"end":{"line":295,"column":77}},{"start":{"line":295,"column":77},"end":{"line":295,"column":77}}]},"45":{"line":295,"type":"if","locations":[{"start":{"line":295,"column":91},"end":{"line":295,"column":91}},{"start":{"line":295,"column":91},"end":{"line":295,"column":91}}]},"46":{"line":296,"type":"if","locations":[{"start":{"line":296,"column":8},"end":{"line":296,"column":8}},{"start":{"line":296,"column":8},"end":{"line":296,"column":8}}]},"47":{"line":304,"type":"if","locations":[{"start":{"line":304,"column":47},"end":{"line":304,"column":47}},{"start":{"line":304,"column":47},"end":{"line":304,"column":47}}]},"48":{"line":304,"type":"if","locations":[{"start":{"line":304,"column":59},"end":{"line":304,"column":59}},{"start":{"line":304,"column":59},"end":{"line":304,"column":59}}]},"49":{"line":304,"type":"if","locations":[{"start":{"line":304,"column":73},"end":{"line":304,"column":73}},{"start":{"line":304,"column":73},"end":{"line":304,"column":73}}]},"50":{"line":304,"type":"if","locations":[{"start":{"line":304,"column":87},"end":{"line":304,"column":87}},{"start":{"line":304,"column":87},"end":{"line":304,"column":87}}]},"51":{"line":309,"type":"if","locations":[{"start":{"line":309,"column":35},"end":{"line":309,"column":35}},{"start":{"line":309,"column":35},"end":{"line":309,"column":35}}]},"52":{"line":309,"type":"if","locations":[{"start":{"line":309,"column":49},"end":{"line":309,"column":49}},{"start":{"line":309,"column":49},"end":{"line":309,"column":49}}]},"53":{"line":314,"type":"if","locations":[{"start":{"line":314,"column":37},"end":{"line":314,"column":37}},{"start":{"line":314,"column":37},"end":{"line":314,"column":37}}]},"54":{"line":314,"type":"if","locations":[{"start":{"line":314,"column":53},"end":{"line":314,"column":53}},{"start":{"line":314,"column":53},"end":{"line":314,"column":53}}]},"55":{"line":319,"type":"if","locations":[{"start":{"line":319,"column":33},"end":{"line":319,"column":33}},{"start":{"line":319,"column":33},"end":{"line":319,"column":33}}]},"56":{"line":319,"type":"if","locations":[{"start":{"line":319,"column":47},"end":{"line":319,"column":47}},{"start":{"line":319,"column":47},"end":{"line":319,"column":47}}]},"57":{"line":324,"type":"if","locations":[{"start":{"line":324,"column":40},"end":{"line":324,"column":40}},{"start":{"line":324,"column":40},"end":{"line":324,"column":40}}]},"58":{"line":348,"type":"if","locations":[{"start":{"line":348,"column":57},"end":{"line":348,"column":57}},{"start":{"line":348,"column":57},"end":{"line":348,"column":57}}]},"59":{"line":352,"type":"if","locations":[{"start":{"line":352,"column":33},"end":{"line":352,"column":33}},{"start":{"line":352,"column":33},"end":{"line":352,"column":33}}]},"60":{"line":356,"type":"if","locations":[{"start":{"line":356,"column":62},"end":{"line":356,"column":62}},{"start":{"line":356,"column":62},"end":{"line":356,"column":62}}]},"61":{"line":360,"type":"if","locations":[{"start":{"line":360,"column":49},"end":{"line":360,"column":49}},{"start":{"line":360,"column":49},"end":{"line":360,"column":49}}]},"62":{"line":364,"type":"if","locations":[{"start":{"line":364,"column":8},"end":{"line":364,"column":8}},{"start":{"line":364,"column":8},"end":{"line":364,"column":8}}]},"63":{"line":364,"type":"cond-expr","locations":[{"start":{"line":364,"column":12},"end":{"line":364,"column":24}},{"start":{"line":364,"column":29},"end":{"line":364,"column":54}}]},"64":{"line":372,"type":"if","locations":[{"start":{"line":372,"column":8},"end":{"line":372,"column":8}},{"start":{"line":372,"column":8},"end":{"line":372,"column":8}}]},"65":{"line":373,"type":"if","locations":[{"start":{"line":373,"column":12},"end":{"line":373,"column":12}},{"start":{"line":373,"column":12},"end":{"line":373,"column":12}}]},"66":{"line":374,"type":"if","locations":[{"start":{"line":374,"column":16},"end":{"line":374,"column":16}},{"start":{"line":374,"column":16},"end":{"line":374,"column":16}}]},"67":{"line":377,"type":"if","locations":[{"start":{"line":377,"column":16},"end":{"line":377,"column":16}},{"start":{"line":377,"column":16},"end":{"line":377,"column":16}}]},"68":{"line":379,"type":"if","locations":[{"start":{"line":379,"column":16},"end":{"line":379,"column":16}},{"start":{"line":379,"column":16},"end":{"line":379,"column":16}}]},"69":{"line":380,"type":"if","locations":[{"start":{"line":380,"column":16},"end":{"line":380,"column":16}},{"start":{"line":380,"column":16},"end":{"line":380,"column":16}}]},"70":{"line":381,"type":"if","locations":[{"start":{"line":381,"column":16},"end":{"line":381,"column":16}},{"start":{"line":381,"column":16},"end":{"line":381,"column":16}}]},"71":{"line":394,"type":"if","locations":[{"start":{"line":394,"column":12},"end":{"line":394,"column":12}},{"start":{"line":394,"column":12},"end":{"line":394,"column":12}}]},"72":{"line":403,"type":"if","locations":[{"start":{"line":403,"column":8},"end":{"line":403,"column":8}},{"start":{"line":403,"column":8},"end":{"line":403,"column":8}}]},"73":{"line":414,"type":"if","locations":[{"start":{"line":414,"column":12},"end":{"line":414,"column":12}},{"start":{"line":414,"column":12},"end":{"line":414,"column":12}}]},"74":{"line":422,"type":"if","locations":[{"start":{"line":422,"column":8},"end":{"line":422,"column":8}},{"start":{"line":422,"column":8},"end":{"line":422,"column":8}}]},"75":{"line":430,"type":"if","locations":[{"start":{"line":430,"column":8},"end":{"line":430,"column":8}},{"start":{"line":430,"column":8},"end":{"line":430,"column":8}}]},"76":{"line":432,"type":"if","locations":[{"start":{"line":432,"column":12},"end":{"line":432,"column":12}},{"start":{"line":432,"column":12},"end":{"line":432,"column":12}}]},"77":{"line":437,"type":"if","locations":[{"start":{"line":437,"column":12},"end":{"line":437,"column":12}},{"start":{"line":437,"column":12},"end":{"line":437,"column":12}}]},"78":{"line":444,"type":"if","locations":[{"start":{"line":444,"column":8},"end":{"line":444,"column":8}},{"start":{"line":444,"column":8},"end":{"line":444,"column":8}}]},"79":{"line":452,"type":"if","locations":[{"start":{"line":452,"column":8},"end":{"line":452,"column":8}},{"start":{"line":452,"column":8},"end":{"line":452,"column":8}}]},"80":{"line":464,"type":"if","locations":[{"start":{"line":464,"column":8},"end":{"line":464,"column":8}},{"start":{"line":464,"column":8},"end":{"line":464,"column":8}}]},"81":{"line":473,"type":"if","locations":[{"start":{"line":473,"column":8},"end":{"line":473,"column":8}},{"start":{"line":473,"column":8},"end":{"line":473,"column":8}}]},"82":{"line":474,"type":"if","locations":[{"start":{"line":474,"column":12},"end":{"line":474,"column":12}},{"start":{"line":474,"column":12},"end":{"line":474,"column":12}}]},"83":{"line":474,"type":"cond-expr","locations":[{"start":{"line":474,"column":16},"end":{"line":474,"column":28}},{"start":{"line":474,"column":33},"end":{"line":474,"column":77}}]},"84":{"line":478,"type":"if","locations":[{"start":{"line":478,"column":8},"end":{"line":478,"column":8}},{"start":{"line":478,"column":8},"end":{"line":478,"column":8}}]},"85":{"line":483,"type":"if","locations":[{"start":{"line":483,"column":8},"end":{"line":483,"column":8}},{"start":{"line":483,"column":8},"end":{"line":483,"column":8}}]},"86":{"line":484,"type":"if","locations":[{"start":{"line":484,"column":12},"end":{"line":484,"column":12}},{"start":{"line":484,"column":12},"end":{"line":484,"column":12}}]},"87":{"line":484,"type":"cond-expr","locations":[{"start":{"line":484,"column":16},"end":{"line":484,"column":28}},{"start":{"line":484,"column":33},"end":{"line":484,"column":77}}]},"88":{"line":487,"type":"if","locations":[{"start":{"line":487,"column":15},"end":{"line":487,"column":15}},{"start":{"line":487,"column":15},"end":{"line":487,"column":15}}]},"89":{"line":490,"type":"if","locations":[{"start":{"line":490,"column":8},"end":{"line":490,"column":8}},{"start":{"line":490,"column":8},"end":{"line":490,"column":8}}]},"90":{"line":494,"type":"if","locations":[{"start":{"line":494,"column":8},"end":{"line":494,"column":8}},{"start":{"line":494,"column":8},"end":{"line":494,"column":8}}]},"91":{"line":498,"type":"if","locations":[{"start":{"line":498,"column":8},"end":{"line":498,"column":8}},{"start":{"line":498,"column":8},"end":{"line":498,"column":8}}]},"92":{"line":499,"type":"if","locations":[{"start":{"line":499,"column":8},"end":{"line":499,"column":8}},{"start":{"line":499,"column":8},"end":{"line":499,"column":8}}]},"93":{"line":500,"type":"if","locations":[{"start":{"line":500,"column":8},"end":{"line":500,"column":8}},{"start":{"line":500,"column":8},"end":{"line":500,"column":8}}]},"94":{"line":502,"type":"if","locations":[{"start":{"line":502,"column":8},"end":{"line":502,"column":8}},{"start":{"line":502,"column":8},"end":{"line":502,"column":8}}]},"95":{"line":502,"type":"cond-expr","locations":[{"start":{"line":502,"column":16},"end":{"line":502,"column":30}},{"start":{"line":502,"column":33},"end":{"line":502,"column":88}}]},"96":{"line":507,"type":"if","locations":[{"start":{"line":507,"column":8},"end":{"line":507,"column":8}},{"start":{"line":507,"column":8},"end":{"line":507,"column":8}}]},"97":{"line":511,"type":"if","locations":[{"start":{"line":511,"column":8},"end":{"line":511,"column":8}},{"start":{"line":511,"column":8},"end":{"line":511,"column":8}}]},"98":{"line":515,"type":"if","locations":[{"start":{"line":515,"column":8},"end":{"line":515,"column":8}},{"start":{"line":515,"column":8},"end":{"line":515,"column":8}}]},"99":{"line":519,"type":"if","locations":[{"start":{"line":519,"column":8},"end":{"line":519,"column":8}},{"start":{"line":519,"column":8},"end":{"line":519,"column":8}}]},"100":{"line":528,"type":"if","locations":[{"start":{"line":528,"column":8},"end":{"line":528,"column":8}},{"start":{"line":528,"column":8},"end":{"line":528,"column":8}}]},"101":{"line":529,"type":"if","locations":[{"start":{"line":529,"column":12},"end":{"line":529,"column":12}},{"start":{"line":529,"column":12},"end":{"line":529,"column":12}}]},"102":{"line":531,"type":"if","locations":[{"start":{"line":531,"column":19},"end":{"line":531,"column":19}},{"start":{"line":531,"column":19},"end":{"line":531,"column":19}}]},"103":{"line":541,"type":"if","locations":[{"start":{"line":541,"column":8},"end":{"line":541,"column":8}},{"start":{"line":541,"column":8},"end":{"line":541,"column":8}}]},"104":{"line":543,"type":"if","locations":[{"start":{"line":543,"column":15},"end":{"line":543,"column":15}},{"start":{"line":543,"column":15},"end":{"line":543,"column":15}}]},"105":{"line":553,"type":"if","locations":[{"start":{"line":553,"column":8},"end":{"line":553,"column":8}},{"start":{"line":553,"column":8},"end":{"line":553,"column":8}}]}}},"contracts\\BountyStore.sol":{"l":{"21":0,"25":0,"26":0,"30":0,"34":0,"38":0,"42":0,"43":0,"47":0,"51":0,"55":0,"56":0,"60":0,"64":0,"68":0,"72":0},"path":"D:\\personalDoc\\DijiaCoder\\Meta-Node-Dao\\meta-land-contract\\contracts\\BountyStore.sol","s":{"1":0,"2":0,"3":0,"4":0,"5":0,"6":0,"7":0,"8":0,"9":0,"10":0},"b":{"1":[0,0],"2":[0,0],"3":[0,0],"4":[0,0],"5":[0,0],"6":[0,0],"7":[0,0],"8":[0,0],"9":[0,0],"10":[0,0],"11":[0,0],"12":[0,0]},"f":{"1":0,"2":0,"3":0,"4":0,"5":0,"6":0,"7":0,"8":0,"9":0,"10":0,"11":0,"12":0},"fnMap":{"1":{"name":"transfer","line":24,"loc":{"start":{"line":24,"column":4},"end":{"line":27,"column":4}}},"2":{"name":"transferToken","line":29,"loc":{"start":{"line":29,"column":4},"end":{"line":31,"column":4}}},"3":{"name":"applicants","line":33,"loc":{"start":{"line":33,"column":4},"end":{"line":35,"column":4}}},"4":{"name":"pushApplicant","line":37,"loc":{"start":{"line":37,"column":4},"end":{"line":39,"column":4}}},"5":{"name":"putApplicant","line":41,"loc":{"start":{"line":41,"column":4},"end":{"line":44,"column":4}}},"6":{"name":"putApplicantAmount","line":46,"loc":{"start":{"line":46,"column":4},"end":{"line":48,"column":4}}},"7":{"name":"putApplicantStatus","line":50,"loc":{"start":{"line":50,"column":4},"end":{"line":52,"column":4}}},"8":{"name":"getApplicant","line":54,"loc":{"start":{"line":54,"column":4},"end":{"line":57,"column":4}}},"9":{"name":"putDepositLocker","line":59,"loc":{"start":{"line":59,"column":4},"end":{"line":61,"column":4}}},"10":{"name":"getDepositLocker","line":63,"loc":{"start":{"line":63,"column":4},"end":{"line":65,"column":4}}},"11":{"name":"putDepositUnlocker","line":67,"loc":{"start":{"line":67,"column":4},"end":{"line":69,"column":4}}},"12":{"name":"getDepositUnlocker","line":71,"loc":{"start":{"line":71,"column":4},"end":{"line":73,"column":4}}}},"statementMap":{"1":{"start":{"line":25,"column":8},"end":{"line":25,"column":53}},"2":{"start":{"line":26,"column":8},"end":{"line":26,"column":21}},"3":{"start":{"line":30,"column":8},"end":{"line":30,"column":44}},"4":{"start":{"line":34,"column":8},"end":{"line":34,"column":30}},"5":{"start":{"line":38,"column":8},"end":{"line":38,"column":37}},"6":{"start":{"line":42,"column":8},"end":{"line":42,"column":56}},"7":{"start":{"line":55,"column":8},"end":{"line":55,"column":55}},"8":{"start":{"line":56,"column":8},"end":{"line":56,"column":35}},"9":{"start":{"line":64,"column":8},"end":{"line":64,"column":45}},"10":{"start":{"line":72,"column":8},"end":{"line":72,"column":47}}},"branchMap":{"1":{"line":24,"type":"if","locations":[{"start":{"line":24,"column":59},"end":{"line":24,"column":59}},{"start":{"line":24,"column":59},"end":{"line":24,"column":59}}]},"2":{"line":29,"type":"if","locations":[{"start":{"line":29,"column":79},"end":{"line":29,"column":79}},{"start":{"line":29,"column":79},"end":{"line":29,"column":79}}]},"3":{"line":33,"type":"if","locations":[{"start":{"line":33,"column":38},"end":{"line":33,"column":38}},{"start":{"line":33,"column":38},"end":{"line":33,"column":38}}]},"4":{"line":37,"type":"if","locations":[{"start":{"line":37,"column":52},"end":{"line":37,"column":52}},{"start":{"line":37,"column":52},"end":{"line":37,"column":52}}]},"5":{"line":41,"type":"if","locations":[{"start":{"line":41,"column":83},"end":{"line":41,"column":83}},{"start":{"line":41,"column":83},"end":{"line":41,"column":83}}]},"6":{"line":46,"type":"if","locations":[{"start":{"line":46,"column":74},"end":{"line":46,"column":74}},{"start":{"line":46,"column":74},"end":{"line":46,"column":74}}]},"7":{"line":50,"type":"if","locations":[{"start":{"line":50,"column":72},"end":{"line":50,"column":72}},{"start":{"line":50,"column":72},"end":{"line":50,"column":72}}]},"8":{"line":54,"type":"if","locations":[{"start":{"line":54,"column":56},"end":{"line":54,"column":56}},{"start":{"line":54,"column":56},"end":{"line":54,"column":56}}]},"9":{"line":59,"type":"if","locations":[{"start":{"line":59,"column":67},"end":{"line":59,"column":67}},{"start":{"line":59,"column":67},"end":{"line":59,"column":67}}]},"10":{"line":63,"type":"if","locations":[{"start":{"line":63,"column":60},"end":{"line":63,"column":60}},{"start":{"line":63,"column":60},"end":{"line":63,"column":60}}]},"11":{"line":67,"type":"if","locations":[{"start":{"line":67,"column":69},"end":{"line":67,"column":69}},{"start":{"line":67,"column":69},"end":{"line":67,"column":69}}]},"12":{"line":71,"type":"if","locations":[{"start":{"line":71,"column":62},"end":{"line":71,"column":62}},{"start":{"line":71,"column":62},"end":{"line":71,"column":62}}]}}},"contracts\\common\\Erc20.sol":{"l":{"39":0,"40":0,"41":0,"42":0,"50":0,"52":0,"54":0,"56":0,"58":0,"60":0,"61":0,"63":0,"75":0,"76":0,"89":0,"90":0,"91":0,"92":0,"105":0,"106":0,"107":0,"122":0,"123":0,"124":0,"125":0,"137":0,"138":0,"139":0,"140":0,"141":0,"153":0,"154":0,"155":0,"156":0,"157":0,"158":0,"159":0},"path":"D:\\personalDoc\\DijiaCoder\\Meta-Node-Dao\\meta-land-contract\\contracts\\common\\Erc20.sol","s":{"1":0,"2":0,"3":0,"4":0,"5":0,"6":0,"7":0,"8":0,"9":0,"10":0,"11":0,"12":0,"13":0,"14":0,"15":0,"16":0,"17":0,"18":0,"19":0,"20":0,"21":0,"22":0,"23":0,"24":0},"b":{"1":[0,0],"2":[0,0],"3":[0,0],"4":[0,0],"5":[0,0],"6":[0,0],"7":[0,0],"8":[0,0]},"f":{"1":0,"2":0,"3":0,"4":0,"5":0,"6":0,"7":0,"8":0},"fnMap":{"1":{"name":"constructor","line":34,"loc":{"start":{"line":34,"column":4},"end":{"line":43,"column":4}}},"2":{"name":"_transfer","line":48,"loc":{"start":{"line":48,"column":4},"end":{"line":64,"column":4}}},"3":{"name":"transfer","line":74,"loc":{"start":{"line":74,"column":4},"end":{"line":77,"column":4}}},"4":{"name":"transferFrom","line":88,"loc":{"start":{"line":88,"column":4},"end":{"line":93,"column":4}}},"5":{"name":"approve","line":103,"loc":{"start":{"line":103,"column":4},"end":{"line":108,"column":4}}},"6":{"name":"approveAndCall","line":119,"loc":{"start":{"line":119,"column":4},"end":{"line":127,"column":4}}},"7":{"name":"burn","line":136,"loc":{"start":{"line":136,"column":4},"end":{"line":142,"column":4}}},"8":{"name":"burnFrom","line":152,"loc":{"start":{"line":152,"column":4},"end":{"line":160,"column":4}}}},"statementMap":{"1":{"start":{"line":50,"column":8},"end":{"line":50,"column":35}},"2":{"start":{"line":52,"column":8},"end":{"line":52,"column":42}},"3":{"start":{"line":54,"column":8},"end":{"line":54,"column":57}},"4":{"start":{"line":56,"column":8},"end":{"line":56,"column":65}},"5":{"start":{"line":61,"column":8},"end":{"line":61,"column":41}},"6":{"start":{"line":63,"column":8},"end":{"line":63,"column":68}},"7":{"start":{"line":75,"column":8},"end":{"line":75,"column":41}},"8":{"start":{"line":76,"column":8},"end":{"line":76,"column":19}},"9":{"start":{"line":89,"column":8},"end":{"line":89,"column":54}},"10":{"start":{"line":91,"column":8},"end":{"line":91,"column":36}},"11":{"start":{"line":92,"column":8},"end":{"line":92,"column":19}},"12":{"start":{"line":106,"column":8},"end":{"line":106,"column":51}},"13":{"start":{"line":107,"column":8},"end":{"line":107,"column":19}},"14":{"start":{"line":122,"column":8},"end":{"line":122,"column":57}},"15":{"start":{"line":123,"column":8},"end":{"line":123,"column":4747}},"16":{"start":{"line":124,"column":12},"end":{"line":124,"column":81}},"17":{"start":{"line":125,"column":12},"end":{"line":125,"column":23}},"18":{"start":{"line":137,"column":8},"end":{"line":137,"column":47}},"19":{"start":{"line":140,"column":8},"end":{"line":140,"column":37}},"20":{"start":{"line":141,"column":8},"end":{"line":141,"column":19}},"21":{"start":{"line":153,"column":8},"end":{"line":153,"column":42}},"22":{"start":{"line":154,"column":8},"end":{"line":154,"column":54}},"23":{"start":{"line":158,"column":8},"end":{"line":158,"column":32}},"24":{"start":{"line":159,"column":8},"end":{"line":159,"column":19}}},"branchMap":{"1":{"line":50,"type":"if","locations":[{"start":{"line":50,"column":8},"end":{"line":50,"column":8}},{"start":{"line":50,"column":8},"end":{"line":50,"column":8}}]},"2":{"line":52,"type":"if","locations":[{"start":{"line":52,"column":8},"end":{"line":52,"column":8}},{"start":{"line":52,"column":8},"end":{"line":52,"column":8}}]},"3":{"line":54,"type":"if","locations":[{"start":{"line":54,"column":8},"end":{"line":54,"column":8}},{"start":{"line":54,"column":8},"end":{"line":54,"column":8}}]},"4":{"line":89,"type":"if","locations":[{"start":{"line":89,"column":8},"end":{"line":89,"column":8}},{"start":{"line":89,"column":8},"end":{"line":89,"column":8}}]},"5":{"line":123,"type":"if","locations":[{"start":{"line":123,"column":8},"end":{"line":123,"column":8}},{"start":{"line":123,"column":8},"end":{"line":123,"column":8}}]},"6":{"line":137,"type":"if","locations":[{"start":{"line":137,"column":8},"end":{"line":137,"column":8}},{"start":{"line":137,"column":8},"end":{"line":137,"column":8}}]},"7":{"line":153,"type":"if","locations":[{"start":{"line":153,"column":8},"end":{"line":153,"column":8}},{"start":{"line":153,"column":8},"end":{"line":153,"column":8}}]},"8":{"line":154,"type":"if","locations":[{"start":{"line":154,"column":8},"end":{"line":154,"column":8}},{"start":{"line":154,"column":8},"end":{"line":154,"column":8}}]}}},"contracts\\Crowdfunding.sol":{"l":{"25":0,"26":0,"27":0,"28":0,"29":0,"30":0,"34":0,"38":0,"40":0,"41":0,"42":0,"44":0,"48":0,"49":0,"55":0,"56":0,"57":0,"60":0,"61":0,"63":0,"64":0,"66":0,"74":0,"75":0,"76":0,"77":0,"81":0,"85":0,"89":0,"93":0,"99":0,"103":0,"107":0,"111":0,"115":0,"116":0,"118":0,"122":0,"123":0,"125":0,"129":0,"217":0,"218":0,"222":0,"223":0,"227":0,"228":0,"232":0,"233":0,"237":0,"238":0,"242":0,"243":0,"244":0,"245":0,"249":0,"250":0,"259":0,"260":0,"261":0,"262":0,"268":0,"269":0,"270":0,"271":0,"272":0,"273":0,"274":0,"275":0,"276":0,"278":0,"279":0,"280":0,"283":0,"284":0,"285":0,"292":0,"308":0,"309":0,"310":0,"313":0,"314":0,"317":0,"318":0,"320":0,"321":0,"322":0,"323":0,"325":0,"326":0,"328":0,"332":0,"333":0,"337":0,"338":0,"341":0,"342":0,"345":0,"346":0,"349":0,"356":0,"360":0,"361":0,"363":0,"364":0,"365":0,"366":0,"367":0,"368":0,"377":0,"384":0,"385":0,"388":0,"389":0,"405":0,"407":0,"408":0,"410":0,"412":0,"413":0,"416":0,"417":0,"420":0,"421":0,"424":0,"425":0,"427":0,"430":0,"431":0,"433":0,"434":0,"439":0,"440":0,"442":0,"445":0,"448":0,"449":0,"450":0,"451":0,"452":0,"461":0,"465":0,"474":0,"475":0,"477":0,"478":0,"482":0,"483":0,"484":0,"487":0,"488":0,"489":0,"498":0,"499":0,"506":0,"507":0,"509":0,"510":0,"526":0,"527":0,"538":0,"553":0,"554":0,"555":0,"558":0,"587":0,"605":0,"613":0,"621":0,"629":0,"633":0,"637":0,"657":0,"658":0,"660":0,"661":0,"663":0,"664":0,"671":0,"675":0,"677":0,"678":0,"680":0,"681":0,"685":0,"686":0,"688":0,"689":0,"699":0,"700":0,"706":0,"707":0,"709":0,"710":0,"711":0,"719":0,"739":0,"743":0,"744":0,"745":0,"746":0,"748":0,"750":0,"754":0,"755":0,"756":0,"757":0,"760":0,"761":0,"768":0,"772":0,"773":0,"774":0,"780":0,"784":0,"785":0,"787":0,"792":0,"798":0,"805":0,"806":0,"818":0,"819":0,"830":0,"831":0,"835":0,"836":0,"842":0,"843":0,"844":0,"850":0,"851":0,"860":0,"861":0,"862":0,"863":0,"865":0,"885":0,"886":0,"890":0,"894":0,"898":0,"902":0,"903":0,"909":0,"910":0,"912":0,"913":0,"921":0,"922":0,"928":0,"929":0,"934":0,"939":0,"940":0,"946":0,"947":0,"949":0,"951":0},"path":"D:\\personalDoc\\DijiaCoder\\Meta-Node-Dao\\meta-land-contract\\contracts\\Crowdfunding.sol","s":{"1":0,"2":0,"3":0,"4":0,"5":0,"6":0,"7":0,"8":0,"9":0,"10":0,"11":0,"12":0,"13":0,"14":0,"15":0,"16":0,"17":0,"18":0,"19":0,"20":0,"21":0,"22":0,"23":0,"24":0,"25":0,"26":0,"27":0,"28":0,"29":0,"30":0,"31":0,"32":0,"33":0,"34":0,"35":0,"36":0,"37":0,"38":0,"39":0,"40":0,"41":0,"42":0,"43":0,"44":0,"45":0,"46":0,"47":0,"48":0,"49":0,"50":0,"51":0,"52":0,"53":0,"54":0,"55":0,"56":0,"57":0,"58":0,"59":0,"60":0,"61":0,"62":0,"63":0,"64":0,"65":0,"66":0,"67":0,"68":0,"69":0,"70":0,"71":0,"72":0,"73":0,"74":0,"75":0,"76":0,"77":0,"78":0,"79":0,"80":0,"81":0,"82":0,"83":0,"84":0,"85":0,"86":0,"87":0,"88":0,"89":0,"90":0,"91":0,"92":0,"93":0,"94":0,"95":0,"96":0,"97":0,"98":0,"99":0,"100":0,"101":0,"102":0,"103":0,"104":0,"105":0,"106":0,"107":0,"108":0,"109":0,"110":0,"111":0,"112":0,"113":0,"114":0,"115":0,"116":0,"117":0,"118":0,"119":0,"120":0,"121":0,"122":0,"123":0,"124":0,"125":0,"126":0,"127":0,"128":0,"129":0,"130":0,"131":0,"132":0,"133":0,"134":0,"135":0,"136":0,"137":0,"138":0,"139":0,"140":0,"141":0,"142":0,"143":0,"144":0,"145":0,"146":0,"147":0,"148":0,"149":0,"150":0,"151":0,"152":0,"153":0,"154":0,"155":0,"156":0,"157":0,"158":0},"b":{"1":[0,0],"2":[0,0],"3":[0,0],"4":[0,0],"5":[0,0],"6":[0,0],"7":[0,0],"8":[0,0],"9":[0,0],"10":[0,0],"11":[0,0],"12":[0,0],"13":[0,0],"14":[0,0],"15":[0,0],"16":[0,0],"17":[0,0],"18":[0,0],"19":[0,0],"20":[0,0],"21":[0,0],"22":[0,0],"23":[0,0],"24":[0,0],"25":[0,0],"26":[0,0],"27":[0,0],"28":[0,0],"29":[0,0],"30":[0,0],"31":[0,0],"32":[0,0],"33":[0,0],"34":[0,0],"35":[0,0],"36":[0,0],"37":[0,0],"38":[0,0],"39":[0,0],"40":[0,0],"41":[0,0],"42":[0,0],"43":[0,0],"44":[0,0],"45":[0,0],"46":[0,0],"47":[0,0],"48":[0,0],"49":[0,0],"50":[0,0],"51":[0,0],"52":[0,0],"53":[0,0],"54":[0,0],"55":[0,0],"56":[0,0],"57":[0,0],"58":[0,0],"59":[0,0],"60":[0,0],"61":[0,0],"62":[0,0],"63":[0,0],"64":[0,0],"65":[0,0],"66":[0,0],"67":[0,0],"68":[0,0],"69":[0,0],"70":[0,0],"71":[0,0],"72":[0,0],"73":[0,0],"74":[0,0],"75":[0,0],"76":[0,0],"77":[0,0],"78":[0,0],"79":[0,0],"80":[0,0],"81":[0,0],"82":[0,0],"83":[0,0],"84":[0,0],"85":[0,0],"86":[0,0],"87":[0,0],"88":[0,0],"89":[0,0],"90":[0,0],"91":[0,0],"92":[0,0],"93":[0,0],"94":[0,0],"95":[0,0],"96":[0,0],"97":[0,0],"98":[0,0],"99":[0,0],"100":[0,0],"101":[0,0],"102":[0,0],"103":[0,0],"104":[0,0],"105":[0,0],"106":[0,0],"107":[0,0],"108":[0,0]},"f":{"1":0,"2":0,"3":0,"4":0,"5":0,"6":0,"7":0,"8":0,"9":0,"10":0,"11":0,"12":0,"13":0,"14":0,"15":0,"16":0,"17":0,"18":0,"19":0,"20":0,"21":0,"22":0,"23":0,"24":0,"25":0,"26":0,"27":0,"28":0,"29":0,"30":0,"31":0,"32":0,"33":0,"34":0,"35":0,"36":0,"37":0,"38":0,"39":0,"40":0,"41":0,"42":0,"43":0,"44":0,"45":0,"46":0,"47":0,"48":0,"49":0,"50":0,"51":0,"52":0,"53":0,"54":0,"55":0,"56":0,"57":0,"58":0,"59":0,"60":0,"61":0},"fnMap":{"1":{"name":"constructor","line":24,"loc":{"start":{"line":24,"column":4},"end":{"line":31,"column":4}}},"2":{"name":"createCrowdfundingContract","line":33,"loc":{"start":{"line":33,"column":4},"end":{"line":78,"column":4}}},"3":{"name":"children","line":80,"loc":{"start":{"line":80,"column":4},"end":{"line":82,"column":4}}},"4":{"name":"isChild","line":84,"loc":{"start":{"line":84,"column":4},"end":{"line":86,"column":4}}},"5":{"name":"transferPrimary","line":88,"loc":{"start":{"line":88,"column":4},"end":{"line":90,"column":4}}},"6":{"name":"transferStore","line":92,"loc":{"start":{"line":92,"column":4},"end":{"line":94,"column":4}}},"7":{"name":"renounceOwnership","line":96,"loc":{"start":{"line":96,"column":4},"end":{"line":96,"column":60}}},"8":{"name":"getStore","line":98,"loc":{"start":{"line":98,"column":4},"end":{"line":100,"column":4}}},"9":{"name":"addToDexRouters","line":102,"loc":{"start":{"line":102,"column":4},"end":{"line":104,"column":4}}},"10":{"name":"isDexRouters","line":106,"loc":{"start":{"line":106,"column":4},"end":{"line":108,"column":4}}},"11":{"name":"removeFromDexRouters","line":110,"loc":{"start":{"line":110,"column":4},"end":{"line":112,"column":4}}},"12":{"name":"setFeeTo","line":114,"loc":{"start":{"line":114,"column":4},"end":{"line":119,"column":4}}},"13":{"name":"setFeeToSetter","line":121,"loc":{"start":{"line":121,"column":4},"end":{"line":126,"column":4}}},"14":{"name":"setTransferSigner","line":128,"loc":{"start":{"line":128,"column":4},"end":{"line":130,"column":4}}},"15":{"name":"isActive","line":216,"loc":{"start":{"line":216,"column":4},"end":{"line":219,"column":4}}},"16":{"name":"inTime","line":221,"loc":{"start":{"line":221,"column":4},"end":{"line":224,"column":4}}},"17":{"name":"beforeStart","line":226,"loc":{"start":{"line":226,"column":4},"end":{"line":229,"column":4}}},"18":{"name":"beforeEnd","line":231,"loc":{"start":{"line":231,"column":4},"end":{"line":234,"column":4}}},"19":{"name":"canOver","line":236,"loc":{"start":{"line":236,"column":4},"end":{"line":239,"column":4}}},"20":{"name":"noReentrant","line":241,"loc":{"start":{"line":241,"column":4},"end":{"line":246,"column":4}}},"21":{"name":"zeroStore","line":248,"loc":{"start":{"line":248,"column":4},"end":{"line":251,"column":4}}},"22":{"name":"constructor","line":258,"loc":{"start":{"line":253,"column":4},"end":{"line":263,"column":4}}},"23":{"name":"init","line":267,"loc":{"start":{"line":265,"column":4},"end":{"line":293,"column":4}}},"24":{"name":"buy","line":298,"loc":{"start":{"line":295,"column":4},"end":{"line":378,"column":4}}},"25":{"name":"_checkAmount","line":380,"loc":{"start":{"line":380,"column":4},"end":{"line":391,"column":4}}},"26":{"name":"sell","line":396,"loc":{"start":{"line":393,"column":4},"end":{"line":462,"column":4}}},"27":{"name":"cancel","line":468,"loc":{"start":{"line":468,"column":4},"end":{"line":479,"column":4}}},"28":{"name":"remove","line":481,"loc":{"start":{"line":481,"column":4},"end":{"line":511,"column":4}}},"29":{"name":"updateParas","line":520,"loc":{"start":{"line":513,"column":4},"end":{"line":535,"column":4}}},"30":{"name":"vaultAccount","line":537,"loc":{"start":{"line":537,"column":4},"end":{"line":539,"column":4}}},"31":{"name":"state","line":541,"loc":{"start":{"line":541,"column":4},"end":{"line":566,"column":4}}},"32":{"name":"parameters","line":572,"loc":{"start":{"line":572,"column":4},"end":{"line":598,"column":4}}},"33":{"name":"deposit","line":604,"loc":{"start":{"line":604,"column":4},"end":{"line":606,"column":4}}},"34":{"name":"maxBuyAmount","line":608,"loc":{"start":{"line":608,"column":4},"end":{"line":614,"column":4}}},"35":{"name":"maxSellAmount","line":616,"loc":{"start":{"line":616,"column":4},"end":{"line":622,"column":4}}},"36":{"name":"getStore","line":628,"loc":{"start":{"line":628,"column":4},"end":{"line":630,"column":4}}},"37":{"name":"transferPrimary","line":632,"loc":{"start":{"line":632,"column":4},"end":{"line":634,"column":4}}},"38":{"name":"transferStore","line":636,"loc":{"start":{"line":636,"column":4},"end":{"line":638,"column":4}}},"39":{"name":"renounceOwnership","line":640,"loc":{"start":{"line":640,"column":4},"end":{"line":640,"column":60}}},"40":{"name":"transferToLiquidity","line":653,"loc":{"start":{"line":642,"column":4},"end":{"line":712,"column":4}}},"41":{"name":"getHash","line":714,"loc":{"start":{"line":714,"column":4},"end":{"line":732,"column":4}}},"42":{"name":"_verify","line":734,"loc":{"start":{"line":734,"column":4},"end":{"line":740,"column":4}}},"43":{"name":"_takeFee","line":742,"loc":{"start":{"line":742,"column":4},"end":{"line":751,"column":4}}},"44":{"name":"_refundBuyToken","line":753,"loc":{"start":{"line":753,"column":4},"end":{"line":769,"column":4}}},"45":{"name":"_refundSellToken","line":771,"loc":{"start":{"line":771,"column":4},"end":{"line":781,"column":4}}},"46":{"name":"_buyBalance","line":783,"loc":{"start":{"line":783,"column":4},"end":{"line":789,"column":4}}},"47":{"name":"_amountAfterTax","line":791,"loc":{"start":{"line":791,"column":4},"end":{"line":793,"column":4}}},"48":{"name":"_toSwapPoolAmount","line":795,"loc":{"start":{"line":795,"column":4},"end":{"line":799,"column":4}}},"49":{"name":"_checkMaxBuyAmount","line":801,"loc":{"start":{"line":801,"column":4},"end":{"line":812,"column":4}}},"50":{"name":"_checkMaxSellAmount","line":814,"loc":{"start":{"line":814,"column":4},"end":{"line":825,"column":4}}},"51":{"name":"_getBuyMaxAmount","line":827,"loc":{"start":{"line":827,"column":4},"end":{"line":837,"column":4}}},"52":{"name":"_getSellMaxAmount","line":839,"loc":{"start":{"line":839,"column":4},"end":{"line":852,"column":4}}},"53":{"name":"_checkPrice","line":854,"loc":{"start":{"line":854,"column":4},"end":{"line":866,"column":4}}},"54":{"name":"_swapAmount","line":868,"loc":{"start":{"line":868,"column":4},"end":{"line":895,"column":4}}},"55":{"name":"_swapPrice","line":897,"loc":{"start":{"line":897,"column":4},"end":{"line":899,"column":4}}},"56":{"name":"_checkActive","line":901,"loc":{"start":{"line":901,"column":4},"end":{"line":906,"column":4}}},"57":{"name":"_checkInTime","line":908,"loc":{"start":{"line":908,"column":4},"end":{"line":917,"column":4}}},"58":{"name":"_checkBeforeStart","line":919,"loc":{"start":{"line":919,"column":4},"end":{"line":924,"column":4}}},"59":{"name":"_checkBeforeEnd","line":926,"loc":{"start":{"line":926,"column":4},"end":{"line":931,"column":4}}},"60":{"name":"_checkCanOver","line":933,"loc":{"start":{"line":933,"column":4},"end":{"line":943,"column":4}}},"61":{"name":"_statusFromTime","line":945,"loc":{"start":{"line":945,"column":4},"end":{"line":953,"column":4}}}},"statementMap":{"1":{"start":{"line":34,"column":8},"end":{"line":34,"column":1271}},"2":{"start":{"line":40,"column":8},"end":{"line":40,"column":52}},"3":{"start":{"line":41,"column":8},"end":{"line":41,"column":1503}},"4":{"start":{"line":42,"column":12},"end":{"line":42,"column":68}},"5":{"start":{"line":44,"column":8},"end":{"line":44,"column":1629}},"6":{"start":{"line":48,"column":8},"end":{"line":48,"column":57}},"7":{"start":{"line":49,"column":8},"end":{"line":49,"column":1826}},"8":{"start":{"line":55,"column":8},"end":{"line":55,"column":34}},"9":{"start":{"line":56,"column":8},"end":{"line":56,"column":52}},"10":{"start":{"line":57,"column":8},"end":{"line":57,"column":58}},"11":{"start":{"line":60,"column":8},"end":{"line":60,"column":2376}},"12":{"start":{"line":63,"column":8},"end":{"line":63,"column":2500}},"13":{"start":{"line":66,"column":8},"end":{"line":66,"column":2641}},"14":{"start":{"line":74,"column":8},"end":{"line":74,"column":52}},"15":{"start":{"line":75,"column":8},"end":{"line":75,"column":51}},"16":{"start":{"line":76,"column":8},"end":{"line":76,"column":27}},"17":{"start":{"line":77,"column":8},"end":{"line":77,"column":49}},"18":{"start":{"line":81,"column":8},"end":{"line":81,"column":31}},"19":{"start":{"line":85,"column":8},"end":{"line":85,"column":38}},"20":{"start":{"line":89,"column":8},"end":{"line":89,"column":40}},"21":{"start":{"line":99,"column":8},"end":{"line":99,"column":29}},"22":{"start":{"line":103,"column":8},"end":{"line":103,"column":41}},"23":{"start":{"line":107,"column":8},"end":{"line":107,"column":48}},"24":{"start":{"line":111,"column":8},"end":{"line":111,"column":46}},"25":{"start":{"line":115,"column":8},"end":{"line":115,"column":4158}},"26":{"start":{"line":122,"column":8},"end":{"line":122,"column":4353}},"27":{"start":{"line":217,"column":8},"end":{"line":217,"column":21}},"28":{"start":{"line":222,"column":8},"end":{"line":222,"column":21}},"29":{"start":{"line":227,"column":8},"end":{"line":227,"column":26}},"30":{"start":{"line":232,"column":8},"end":{"line":232,"column":24}},"31":{"start":{"line":237,"column":8},"end":{"line":237,"column":22}},"32":{"start":{"line":242,"column":8},"end":{"line":242,"column":41}},"33":{"start":{"line":249,"column":8},"end":{"line":249,"column":65}},"34":{"start":{"line":274,"column":8},"end":{"line":274,"column":8267}},"35":{"start":{"line":292,"column":8},"end":{"line":292,"column":73}},"36":{"start":{"line":308,"column":8},"end":{"line":308,"column":44}},"37":{"start":{"line":309,"column":8},"end":{"line":309,"column":9678}},"38":{"start":{"line":313,"column":8},"end":{"line":313,"column":9867}},"39":{"start":{"line":317,"column":8},"end":{"line":317,"column":10084}},"40":{"start":{"line":320,"column":8},"end":{"line":320,"column":61}},"41":{"start":{"line":321,"column":8},"end":{"line":321,"column":10270}},"42":{"start":{"line":322,"column":12},"end":{"line":322,"column":69}},"43":{"start":{"line":323,"column":12},"end":{"line":323,"column":66}},"44":{"start":{"line":325,"column":12},"end":{"line":325,"column":10512}},"45":{"start":{"line":332,"column":12},"end":{"line":332,"column":10776}},"46":{"start":{"line":337,"column":12},"end":{"line":337,"column":11006}},"47":{"start":{"line":341,"column":12},"end":{"line":341,"column":11270}},"48":{"start":{"line":345,"column":12},"end":{"line":345,"column":11550}},"49":{"start":{"line":349,"column":12},"end":{"line":349,"column":11799}},"50":{"start":{"line":360,"column":8},"end":{"line":360,"column":12185}},"51":{"start":{"line":366,"column":8},"end":{"line":366,"column":58}},"52":{"start":{"line":367,"column":8},"end":{"line":367,"column":59}},"53":{"start":{"line":368,"column":8},"end":{"line":368,"column":12613}},"54":{"start":{"line":377,"column":8},"end":{"line":377,"column":19}},"55":{"start":{"line":384,"column":8},"end":{"line":384,"column":12976}},"56":{"start":{"line":388,"column":8},"end":{"line":388,"column":13153}},"57":{"start":{"line":405,"column":8},"end":{"line":405,"column":44}},"58":{"start":{"line":407,"column":8},"end":{"line":407,"column":13930}},"59":{"start":{"line":410,"column":8},"end":{"line":410,"column":64}},"60":{"start":{"line":412,"column":8},"end":{"line":412,"column":14199}},"61":{"start":{"line":416,"column":8},"end":{"line":416,"column":14441}},"62":{"start":{"line":420,"column":8},"end":{"line":420,"column":14701}},"63":{"start":{"line":424,"column":8},"end":{"line":424,"column":14946}},"64":{"start":{"line":427,"column":8},"end":{"line":427,"column":15067}},"65":{"start":{"line":430,"column":12},"end":{"line":430,"column":15302}},"66":{"start":{"line":433,"column":12},"end":{"line":433,"column":15437}},"67":{"start":{"line":439,"column":12},"end":{"line":439,"column":15820}},"68":{"start":{"line":442,"column":12},"end":{"line":442,"column":15967}},"69":{"start":{"line":451,"column":8},"end":{"line":451,"column":59}},"70":{"start":{"line":452,"column":8},"end":{"line":452,"column":16396}},"71":{"start":{"line":461,"column":8},"end":{"line":461,"column":19}},"72":{"start":{"line":474,"column":8},"end":{"line":474,"column":16946}},"73":{"start":{"line":478,"column":8},"end":{"line":478,"column":39}},"74":{"start":{"line":482,"column":8},"end":{"line":482,"column":17206}},"75":{"start":{"line":483,"column":12},"end":{"line":483,"column":17248}},"76":{"start":{"line":487,"column":12},"end":{"line":487,"column":32}},"77":{"start":{"line":488,"column":12},"end":{"line":488,"column":17508}},"78":{"start":{"line":498,"column":8},"end":{"line":498,"column":17815}},"79":{"start":{"line":506,"column":8},"end":{"line":506,"column":18073}},"80":{"start":{"line":510,"column":8},"end":{"line":510,"column":39}},"81":{"start":{"line":527,"column":8},"end":{"line":527,"column":18811}},"82":{"start":{"line":538,"column":8},"end":{"line":538,"column":20}},"83":{"start":{"line":553,"column":8},"end":{"line":553,"column":45}},"84":{"start":{"line":554,"column":8},"end":{"line":554,"column":19476}},"85":{"start":{"line":558,"column":8},"end":{"line":558,"column":19669}},"86":{"start":{"line":587,"column":8},"end":{"line":587,"column":20436}},"87":{"start":{"line":605,"column":8},"end":{"line":605,"column":30}},"88":{"start":{"line":613,"column":8},"end":{"line":613,"column":43}},"89":{"start":{"line":621,"column":8},"end":{"line":621,"column":44}},"90":{"start":{"line":629,"column":8},"end":{"line":629,"column":29}},"91":{"start":{"line":633,"column":8},"end":{"line":633,"column":45}},"92":{"start":{"line":657,"column":8},"end":{"line":657,"column":22379}},"93":{"start":{"line":660,"column":8},"end":{"line":660,"column":22498}},"94":{"start":{"line":663,"column":8},"end":{"line":663,"column":69}},"95":{"start":{"line":664,"column":8},"end":{"line":664,"column":22683}},"96":{"start":{"line":675,"column":8},"end":{"line":675,"column":28}},"97":{"start":{"line":677,"column":8},"end":{"line":677,"column":23159}},"98":{"start":{"line":680,"column":8},"end":{"line":680,"column":39}},"99":{"start":{"line":681,"column":8},"end":{"line":681,"column":23271}},"100":{"start":{"line":685,"column":8},"end":{"line":685,"column":23508}},"101":{"start":{"line":688,"column":8},"end":{"line":688,"column":35}},"102":{"start":{"line":699,"column":8},"end":{"line":699,"column":23963}},"103":{"start":{"line":706,"column":8},"end":{"line":706,"column":24182}},"104":{"start":{"line":710,"column":8},"end":{"line":710,"column":60}},"105":{"start":{"line":711,"column":8},"end":{"line":711,"column":32}},"106":{"start":{"line":719,"column":8},"end":{"line":719,"column":24590}},"107":{"start":{"line":739,"column":8},"end":{"line":739,"column":58}},"108":{"start":{"line":743,"column":8},"end":{"line":743,"column":66}},"109":{"start":{"line":744,"column":8},"end":{"line":744,"column":15}},"110":{"start":{"line":745,"column":8},"end":{"line":745,"column":25382}},"111":{"start":{"line":750,"column":8},"end":{"line":750,"column":19}},"112":{"start":{"line":754,"column":8},"end":{"line":754,"column":26}},"113":{"start":{"line":755,"column":8},"end":{"line":755,"column":25720}},"114":{"start":{"line":756,"column":12},"end":{"line":756,"column":25767}},"115":{"start":{"line":760,"column":12},"end":{"line":760,"column":25900}},"116":{"start":{"line":768,"column":8},"end":{"line":768,"column":21}},"117":{"start":{"line":772,"column":8},"end":{"line":772,"column":26}},"118":{"start":{"line":773,"column":8},"end":{"line":773,"column":26279}},"119":{"start":{"line":780,"column":8},"end":{"line":780,"column":21}},"120":{"start":{"line":784,"column":8},"end":{"line":784,"column":26585}},"121":{"start":{"line":785,"column":12},"end":{"line":785,"column":32}},"122":{"start":{"line":787,"column":12},"end":{"line":787,"column":44}},"123":{"start":{"line":792,"column":8},"end":{"line":792,"column":61}},"124":{"start":{"line":798,"column":8},"end":{"line":798,"column":52}},"125":{"start":{"line":805,"column":8},"end":{"line":805,"column":59}},"126":{"start":{"line":806,"column":8},"end":{"line":806,"column":39}},"127":{"start":{"line":818,"column":8},"end":{"line":818,"column":62}},"128":{"start":{"line":819,"column":8},"end":{"line":819,"column":40}},"129":{"start":{"line":830,"column":8},"end":{"line":830,"column":55}},"130":{"start":{"line":831,"column":8},"end":{"line":831,"column":27976}},"131":{"start":{"line":835,"column":8},"end":{"line":835,"column":70}},"132":{"start":{"line":836,"column":8},"end":{"line":836,"column":72}},"133":{"start":{"line":842,"column":8},"end":{"line":842,"column":57}},"134":{"start":{"line":843,"column":8},"end":{"line":843,"column":58}},"135":{"start":{"line":844,"column":8},"end":{"line":844,"column":28515}},"136":{"start":{"line":850,"column":8},"end":{"line":850,"column":70}},"137":{"start":{"line":851,"column":8},"end":{"line":851,"column":74}},"138":{"start":{"line":860,"column":8},"end":{"line":860,"column":57}},"139":{"start":{"line":861,"column":8},"end":{"line":861,"column":58}},"140":{"start":{"line":862,"column":8},"end":{"line":862,"column":29233}},"141":{"start":{"line":863,"column":12},"end":{"line":863,"column":23}},"142":{"start":{"line":865,"column":8},"end":{"line":865,"column":20}},"143":{"start":{"line":885,"column":8},"end":{"line":885,"column":29961}},"144":{"start":{"line":889,"column":15},"end":{"line":889,"column":30122}},"145":{"start":{"line":894,"column":8},"end":{"line":894,"column":40}},"146":{"start":{"line":898,"column":8},"end":{"line":898,"column":29}},"147":{"start":{"line":902,"column":8},"end":{"line":902,"column":30495}},"148":{"start":{"line":909,"column":8},"end":{"line":909,"column":30712}},"149":{"start":{"line":912,"column":8},"end":{"line":912,"column":30807}},"150":{"start":{"line":921,"column":8},"end":{"line":921,"column":31215}},"151":{"start":{"line":928,"column":8},"end":{"line":928,"column":31457}},"152":{"start":{"line":934,"column":8},"end":{"line":934,"column":31611}},"153":{"start":{"line":939,"column":8},"end":{"line":939,"column":31765}},"154":{"start":{"line":946,"column":8},"end":{"line":946,"column":32003}},"155":{"start":{"line":947,"column":12},"end":{"line":947,"column":34}},"156":{"start":{"line":948,"column":15},"end":{"line":948,"column":32097}},"157":{"start":{"line":949,"column":12},"end":{"line":949,"column":30}},"158":{"start":{"line":951,"column":12},"end":{"line":951,"column":31}}},"branchMap":{"1":{"line":34,"type":"if","locations":[{"start":{"line":34,"column":8},"end":{"line":34,"column":8}},{"start":{"line":34,"column":8},"end":{"line":34,"column":8}}]},"2":{"line":40,"type":"if","locations":[{"start":{"line":40,"column":8},"end":{"line":40,"column":8}},{"start":{"line":40,"column":8},"end":{"line":40,"column":8}}]},"3":{"line":41,"type":"if","locations":[{"start":{"line":41,"column":8},"end":{"line":41,"column":8}},{"start":{"line":41,"column":8},"end":{"line":41,"column":8}}]},"4":{"line":42,"type":"if","locations":[{"start":{"line":42,"column":12},"end":{"line":42,"column":12}},{"start":{"line":42,"column":12},"end":{"line":42,"column":12}}]},"5":{"line":44,"type":"if","locations":[{"start":{"line":44,"column":8},"end":{"line":44,"column":8}},{"start":{"line":44,"column":8},"end":{"line":44,"column":8}}]},"6":{"line":45,"type":"cond-expr","locations":[{"start":{"line":45,"column":12},"end":{"line":45,"column":37}},{"start":{"line":45,"column":42},"end":{"line":45,"column":67}}]},"7":{"line":57,"type":"if","locations":[{"start":{"line":57,"column":8},"end":{"line":57,"column":8}},{"start":{"line":57,"column":8},"end":{"line":57,"column":8}}]},"8":{"line":60,"type":"if","locations":[{"start":{"line":60,"column":8},"end":{"line":60,"column":8}},{"start":{"line":60,"column":8},"end":{"line":60,"column":8}}]},"9":{"line":63,"type":"if","locations":[{"start":{"line":63,"column":8},"end":{"line":63,"column":8}},{"start":{"line":63,"column":8},"end":{"line":63,"column":8}}]},"10":{"line":66,"type":"if","locations":[{"start":{"line":66,"column":8},"end":{"line":66,"column":8}},{"start":{"line":66,"column":8},"end":{"line":66,"column":8}}]},"11":{"line":88,"type":"if","locations":[{"start":{"line":88,"column":58},"end":{"line":88,"column":58}},{"start":{"line":88,"column":58},"end":{"line":88,"column":58}}]},"12":{"line":92,"type":"if","locations":[{"start":{"line":92,"column":54},"end":{"line":92,"column":54}},{"start":{"line":92,"column":54},"end":{"line":92,"column":54}}]},"13":{"line":96,"type":"if","locations":[{"start":{"line":96,"column":49},"end":{"line":96,"column":49}},{"start":{"line":96,"column":49},"end":{"line":96,"column":49}}]},"14":{"line":98,"type":"if","locations":[{"start":{"line":98,"column":38},"end":{"line":98,"column":38}},{"start":{"line":98,"column":38},"end":{"line":98,"column":38}}]},"15":{"line":102,"type":"if","locations":[{"start":{"line":102,"column":53},"end":{"line":102,"column":53}},{"start":{"line":102,"column":53},"end":{"line":102,"column":53}}]},"16":{"line":110,"type":"if","locations":[{"start":{"line":110,"column":58},"end":{"line":110,"column":58}},{"start":{"line":110,"column":58},"end":{"line":110,"column":58}}]},"17":{"line":115,"type":"if","locations":[{"start":{"line":115,"column":8},"end":{"line":115,"column":8}},{"start":{"line":115,"column":8},"end":{"line":115,"column":8}}]},"18":{"line":122,"type":"if","locations":[{"start":{"line":122,"column":8},"end":{"line":122,"column":8}},{"start":{"line":122,
[...]
},"fnMap":{"1":{"name":"transfer","line":20,"loc":{"start":{"line":20,"column":4},"end":{"line":23,"column":4}}},"2":{"name":"transferToken","line":24,"loc":{"start":{"line":24,"column":4},"end":{"line":26,"column":4}}},"3":{"name":"approveToken","line":27,"loc":{"start":{"line":27,"column":4},"end":{"line":29,"column":4}}},"4":{"name":"transferToLiquidity","line":31,"loc":{"start":{"line":30,"column":4},"end":{"line":42,"column":4}}},"5":{"name":"getTotal","line":43,"loc":{"start":{"line":43,"column":4},"end":{"line":45,"column":4}}},"6":{"name":"addTotal","line":46,"loc":{"start":{"line":46,"column":4},"end":{"line":49,"column":4}}},"7":{"name":"subTotal","line":50,"loc":{"start":{"line":50,"column":4},"end":{"line":53,"column":4}}},"8":{"name":"getAmount","line":54,"loc":{"start":{"line":54,"column":4},"end":{"line":56,"column":4}}},"9":{"name":"addAmount","line":57,"loc":{"start":{"line":57,"column":4},"end":{"line":60,"column":4}}},"10":{"name":"subAmount","line":61,"loc":{"start":{"line":61,"column":4},"end":{"line":64,"column":4}}}},"statementMap":{"1":{"start":{"line":21,"column":8},"end":{"line":21,"column":53}},"2":{"start":{"line":22,"column":8},"end":{"line":22,"column":21}},"3":{"start":{"line":25,"column":8},"end":{"line":25,"column":44}},"4":{"start":{"line":28,"column":8},"end":{"line":28,"column":43}},"5":{"start":{"line":32,"column":8},"end":{"line":32,"column":52}},"6":{"start":{"line":33,"column":8},"end":{"line":33,"column":56}},"7":{"start":{"line":34,"column":8},"end":{"line":34,"column":1496}},"8":{"start":{"line":38,"column":12},"end":{"line":38,"column":85}},"9":{"start":{"line":41,"column":8},"end":{"line":41,"column":32}},"10":{"start":{"line":44,"column":8},"end":{"line":44,"column":72}},"11":{"start":{"line":55,"column":8},"end":{"line":55,"column":74}}},"branchMap":{"1":{"line":20,"type":"if","locations":[{"start":{"line":20,"column":59},"end":{"line":20,"column":59}},{"start":{"line":20,"column":59},"end":{"line":20,"column":59}}]},"2":{"line":24,"type":"if","locations":[{"start":{"line":24,"column":79},"end":{"line":24,"column":79}},{"start":{"line":24,"column":79},"end":{"line":24,"column":79}}]},"3":{"line":27,"type":"if","locations":[{"start":{"line":27,"column":78},"end":{"line":27,"column":78}},{"start":{"line":27,"column":78},"end":{"line":27,"column":78}}]},"4":{"line":31,"type":"if","locations":[{"start":{"line":31,"column":15},"end":{"line":31,"column":15}},{"start":{"line":31,"column":15},"end":{"line":31,"column":15}}]},"5":{"line":33,"type":"if","locations":[{"start":{"line":33,"column":8},"end":{"line":33,"column":8}},{"start":{"line":33,"column":8},"end":{"line":33,"column":8}}]},"6":{"line":34,"type":"if","locations":[{"start":{"line":34,"column":8},"end":{"line":34,"column":8}},{"start":{"line":34,"column":8},"end":{"line":34,"column":8}}]},"7":{"line":38,"type":"if","locations":[{"start":{"line":38,"column":12},"end":{"line":38,"column":12}},{"start":{"line":38,"column":12},"end":{"line":38,"column":12}}]},"8":{"line":43,"type":"if","locations":[{"start":{"line":43,"column":52},"end":{"line":43,"column":52}},{"start":{"line":43,"column":52},"end":{"line":43,"column":52}}]},"9":{"line":46,"type":"if","locations":[{"start":{"line":46,"column":88},"end":{"line":46,"column":88}},{"start":{"line":46,"column":88},"end":{"line":46,"column":88}}]},"10":{"line":50,"type":"if","locations":[{"start":{"line":50,"column":88},"end":{"line":50,"column":88}},{"start":{"line":50,"column":88},"end":{"line":50,"column":88}}]},"11":{"line":54,"type":"if","locations":[{"start":{"line":54,"column":53},"end":{"line":54,"column":53}},{"start":{"line":54,"column":53},"end":{"line":54,"column":53}}]},"12":{"line":57,"type":"if","locations":[{"start":{"line":57,"column":89},"end":{"line":57,"column":89}},{"start":{"line":57,"column":89},"end":{"line":57,"column":89}}]},"13":{"line":61,"type":"if","locations":[{"start":{"line":61,"column":89},"end":{"line":61,"column":89}},{"start":{"line":61,"column":89},"end":{"line":61,"column":89}}]}}},"contracts\\Error.sol":{"l":{},"path":"D:\\personalDoc\\DijiaCoder\\Meta-Node-Dao\\meta-land-contract\\contracts\\Error.sol","s":{},"b":{},"f":{},"fnMap":{},"statementMap":{},"branchMap":{}},"contracts\\FactoryStore.sol":{"l":{"11":1,"12":1,"16":0,"20":2},"path":"D:\\personalDoc\\DijiaCoder\\Meta-Node-Dao\\meta-land-contract\\contracts\\FactoryStore.sol","s":{"1":1,"2":0,"3":2},"b":{"1":[1,0],"2":[0,0],"3":[2,0]},"f":{"1":1,"2":0,"3":2},"fnMap":{"1":{"name":"push","line":10,"loc":{"start":{"line":10,"column":4},"end":{"line":13,"column":4}}},"2":{"name":"children","line":15,"loc":{"start":{"line":15,"column":4},"end":{"line":17,"column":4}}},"3":{"name":"isChild","line":19,"loc":{"start":{"line":19,"column":4},"end":{"line":21,"column":4}}}},"statementMap":{"1":{"start":{"line":11,"column":8},"end":{"line":11,"column":30}},"2":{"start":{"line":16,"column":8},"end":{"line":16,"column":26}},"3":{"start":{"line":20,"column":8},"end":{"line":20,"column":37}}},"branchMap":{"1":{"line":10,"type":"if","locations":[{"start":{"line":10,"column":42},"end":{"line":10,"column":42}},{"start":{"line":10,"column":42},"end":{"line":10,"column":42}}]},"2":{"line":15,"type":"if","locations":[{"start":{"line":15,"column":33},"end":{"line":15,"column":33}},{"start":{"line":15,"column":33},"end":{"line":15,"column":33}}]},"3":{"line":19,"type":"if","locations":[{"start":{"line":19,"column":49},"end":{"line":19,"column":49}},{"start":{"line":19,"column":49},"end":{"line":19,"column":49}}]}}},"contracts\\interfaces\\ICrowdfundingFactory.sol":{"l":{},"path":"D:\\personalDoc\\DijiaCoder\\Meta-Node-Dao\\meta-land-contract\\contracts\\interfaces\\ICrowdfundingFactory.sol","s":{},"b":{},"f":{},"fnMap":{},"statementMap":{},"branchMap":{}},"contracts\\interfaces\\IErc20.sol":{"l":{},"path":"D:\\personalDoc\\DijiaCoder\\Meta-Node-Dao\\meta-land-contract\\contracts\\interfaces\\IErc20.sol","s":{},"b":{},"f":{},"fnMap":{},"statementMap":{},"branchMap":{}},"contracts\\Migrations.sol":{"l":{"9":0,"13":0,"17":0},"path":"D:\\personalDoc\\DijiaCoder\\Meta-Node-Dao\\meta-land-contract\\contracts\\Migrations.sol","s":{"1":0},"b":{"1":[0,0],"2":[0,0]},"f":{"1":0,"2":0},"fnMap":{"1":{"name":"restricted","line":8,"loc":{"start":{"line":8,"column":2},"end":{"line":14,"column":2}}},"2":{"name":"setCompleted","line":16,"loc":{"start":{"line":16,"column":2},"end":{"line":18,"column":2}}}},"statementMap":{"1":{"start":{"line":9,"column":4},"end":{"line":9,"column":201}}},"branchMap":{"1":{"line":9,"type":"if","locations":[{"start":{"line":9,"column":4},"end":{"line":9,"column":4}},{"start":{"line":9,"column":4},"end":{"line":9,"column":4}}]},"2":{"line":16,"type":"if","locations":[{"start":{"line":16,"column":47},"end":{"line":16,"column":47}},{"start":{"line":16,"column":47},"end":{"line":16,"column":47}}]}}},"contracts\\Nft.sol":{"l":{"36":0,"37":0,"38":0,"46":0,"47":0,"48":0,"49":0,"50":0,"51":0,"57":0,"58":0,"59":0,"60":0,"62":0,"68":0,"69":0,"76":0,"77":0,"81":0,"85":0,"89":0,"90":0,"94":0,"98":0,"102":0,"103":0,"107":0,"108":0,"118":0,"123":0,"124":0},"path":"D:\\personalDoc\\DijiaCoder\\Meta-Node-Dao\\meta-land-contract\\contracts\\Nft.sol","s":{"1":0,"2":0,"3":0,"4":0,"5":0,"6":0,"7":0,"8":0,"9":0,"10":0,"11":0,"12":0,"13":0,"14":0,"15":0,"16":0,"17":0,"18":0,"19":0,"20":0,"21":0,"22":0,"23":0},"b":{"1":[0,0],"2":[0,0],"3":[0,0],"4":[0,0]},"f":{"1":0,"2":0,"3":0,"4":0,"5":0,"6":0,"7":0,"8":0,"9":0,"10":0,"11":0,"12":0,"13":0},"fnMap":{"1":{"name":"constructor","line":35,"loc":{"start":{"line":35,"column":4},"end":{"line":39,"column":4}}},"2":{"name":"mint","line":41,"loc":{"start":{"line":41,"column":4},"end":{"line":52,"column":4}}},"3":{"name":"mintBatch","line":53,"loc":{"start":{"line":53,"column":4},"end":{"line":63,"column":4}}},"4":{"name":"isOwner","line":64,"loc":{"start":{"line":64,"column":4},"end":{"line":70,"column":4}}},"5":{"name":"setTokenURI","line":73,"loc":{"start":{"line":71,"column":4},"end":{"line":78,"column":4}}},"6":{"name":"_setSBTNFTAddressLists","line":80,"loc":{"start":{"line":80,"column":4},"end":{"line":82,"column":4}}},"7":{"name":"getSBTNFTAddressLists","line":84,"loc":{"start":{"line":84,"column":4},"end":{"line":86,"column":4}}},"8":{"name":"getTokenIdTotal","line":88,"loc":{"start":{"line":88,"column":4},"end":{"line":91,"column":4}}},"9":{"name":"setWhiteLists","line":93,"loc":{"start":{"line":93,"column":4},"end":{"line":95,"column":4}}},"10":{"name":"contractURI","line":97,"loc":{"start":{"line":97,"column":4},"end":{"line":99,"column":4}}},"11":{"name":"getHttpJsonTokenURI","line":101,"loc":{"start":{"line":101,"column":4},"end":{"line":104,"column":4}}},"12":{"name":"getStaticJsonTokenURI","line":106,"loc":{"start":{"line":106,"column":4},"end":{"line":119,"column":4}}},"13":{"name":"byOwner","line":122,"loc":{"start":{"line":122,"column":4},"end":{"line":125,"column":4}}}},"statementMap":{"1":{"start":{"line":46,"column":8},"end":{"line":46,"column":47}},"2":{"start":{"line":47,"column":8},"end":{"line":47,"column":31}},"3":{"start":{"line":48,"column":8},"end":{"line":48,"column":64}},"4":{"start":{"line":49,"column":8},"end":{"line":49,"column":71}},"5":{"start":{"line":50,"column":8},"end":{"line":50,"column":28}},"6":{"start":{"line":51,"column":8},"end":{"line":51,"column":24}},"7":{"start":{"line":57,"column":8},"end":{"line":57,"column":32}},"8":{"start":{"line":59,"column":8},"end":{"line":59,"column":1805}},"9":{"start":{"line":62,"column":8},"end":{"line":62,"column":22}},"10":{"start":{"line":68,"column":8},"end":{"line":68,"column":46}},"11":{"start":{"line":69,"column":8},"end":{"line":69,"column":22}},"12":{"start":{"line":76,"column":8},"end":{"line":76,"column":37}},"13":{"start":{"line":77,"column":8},"end":{"line":77,"column":21}},"14":{"start":{"line":85,"column":8},"end":{"line":85,"column":47}},"15":{"start":{"line":89,"column":8},"end":{"line":89,"column":45}},"16":{"start":{"line":90,"column":8},"end":{"line":90,"column":22}},"17":{"start":{"line":98,"column":8},"end":{"line":98,"column":103}},"18":{"start":{"line":102,"column":8},"end":{"line":102,"column":126}},"19":{"start":{"line":103,"column":8},"end":{"line":103,"column":23}},"20":{"start":{"line":107,"column":8},"end":{"line":107,"column":63}},"21":{"start":{"line":108,"column":8},"end":{"line":108,"column":3519}},"22":{"start":{"line":118,"column":8},"end":{"line":118,"column":23}},"23":{"start":{"line":123,"column":8},"end":{"line":123,"column":49}}},"branchMap":{"1":{"line":68,"type":"if","locations":[{"start":{"line":68,"column":8},"end":{"line":68,"column":8}},{"start":{"line":68,"column":8},"end":{"line":68,"column":8}}]},"2":{"line":73,"type":"if","locations":[{"start":{"line":73,"column":8},"end":{"line":73,"column":8}},{"start":{"line":73,"column":8},"end":{"line":73,"column":8}}]},"3":{"line":93,"type":"if","locations":[{"start":{"line":93,"column":76},"end":{"line":93,"column":76}},{"start":{"line":93,"column":76},"end":{"line":93,"column":76}}]},"4":{"line":123,"type":"if","locations":[{"start":{"line":123,"column":8},"end":{"line":123,"column":8}},{"start":{"line":123,"column":8},"end":{"line":123,"column":8}}]}}},"contracts\\ownership\\Secondary.sol":{"l":{"20":7,"21":7,"28":3,"29":3,"36":0,"44":0,"45":0,"46":0},"path":"D:\\personalDoc\\DijiaCoder\\Meta-Node-Dao\\meta-land-contract\\contracts\\ownership\\Secondary.sol","s":{"1":7,"2":3,"3":0,"4":0,"5":0},"b":{"1":[3,0],"2":[0,0],"3":[0,0]},"f":{"1":7,"2":3,"3":0,"4":0},"fnMap":{"1":{"name":"constructor","line":19,"loc":{"start":{"line":19,"column":4},"end":{"line":22,"column":4}}},"2":{"name":"onlyPrimary","line":27,"loc":{"start":{"line":27,"column":4},"end":{"line":30,"column":4}}},"3":{"name":"primary","line":35,"loc":{"start":{"line":35,"column":4},"end":{"line":37,"column":4}}},"4":{"name":"transferPrimary","line":43,"loc":{"start":{"line":43,"column":4},"end":{"line":47,"column":4}}}},"statementMap":{"1":{"start":{"line":21,"column":8},"end":{"line":21,"column":41}},"2":{"start":{"line":28,"column":8},"end":{"line":28,"column":88}},"3":{"start":{"line":36,"column":8},"end":{"line":36,"column":23}},"4":{"start":{"line":44,"column":8},"end":{"line":44,"column":85}},"5":{"start":{"line":46,"column":8},"end":{"line":46,"column":41}}},"branchMap":{"1":{"line":28,"type":"if","locations":[{"start":{"line":28,"column":8},"end":{"line":28,"column":8}},{"start":{"line":28,"column":8},"end":{"line":28,"column":8}}]},"2":{"line":43,"type":"if","locations":[{"start":{"line":43,"column":55},"end":{"line":43,"column":55}},{"start":{"line":43,"column":55},"end":{"line":43,"column":55}}]},"3":{"line":44,"type":"if","locations":[{"start":{"line":44,"column":8},"end":{"line":44,"column":8}},{"start":{"line":44,"column":8},"end":{"line":44,"column":8}}]}}},"contracts\\Startup.sol":{"l":{"44":0,"48":0,"53":0,"54":0,"56":0,"57":0},"path":"D:\\personalDoc\\DijiaCoder\\Meta-Node-Dao\\meta-land-contract\\contracts\\Startup.sol","s":{"1":0,"2":0,"3":0,"4":0,"5":0},"b":{"1":[0,0],"2":[0,0],"3":[0,0],"4":[0,0]},"f":{"1":0,"2":0,"3":0},"fnMap":{"1":{"name":"constructor","line":43,"loc":{"start":{"line":43,"column":4},"end":{"line":45,"column":4}}},"2":{"name":"initialize","line":47,"loc":{"start":{"line":47,"column":4},"end":{"line":49,"column":4}}},"3":{"name":"newStartup","line":52,"loc":{"start":{"line":52,"column":4},"end":{"line":58,"column":4}}}},"statementMap":{"1":{"start":{"line":44,"column":8},"end":{"line":44,"column":29}},"2":{"start":{"line":48,"column":8},"end":{"line":48,"column":25}},"3":{"start":{"line":53,"column":8},"end":{"line":53,"column":65}},"4":{"start":{"line":54,"column":8},"end":{"line":54,"column":86}},"5":{"start":{"line":57,"column":8},"end":{"line":57,"column":43}}},"branchMap":{"1":{"line":47,"type":"if","locations":[{"start":{"line":47,"column":42},"end":{"line":47,"column":42}},{"start":{"line":47,"column":42},"end":{"line":47,"column":42}}]},"2":{"line":52,"type":"if","locations":[{"start":{"line":52,"column":59},"end":{"line":52,"column":59}},{"start":{"line":52,"column":59},"end":{"line":52,"column":59}}]},"3":{"line":53,"type":"if","locations":[{"start":{"line":53,"column":8},"end":{"line":53,"column":8}},{"start":{"line":53,"column":8},"end":{"line":53,"column":8}}]},"4":{"line":54,"type":"if","locations":[{"start":{"line":54,"column":8},"end":{"line":54,"column":8}},{"start":{"line":54,"column":8},"end":{"line":54,"column":8}}]}}},"contracts\\StartupStore.sol":{"l":{"18":0,"19":0,"20":0,"24":0,"25":0,"29":0},"path":"D:\\personalDoc\\DijiaCoder\\Meta-Node-Dao\\meta-land-contract\\contracts\\StartupStore.sol","s":{"1":0,"2":0,"3":0,"4":0,"5":0},"b":{"1":[0,0]},"f":{"1":0,"2":0,"3":0},"fnMap":{"1":{"name":"putStartup","line":17,"loc":{"start":{"line":17,"column":4},"end":{"line":21,"column":4}}},"2":{"name":"getStartup","line":23,"loc":{"start":{"line":23,"column":4},"end":{"line":26,"column":4}}},"3":{"name":"getStartups","line":28,"loc":{"start":{"line":28,"column":4},"end":{"line":30,"column":4}}}},"statementMap":{"1":{"start":{"line":18,"column":8},"end":{"line":18,"column":68}},"2":{"start":{"line":20,"column":8},"end":{"line":20,"column":29}},"3":{"start":{"line":24,"column":8},"end":{"line":24,"column":44}},"4":{"start":{"line":25,"column":8},"end":{"line":25,"column":53}},"5":{"start":{"line":29,"column":8},"end":{"line":29,"column":25}}},"branchMap":{"1":{"line":17,"type":"if","locations":[{"start":{"line":17,"column":100},"end":{"line":17,"column":100}},{"start":{"line":17,"column":100},"end":{"line":17,"column":100}}]}}},"contracts\\test\\MockERC20.sol":{"l":{"10":1},"path":"D:\\personalDoc\\DijiaCoder\\Meta-Node-Dao\\meta-land-contract\\contracts\\test\\MockERC20.sol","s":{"1":1},"b":{},"f":{"1":6,"2":1},"fnMap":{"1":{"name":"constructor","line":7,"loc":{"start":{"line":7,"column":4},"end":{"line":7,"column":79}}},"2":{"name":"mint","line":9,"loc":{"start":{"line":9,"column":4},"end":{"line":11,"column":4}}}},"statementMap":{"1":{"start":{"line":10,"column":8},"end":{"line":10,"column":24}}},"branchMap":{}},"contracts\\test\\Startup_v2.sol":{"l":{"44":0,"48":0,"53":0,"55":0,"56":0,"57":0},"path":"D:\\personalDoc\\DijiaCoder\\Meta-Node-Dao\\meta-land-contract\\contracts\\test\\Startup_v2.sol","s":{"1":0,"2":0,"3":0,"4":0,"5":0},"b":{"1":[0,0],"2":[0,0],"3":[0,0],"4":[0,0]},"f":{"1":0,"2":0,"3":0},"fnMap":{"1":{"name":"constructor","line":43,"loc":{"start":{"line":43,"column":4},"end":{"line":45,"column":4}}},"2":{"name":"initialize","line":47,"loc":{"start":{"line":47,"column":4},"end":{"line":49,"column":4}}},"3":{"name":"newStartup","line":52,"loc":{"start":{"line":52,"column":4},"end":{"line":58,"column":4}}}},"statementMap":{"1":{"start":{"line":44,"column":8},"end":{"line":44,"column":29}},"2":{"start":{"line":48,"column":8},"end":{"line":48,"column":25}},"3":{"start":{"line":53,"column":8},"end":{"line":53,"column":65}},"4":{"start":{"line":55,"column":8},"end":{"line":55,"column":74}},"5":{"start":{"line":57,"column":8},"end":{"line":57,"column":43}}},"branchMap":{"1":{"line":47,"type":"if","locations":[{"start":{"line":47,"column":42},"end":{"line":47,"column":42}},{"start":{"line":47,"column":42},"end":{"line":47,"column":42}}]},"2":{"line":52,"type":"if","locations":[{"start":{"line":52,"column":59},"end":{"line":52,"column":59}},{"start":{"line":52,"column":59},"end":{"line":52,"column":59}}]},"3":{"line":53,"type":"if","locations":[{"start":{"line":53,"column":8},"end":{"line":53,"column":8}},{"start":{"line":53,"column":8},"end":{"line":53,"column":8}}]},"4":{"line":55,"type":"if","locations":[{"start":{"line":55,"column":8},"end":{"line":55,"column":8}},{"start":{"line":55,"column":8},"end":{"line":55,"column":8}}]}}},"contracts\\Whitelist.sol":{"l":{"12":0,"13":0,"16":0,"17":0,"18":0,"19":0,"22":0,"23":0,"24":0,"27":0},"path":"D:\\personalDoc\\DijiaCoder\\Meta-Node-Dao\\meta-land-contract\\contracts\\Whitelist.sol","s":{"1":0,"2":0,"3":0,"4":0,"5":0,"6":0,"7":0},"b":{"1":[0,0],"2":[0,0],"3":[0,0],"4":[0,0],"5":[0,0],"6":[0,0]},"f":{"1":0,"2":0,"3":0,"4":0},"fnMap":{"1":{"name":"onlyWhitelisted","line":11,"loc":{"start":{"line":11,"column":4},"end":{"line":14,"column":4}}},"2":{"name":"addToWhitelist","line":15,"loc":{"start":{"line":15,"column":4},"end":{"line":20,"column":4}}},"3":{"name":"removeFromWhitelist","line":21,"loc":{"start":{"line":21,"column":4},"end":{"line":25,"column":4}}},"4":{"name":"isWhitelisted","line":26,"loc":{"start":{"line":26,"column":4},"end":{"line":28,"column":4}}}},"statementMap":{"1":{"start":{"line":12,"column":8},"end":{"line":12,"column":91}},"2":{"start":{"line":16,"column":8},"end":{"line":16,"column":57}},"3":{"start":{"line":17,"column":8},"end":{"line":17,"column":70}},"4":{"start":{"line":19,"column":8},"end":{"line":19,"column":34}},"5":{"start":{"line":22,"column":8},"end":{"line":22,"column":65}},"6":{"start":{"line":24,"column":8},"end":{"line":24,"column":36}},"7":{"start":{"line":27,"column":8},"end":{"line":27,"column":33}}},"branchMap":{"1":{"line":12,"type":"if","locations":[{"start":{"line":12,"column":8},"end":{"line":12,"column":8}},{"start":{"line":12,"column":8},"end":{"line":12,"column":8}}]},"2":{"line":15,"type":"if","locations":[{"start":{"line":15,"column":54},"end":{"line":15,"column":54}},{"start":{"line":15,"column":54},"end":{"line":15,"column":54}}]},"3":{"line":16,"type":"if","locations":[{"start":{"line":16,"column":8},"end":{"line":16,"column":8}},{"start":{"line":16,"column":8},"end":{"line":16,"column":8}}]},"4":{"line":17,"type":"if","locations":[{"start":{"line":17,"column":8},"end":{"line":17,"column":8}},{"start":{"line":17,"column":8},"end":{"line":17,"column":8}}]},"5":{"line":21,"type":"if","locations":[{"start":{"line":21,"column":59},"end":{"line":21,"column":59}},{"start":{"line":21,"column":59},"end":{"line":21,"column":59}}]},"6":{"line":22,"type":"if","locations":[{"start":{"line":22,"column":8},"end":{"line":22,"column":8}},{"start":{"line":22,"column":8},"end":{"line":22,"column":8}}]}}}}