{"contracts\\base\\Base.sol":{"l":{"12":0,"13":0,"18":0,"22":0,"26":0,"30":0,"34":0,"35":0,"39":0,"40":0,"41":0,"47":0},"path":"D:\\DijiaCoder\\Meta-Node-Dao\\meta-land-contract\\contracts\\base\\Base.sol","s":{"1":0,"2":0,"3":0,"4":0,"5":0,"6":0,"7":0},"b":{"1":[0,0],"2":[0,0],"3":[0,0],"4":[0,0]},"f":{"1":0,"2":0,"3":0,"4":0,"5":0,"6":0,"7":0},"fnMap":{"1":{"name":"isOwner","line":11,"loc":{"start":{"line":11,"column":4},"end":{"line":14,"column":4}}},"2":{"name":"constructor","line":16,"loc":{"start":{"line":16,"column":4},"end":{"line":19,"column":4}}},"3":{"name":null,"line":21,"loc":{"start":{"line":21,"column":4},"end":{"line":23,"column":4}}},"4":{"name":"setCoinBase","line":29,"loc":{"start":{"line":29,"column":4},"end":{"line":31,"column":4}}},"5":{"name":"transferOwnership","line":33,"loc":{"start":{"line":33,"column":4},"end":{"line":36,"column":4}}},"6":{"name":"_transferOwnership","line":38,"loc":{"start":{"line":38,"column":4},"end":{"line":42,"column":4}}},"7":{"name":"suicide0","line":46,"loc":{"start":{"line":44,"column":4},"end":{"line":48,"column":4}}}},"statementMap":{"1":{"start":{"line":12,"column":8},"end":{"line":12,"column":35}},"2":{"start":{"line":22,"column":8},"end":{"line":22,"column":15}},"3":{"start":{"line":34,"column":8},"end":{"line":34,"column":80}},"4":{"start":{"line":35,"column":8},"end":{"line":35,"column":35}},"5":{"start":{"line":39,"column":8},"end":{"line":39,"column":33}},"6":{"start":{"line":41,"column":8},"end":{"line":41,"column":53}},"7":{"start":{"line":47,"column":8},"end":{"line":47,"column":29}}},"branchMap":{"1":{"line":29,"type":"if","locations":[{"start":{"line":29,"column":54},"end":{"line":29,"column":54}},{"start":{"line":29,"column":54},"end":{"line":29,"column":54}}]},"2":{"line":33,"type":"if","locations":[{"start":{"line":33,"column":64},"end":{"line":33,"column":64}},{"start":{"line":33,"column":64},"end":{"line":33,"column":64}}]},"3":{"line":34,"type":"if","locations":[{"start":{"line":34,"column":8},"end":{"line":34,"column":8}},{"start":{"line":34,"column":8},"end":{"line":34,"column":8}}]},"4":{"line":46,"type":"if","locations":[{"start":{"line":46,"column":4},"end":{"line":46,"column":4}},{"start":{"line":46,"column":4},"end":{"line":46,"column":4}}]}}},"contracts\\base\\Proxy.sol":{"l":{"14":0,"18":0,"20":0,"26":0,"27":0,"31":0,"35":0,"36":0,"37":0,"38":0,"40":0,"43":0,"47":0,"58":0,"59":0,"60":0},"path":"D:\\DijiaCoder\\Meta-Node-Dao\\meta-land-contract\\contracts\\base\\Proxy.sol","s":{"1":0,"2":0,"3":0,"4":0,"5":0,"6":0,"7":0,"8":0,"9":0,"10":0,"11":0},"b":{"1":[0,0],"2":[0,0],"3":[0,0],"4":[0,0],"5":[0,0]},"f":{"1":0,"2":0,"3":0,"4":0,"5":0,"6":0},"fnMap":{"1":{"name":"constructor","line":12,"loc":{"start":{"line":12,"column":4},"end":{"line":15,"column":4}}},"2":{"name":"_implementation","line":17,"loc":{"start":{"line":17,"column":4},"end":{"line":23,"column":4}}},"3":{"name":"isContract","line":25,"loc":{"start":{"line":25,"column":4},"end":{"line":32,"column":4}}},"4":{"name":"_upgradeTo","line":34,"loc":{"start":{"line":34,"column":4},"end":{"line":44,"column":4}}},"5":{"name":"_delegate","line":46,"loc":{"start":{"line":46,"column":4},"end":{"line":55,"column":4}}},"6":{"name":null,"line":57,"loc":{"start":{"line":57,"column":4},"end":{"line":61,"column":4}}}},"statementMap":{"1":{"start":{"line":18,"column":8},"end":{"line":18,"column":29}},"2":{"start":{"line":26,"column":8},"end":{"line":26,"column":19}},"3":{"start":{"line":31,"column":8},"end":{"line":31,"column":25}},"4":{"start":{"line":35,"column":8},"end":{"line":35,"column":74}},"5":{"start":{"line":36,"column":8},"end":{"line":36,"column":53}},"6":{"start":{"line":37,"column":8},"end":{"line":37,"column":89}},"7":{"start":{"line":38,"column":8},"end":{"line":38,"column":29}},"8":{"start":{"line":43,"column":8},"end":{"line":43,"column":30}},"9":{"start":{"line":58,"column":8},"end":{"line":58,"column":41}},"10":{"start":{"line":59,"column":8},"end":{"line":59,"column":70}},"11":{"start":{"line":60,"column":8},"end":{"line":60,"column":23}}},"branchMap":{"1":{"line":34,"type":"if","locations":[{"start":{"line":34,"column":48},"end":{"line":34,"column":48}},{"start":{"line":34,"column":48},"end":{"line":34,"column":48}}]},"2":{"line":35,"type":"if","locations":[{"start":{"line":35,"column":8},"end":{"line":35,"column":8}},{"start":{"line":35,"column":8},"end":{"line":35,"column":8}}]},"3":{"line":36,"type":"if","locations":[{"start":{"line":36,"column":8},"end":{"line":36,"column":8}},{"start":{"line":36,"column":8},"end":{"line":36,"column":8}}]},"4":{"line":37,"type":"if","locations":[{"start":{"line":37,"column":8},"end":{"line":37,"column":8}},{"start":{"line":37,"column":8},"end":{"line":37,"column":8}}]},"5":{"line":59,"type":"if","locations":[{"start":{"line":59,"column":8},"end":{"line":59,"column":8}},{"start":{"line":59,"column":8},"end":{"line":59,"column":8}}]}}},"contracts\\Bounty.sol":{"l":{"31":3,"35":3,"36":3,"37":3,"38":3,"55":7,"56":6,"63":6,"64":6,"65":6,"66":5,"67":2,"68":1,"69":1,"70":1,"72":3,"73":3,"74":2,"75":1,"79":3,"81":3,"82":3,"86":1,"90":0,"94":0,"98":0,"102":0,"151":0,"152":0,"156":0,"157":0,"161":0,"162":0,"166":0,"167":0,"171":0,"172":0,"176":0,"177":0,"181":0,"182":0,"186":0,"187":0,"191":0,"192":0,"196":0,"197":0,"201":0,"202":0,"206":0,"207":0,"211":0,"212":0,"216":0,"217":0,"221":0,"222":0,"223":0,"224":0,"228":6,"229":6,"233":6,"234":6,"235":6,"239":6,"240":6,"242":6,"243":6,"244":6,"245":6,"246":6,"247":6,"248":3,"250":3,"251":3,"253":6,"257":0,"258":0,"259":0,"260":0,"264":0,"268":0,"269":0,"270":0,"274":0,"275":0,"278":0,"279":0,"280":0,"281":0,"282":0,"283":0,"284":0,"285":0,"289":0,"290":0,"291":0,"292":0,"293":0,"297":0,"298":0,"299":0,"300":0,"301":0,"302":0,"306":0,"307":0,"311":0,"312":0,"316":0,"317":0,"321":0,"322":0,"326":4,"334":0,"335":0,"337":0,"342":0,"346":0,"350":0,"354":0,"358":0,"365":0,"366":0,"368":0,"373":0,"374":0,"375":0,"377":0,"378":0,"380":0,"381":0,"382":0,"388":0,"389":0,"393":0,"394":0,"395":0,"396":0,"397":0,"403":0,"404":0,"405":0,"406":0,"410":0,"411":0,"412":0,"413":0,"414":0,"415":0,"416":0,"422":0,"423":0,"424":0,"425":0,"426":0,"430":0,"431":0,"432":0,"433":0,"434":0,"436":0,"438":0,"440":0,"444":0,"445":0,"446":0,"448":0,"449":0,"453":0,"454":0,"456":0,"461":0,"465":6,"466":6,"468":0,"473":0,"474":0,"475":0,"476":0,"479":0,"483":0,"484":0,"485":0,"486":0,"489":0,"491":0,"495":0,"499":0,"500":0,"501":0,"502":0,"503":0,"507":0,"508":0,"512":0,"516":0,"520":0,"525":0,"526":0,"527":0,"528":0,"529":0,"530":0,"531":0,"533":0,"536":0,"540":0,"541":0,"542":0,"543":0,"545":0,"546":0,"548":0,"552":0,"553":0,"554":0,"555":0,"557":0},"path":"D:\\DijiaCoder\\Meta-Node-Dao\\meta-land-contract\\contracts\\Bounty.sol","s":{"1":3,"2":3,"3":3,"4":3,"5":7,"6":6,"7":6,"8":6,"9":6,"10":5,"11":2,"12":1,"13":1,"14":3,"15":3,"16":2,"17":1,"18":3,"19":3,"20":3,"21":1,"22":0,"23":0,"24":0,"25":0,"26":0,"27":0,"28":0,"29":0,"30":0,"31":0,"32":0,"33":0,"34":0,"35":0,"36":0,"37":0,"38":0,"39":0,"40":6,"41":6,"42":6,"43":0,"44":0,"45":0,"46":0,"47":0,"48":0,"49":0,"50":0,"51":0,"52":0,"53":0,"54":0,"55":0,"56":0,"57":0,"58":0,"59":0,"60":0,"61":0,"62":0,"63":0,"64":0,"65":0,"66":0,"67":0,"68":0,"69":0,"70":0,"71":0,"72":0,"73":4,"74":0,"75":0,"76":0,"77":0,"78":0,"79":0,"80":0,"81":0,"82":0,"83":0,"84":0,"85":0,"86":0,"87":0,"88":0,"89":0,"90":0,"91":0,"92":0,"93":0,"94":0,"95":0,"96":0,"97":0,"98":0,"99":0,"100":0,"101":0,"102":0,"103":0,"104":0,"105":0,"106":0,"107":0,"108":0,"109":0,"110":0,"111":0,"112":0,"113":0,"114":0,"115":0,"116":0,"117":0,"118":0,"119":0,"120":0,"121":0,"122":0,"123":0,"124":0,"125":0,"126":6,"127":6,"128":0,"129":0,"130":0,"131":0,"132":0,"133":0,"134":0,"135":0,"136":0,"137":0,"138":0,"139":0,"140":0,"141":0,"142":0,"143":0,"144":0,"145":0,"146":0,"147":0,"148":0,"149":0,"150":0,"151":0,"152":0,"153":0,"154":0,"155":0,"156":0,"157":0,"158":0,"159":0,"160":0,"161":0},"b":{"1":[3,0],"2":[0,0],"3":[7,0],"4":[6,1],"5":[5,1],"6":[2,3],"7":[1,1],"8":[1,0],"9":[2,1],"10":[1,1],"11":[1,0],"12":[0,0],"13":[0,0],"14":[0,0],"15":[0,0],"16":[0,0],"17":[0,0],"18":[0,0],"19":[0,0],"20":[6,0],"21":[6,0],"22":[6,0],"23":[3,3],"24":[0,0],"25":[0,0],"26":[0,0],"27":[0,0],"28":[0,0],"29":[0,0],"30":[0,0],"31":[0,0],"32":[0,0],"33":[0,0],"34":[0,0],"35":[0,0],"36":[0,0],"37":[0,0],"38":[0,0],"39":[0,0],"40":[0,0],"41":[0,0],"42":[0,0],"43":[0,0],"44":[0,0],"45":[0,0],"46":[0,0],"47":[0,0],"48":[0,0],"49":[0,0],"50":[0,0],"51":[0,0],"52":[0,0],"53":[0,0],"54":[0,0],"55":[0,0],"56":[0,0],"57":[4,0],"58":[0,0],"59":[0,0],"60":[0,0],"61":[0,0],"62":[0,0],"63":[0,0],"64":[0,0],"65":[0,0],"66":[0,0],"67":[0,0],"68":[0,0],"69":[0,0],"70":[0,0],"71":[0,0],"72":[0,0],"73":[0,0],"74":[0,0],"75":[0,0],"76":[0,0],"77":[0,0],"78":[0,0],"79":[0,0],"80":[6,0],"81":[0,0],"82":[0,0],"83":[0,0],"84":[0,0],"85":[0,0],"86":[0,0],"87":[0,0],"88":[0,0],"89":[0,0],"90":[0,0],"91":[0,0],"92":[0,0],"93":[0,0],"94":[0,0],"95":[0,0],"96":[0,0],"97":[0,0],"98":[0,0],"99":[0,0],"100":[0,0],"101":[0,0],"102":[0,0],"103":[0,0],"104":[0,0],"105":[0,0]},"f":{"1":3,"2":3,"3":0,"4":7,"5":1,"6":0,"7":0,"8":0,"9":0,"10":0,"11":0,"12":0,"13":0,"14":0,"15":0,"16":0,"17":0,"18":0,"19":0,"20":0,"21":0,"22":0,"23":0,"24":0,"25":6,"26":6,"27":6,"28":0,"29":0,"30":0,"31":0,"32":0,"33":0,"34":0,"35":0,"36":0,"37":0,"38":4,"39":0,"40":0,"41":0,"42":0,"43":0,"44":0,"45":0,"46":0,"47":0,"48":0,"49":0,"50":0,"51":0,"52":0,"53":0,"54":0,"55":0,"56":0,"57":6,"58":0,"59":0,"60":0,"61":0,"62":0,"63":0,"64":0,"65":0,"66":0,"67":0,"68":0},"fnMap":{"1":{"name":"constructor","line":30,"loc":{"start":{"line":30,"column":4},"end":{"line":32,"column":4}}},"2":{"name":"initialize","line":34,"loc":{"start":{"line":34,"column":4},"end":{"line":39,"column":4}}},"3":{"name":"_authorizeUpgrade","line":41,"loc":{"start":{"line":41,"column":4},"end":{"line":41,"column":87}}},"4":{"name":"createBounty","line":53,"loc":{"start":{"line":50,"column":4},"end":{"line":83,"column":4}}},"5":{"name":"children","line":85,"loc":{"start":{"line":85,"column":4},"end":{"line":87,"column":4}}},"6":{"name":"isChild","line":89,"loc":{"start":{"line":89,"column":4},"end":{"line":91,"column":4}}},"7":{"name":"transferPrimary","line":93,"loc":{"start":{"line":93,"column":4},"end":{"line":95,"column":4}}},"8":{"name":"getStore","line":97,"loc":{"start":{"line":97,"column":4},"end":{"line":99,"column":4}}},"9":{"name":"transferStore","line":101,"loc":{"start":{"line":101,"column":4},"end":{"line":103,"column":4}}},"10":{"name":"onlyFounder","line":150,"loc":{"start":{"line":150,"column":4},"end":{"line":153,"column":4}}},"11":{"name":"onlyOthers","line":155,"loc":{"start":{"line":155,"column":4},"end":{"line":158,"column":4}}},"12":{"name":"onlyApplied","line":160,"loc":{"start":{"line":160,"column":4},"end":{"line":163,"column":4}}},"13":{"name":"inApplyTime","line":165,"loc":{"start":{"line":165,"column":4},"end":{"line":168,"column":4}}},"14":{"name":"inReadyToWork","line":170,"loc":{"start":{"line":170,"column":4},"end":{"line":173,"column":4}}},"15":{"name":"inWorkStarted","line":175,"loc":{"start":{"line":175,"column":4},"end":{"line":178,"column":4}}},"16":{"name":"notCompleted","line":180,"loc":{"start":{"line":180,"column":4},"end":{"line":183,"column":4}}},"17":{"name":"notExpired","line":185,"loc":{"start":{"line":185,"column":4},"end":{"line":188,"column":4}}},"18":{"name":"depositLocked","line":190,"loc":{"start":{"line":190,"column":4},"end":{"line":193,"column":4}}},"19":{"name":"depositUnlock","line":195,"loc":{"start":{"line":195,"column":4},"end":{"line":198,"column":4}}},"20":{"name":"zeroDeposit","line":200,"loc":{"start":{"line":200,"column":4},"end":{"line":203,"column":4}}},"21":{"name":"nonzeroDeposit","line":205,"loc":{"start":{"line":205,"column":4},"end":{"line":208,"column":4}}},"22":{"name":"depositLocker","line":210,"loc":{"start":{"line":210,"column":4},"end":{"line":213,"column":4}}},"23":{"name":"depositUnlocker","line":215,"loc":{"start":{"line":215,"column":4},"end":{"line":218,"column":4}}},"24":{"name":"noReentrant","line":220,"loc":{"start":{"line":220,"column":4},"end":{"line":225,"column":4}}},"25":{"name":"zeroStore","line":227,"loc":{"start":{"line":227,"column":4},"end":{"line":230,"column":4}}},"26":{"name":"constructor","line":232,"loc":{"start":{"line":232,"column":4},"end":{"line":236,"column":4}}},"27":{"name":"init","line":238,"loc":{"start":{"line":238,"column":4},"end":{"line":254,"column":4}}},"28":{"name":"deposit","line":256,"loc":{"start":{"line":256,"column":4},"end":{"line":261,"column":4}}},"29":{"name":"release","line":263,"loc":{"start":{"line":263,"column":4},"end":{"line":265,"column":4}}},"30":{"name":"close","line":267,"loc":{"start":{"line":267,"column":4},"end":{"line":271,"column":4}}},"31":{"name":"approveApplicant","line":273,"loc":{"start":{"line":273,"column":4},"end":{"line":286,"column":4}}},"32":{"name":"unapproveApplicant","line":288,"loc":{"start":{"line":288,"column":4},"end":{"line":294,"column":4}}},"33":{"name":"applyFor","line":296,"loc":{"start":{"line":296,"column":4},"end":{"line":303,"column":4}}},"34":{"name":"releaseMyDeposit","line":305,"loc":{"start":{"line":305,"column":4},"end":{"line":308,"column":4}}},"35":{"name":"lock","line":310,"loc":{"start":{"line":310,"column":4},"end":{"line":313,"column":4}}},"36":{"name":"unlock","line":315,"loc":{"start":{"line":315,"column":4},"end":{"line":318,"column":4}}},"37":{"name":"postUpdate","line":320,"loc":{"start":{"line":320,"column":4},"end":{"line":323,"column":4}}},"38":{"name":"vaultAccount","line":325,"loc":{"start":{"line":325,"column":4},"end":{"line":327,"column":4}}},"39":{"name":"state","line":329,"loc":{"start":{"line":329,"column":4},"end":{"line":339,"column":4}}},"40":{"name":"whoAmI","line":341,"loc":{"start":{"line":341,"column":4},"end":{"line":343,"column":4}}},"41":{"name":"parameters","line":345,"loc":{"start":{"line":345,"column":4},"end":{"line":347,"column":4}}},"42":{"name":"transferPrimary","line":349,"loc":{"start":{"line":349,"column":4},"end":{"line":351,"column":4}}},"43":{"name":"getStore","line":353,"loc":{"start":{"line":353,"column":4},"end":{"line":355,"column":4}}},"44":{"name":"transferStore","line":357,"loc":{"start":{"line":357,"column":4},"end":{"line":359,"column":4}}},"45":{"name":"renounceOwnership","line":361,"loc":{"start":{"line":361,"column":4},"end":{"line":362,"column":4}}},"46":{"name":"_depositIsLocked","line":364,"loc":{"start":{"line":364,"column":4},"end":{"line":370,"column":4}}},"47":{"name":"_deposit","line":372,"loc":{"start":{"line":372,"column":4},"end":{"line":385,"column":4}}},"48":{"name":"_releaseAllDeposit","line":387,"loc":{"start":{"line":387,"column":4},"end":{"line":390,"column":4}}},"49":{"name":"_refuseOtherApplicants","line":392,"loc":{"start":{"line":392,"column":4},"end":{"line":400,"column":4}}},"50":{"name":"_refundFounder","line":402,"loc":{"start":{"line":402,"column":4},"end":{"line":407,"column":4}}},"51":{"name":"_refundApplicants","line":409,"loc":{"start":{"line":409,"column":4},"end":{"line":419,"column":4}}},"52":{"name":"_refundApplicant","line":421,"loc":{"start":{"line":421,"column":4},"end":{"line":427,"column":4}}},"53":{"name":"_refundDepositToken","line":429,"loc":{"start":{"line":429,"column":4},"end":{"line":441,"column":4}}},"54":{"name":"_addApplicant","line":443,"loc":{"start":{"line":443,"column":4},"end":{"line":450,"column":4}}},"55":{"name":"_getBalance","line":452,"loc":{"start":{"line":452,"column":4},"end":{"line":458,"column":4}}},"56":{"name":"_startTimer","line":460,"loc":{"start":{"line":460,"column":4},"end":{"line":462,"column":4}}},"57":{"name":"_statusFromTime","line":464,"loc":{"start":{"line":464,"column":4},"end":{"line":470,"column":4}}},"58":{"name":"_checkDepositLocker","line":472,"loc":{"start":{"line":472,"column":4},"end":{"line":480,"column":4}}},"59":{"name":"_checkDepositUnlocker","line":482,"loc":{"start":{"line":482,"column":4},"end":{"line":492,"column":4}}},"60":{"name":"_checkFounder","line":494,"loc":{"start":{"line":494,"column":4},"end":{"line":496,"column":4}}},"61":{"name":"_checkOthers","line":498,"loc":{"start":{"line":498,"column":4},"end":{"line":504,"column":4}}},"62":{"name":"_checkAppliedApplicant","line":506,"loc":{"start":{"line":506,"column":4},"end":{"line":509,"column":4}}},"63":{"name":"_checkInApplyTime","line":511,"loc":{"start":{"line":511,"column":4},"end":{"line":513,"column":4}}},"64":{"name":"_checkBountyStatus","line":515,"loc":{"start":{"line":515,"column":4},"end":{"line":517,"column":4}}},"65":{"name":"_checkNotBountyStatus","line":519,"loc":{"start":{"line":519,"column":4},"end":{"line":521,"column":4}}},"66":{"name":"_applicantState","line":523,"loc":{"start":{"line":523,"column":4},"end":{"line":537,"column":4}}},"67":{"name":"_whoIs","line":539,"loc":{"start":{"line":539,"column":4},"end":{"line":549,"column":4}}},"68":{"name":"_getApplicant","line":551,"loc":{"start":{"line":551,"column":4},"end":{"line":558,"column":4}}}},"statementMap":{"1":{"start":{"line":31,"column":8},"end":{"line":31,"column":29}},"2":{"start":{"line":35,"column":8},"end":{"line":35,"column":31}},"3":{"start":{"line":36,"column":8},"end":{"line":36,"column":31}},"4":{"start":{"line":37,"column":8},"end":{"line":37,"column":33}},"5":{"start":{"line":55,"column":8},"end":{"line":55,"column":84}},"6":{"start":{"line":56,"column":8},"end":{"line":56,"column":2111}},"7":{"start":{"line":63,"column":8},"end":{"line":63,"column":61}},"8":{"start":{"line":64,"column":8},"end":{"line":64,"column":25}},"9":{"start":{"line":65,"column":8},"end":{"line":65,"column":2513}},"10":{"start":{"line":66,"column":12},"end":{"line":66,"column":2568}},"11":{"start":{"line":67,"column":16},"end":{"line":67,"column":89}},"12":{"start":{"line":68,"column":16},"end":{"line":68,"column":98}},"13":{"start":{"line":69,"column":16},"end":{"line":69,"column":59}},"14":{"start":{"line":72,"column":16},"end":{"line":72,"column":59}},"15":{"start":{"line":73,"column":16},"end":{"line":73,"column":124}},"16":{"start":{"line":74,"column":16},"end":{"line":74,"column":141}},"17":{"start":{"line":75,"column":16},"end":{"line":75,"column":145}},"18":{"start":{"line":79,"column":8},"end":{"line":79,"column":43}},"19":{"start":{"line":81,"column":8},"end":{"line":81,"column":34}},"20":{"start":{"line":82,"column":8},"end":{"line":82,"column":56}},"21":{"start":{"line":86,"column":8},"end":{"line":86,"column":31}},"22":{"start":{"line":90,"column":8},"end":{"line":90,"column":39}},"23":{"start":{"line":94,"column":8},"end":{"line":94,"column":40}},"24":{"start":{"line":98,"column":8},"end":{"line":98,"column":29}},"25":{"start":{"line":151,"column":8},"end":{"line":151,"column":22}},"26":{"start":{"line":156,"column":8},"end":{"line":156,"column":21}},"27":{"start":{"line":161,"column":8},"end":{"line":161,"column":31}},"28":{"start":{"line":166,"column":8},"end":{"line":166,"column":26}},"29":{"start":{"line":171,"column":8},"end":{"line":171,"column":89}},"30":{"start":{"line":176,"column":8},"end":{"line":176,"column":88}},"31":{"start":{"line":181,"column":8},"end":{"line":181,"column":82}},"32":{"start":{"line":186,"column":8},"end":{"line":186,"column":78}},"33":{"start":{"line":191,"column":8},"end":{"line":191,"column":48}},"34":{"start":{"line":196,"column":8},"end":{"line":196,"column":49}},"35":{"start":{"line":201,"column":8},"end":{"line":201,"column":100}},"36":{"start":{"line":206,"column":8},"end":{"line":206,"column":91}},"37":{"start":{"line":211,"column":8},"end":{"line":211,"column":38}},"38":{"start":{"line":216,"column":8},"end":{"line":216,"column":40}},"39":{"start":{"line":221,"column":8},"end":{"line":221,"column":41}},"40":{"start":{"line":228,"column":8},"end":{"line":228,"column":65}},"41":{"start":{"line":247,"column":8},"end":{"line":247,"column":8238}},"42":{"start":{"line":253,"column":8},"end":{"line":253,"column":54}},"43":{"start":{"line":257,"column":8},"end":{"line":257,"column":53}},"44":{"start":{"line":258,"column":8},"end":{"line":258,"column":24}},"45":{"start":{"line":260,"column":8},"end":{"line":260,"column":63}},"46":{"start":{"line":264,"column":8},"end":{"line":264,"column":27}},"47":{"start":{"line":268,"column":8},"end":{"line":268,"column":116}},"48":{"start":{"line":270,"column":8},"end":{"line":270,"column":44}},"49":{"start":{"line":274,"column":8},"end":{"line":274,"column":65}},"50":{"start":{"line":275,"column":8},"end":{"line":275,"column":9466}},"51":{"start":{"line":278,"column":8},"end":{"line":278,"column":39}},"52":{"start":{"line":279,"column":8},"end":{"line":279,"column":59}},"53":{"start":{"line":282,"column":8},"end":{"line":282,"column":45}},"54":{"start":{"line":283,"column":8},"end":{"line":283,"column":47}},"55":{"start":{"line":284,"column":8},"end":{"line":284,"column":20}},"56":{"start":{"line":285,"column":8},"end":{"line":285,"column":42}},"57":{"start":{"line":289,"column":8},"end":{"line":289,"column":66}},"58":{"start":{"line":290,"column":8},"end":{"line":290,"column":72}},"59":{"start":{"line":291,"column":8},"end":{"line":291,"column":76}},"60":{"start":{"line":292,"column":8},"end":{"line":292,"column":46}},"61":{"start":{"line":293,"column":8},"end":{"line":293,"column":44}},"62":{"start":{"line":297,"column":8},"end":{"line":297,"column":92}},"63":{"start":{"line":298,"column":8},"end":{"line":298,"column":24}},"64":{"start":{"line":299,"column":8},"end":{"line":299,"column":66}},"65":{"start":{"line":301,"column":8},"end":{"line":301,"column":66}},"66":{"start":{"line":302,"column":8},"end":{"line":302,"column":79}},"67":{"start":{"line":306,"column":8},"end":{"line":306,"column":35}},"68":{"start":{"line":307,"column":8},"end":{"line":307,"column":76}},"69":{"start":{"line":312,"column":8},"end":{"line":312,"column":29}},"70":{"start":{"line":317,"column":8},"end":{"line":317,"column":31}},"71":{"start":{"line":321,"column":8},"end":{"line":321,"column":20}},"72":{"start":{"line":322,"column":8},"end":{"line":322,"column":45}},"73":{"start":{"line":326,"column":8},"end":{"line":326,"column":20}},"74":{"start":{"line":334,"column":8},"end":{"line":334,"column":71}},"75":{"start":{"line":335,"column":8},"end":{"line":335,"column":57}},"76":{"start":{"line":337,"column":8},"end":{"line":337,"column":12213}},"77":{"start":{"line":342,"column":8},"end":{"line":342,"column":33}},"78":{"start":{"line":346,"column":8},"end":{"line":346,"column":20}},"79":{"start":{"line":350,"column":8},"end":{"line":350,"column":39}},"80":{"start":{"line":354,"column":8},"end":{"line":354,"column":29}},"81":{"start":{"line":365,"column":8},"end":{"line":365,"column":13108}},"82":{"start":{"line":366,"column":12},"end":{"line":366,"column":30}},"83":{"start":{"line":368,"column":12},"end":{"line":368,"column":24}},"84":{"start":{"line":373,"column":8},"end":{"line":373,"column":13317}},"85":{"start":{"line":374,"column":12},"end":{"line":374,"column":13353}},"86":{"start":{"line":375,"column":16},"end":{"line":375,"column":70}},"87":{"start":{"line":377,"column":16},"end":{"line":377,"column":63}},"88":{"start":{"line":378,"column":16},"end":{"line":378,"column":59}},"89":{"start":{"line":380,"column":16},"end":{"line":380,"column":130}},"90":{"start":{"line":381,"column":16},"end":{"line":381,"column":115}},"91":{"start":{"line":382,"column":16},"end":{"line":382,"column":115}},"92":{"start":{"line":388,"column":8},"end":{"line":388,"column":23}},"93":{"start":{"line":389,"column":8},"end":{"line":389,"column":26}},"94":{"start":{"line":393,"column":8},"end":{"line":393,"column":57}},"95":{"start":{"line":394,"column":8},"end":{"line":394,"column":14354}},"96":{"start":{"line":395,"column":12},"end":{"line":395,"column":14413}},"97":{"start":{"line":396,"column":16},"end":{"line":396,"column":47}},"98":{"start":{"line":397,"column":16},"end":{"line":397,"column":87}},"99":{"start":{"line":403,"column":8},"end":{"line":403,"column":46}},"100":{"start":{"line":404,"column":8},"end":{"line":404,"column":103}},"101":{"start":{"line":406,"column":8},"end":{"line":406,"column":77}},"102":{"start":{"line":410,"column":8},"end":{"line":410,"column":57}},"103":{"start":{"line":411,"column":8},"end":{"line":411,"column":15074}},"104":{"start":{"line":412,"column":12},"end":{"line":412,"column":45}},"105":{"start":{"line":413,"column":12},"end":{"line":413,"column":37}},"106":{"start":{"line":414,"column":12},"end":{"line":414,"column":59}},"107":{"start":{"line":415,"column":12},"end":{"line":415,"column":15284}},"108":{"start":{"line":416,"column":16},"end":{"line":416,"column":82}},"109":{"start":{"line":422,"column":8},"end":{"line":422,"column":57}},"110":{"start":{"line":423,"column":8},"end":{"line":423,"column":102}},"111":{"start":{"line":425,"column":8},"end":{"line":425,"column":44}},"112":{"start":{"line":426,"column":8},"end":{"line":426,"column":82}},"113":{"start":{"line":430,"column":8},"end":{"line":430,"column":26}},"114":{"start":{"line":431,"column":8},"end":{"line":431,"column":16025}},"115":{"start":{"line":433,"column":12},"end":{"line":433,"column":16090}},"116":{"start":{"line":438,"column":12},"end":{"line":438,"column":44}},"117":{"start":{"line":440,"column":8},"end":{"line":440,"column":21}},"118":{"start":{"line":444,"column":8},"end":{"line":444,"column":55}},"119":{"start":{"line":445,"column":8},"end":{"line":445,"column":16546}},"120":{"start":{"line":446,"column":12},"end":{"line":446,"column":40}},"121":{"start":{"line":448,"column":8},"end":{"line":448,"column":60}},"122":{"start":{"line":449,"column":8},"end":{"line":449,"column":76}},"123":{"start":{"line":453,"column":8},"end":{"line":453,"column":16861}},"124":{"start":{"line":454,"column":12},"end":{"line":454,"column":35}},"125":{"start":{"line":456,"column":12},"end":{"line":456,"column":51}},"126":{"start":{"line":465,"column":8},"end":{"line":465,"column":17199}},"127":{"start":{"line":466,"column":12},"end":{"line":466,"column":43}},"128":{"start":{"line":468,"column":12},"end":{"line":468,"column":39}},"129":{"start":{"line":473,"column":8},"end":{"line":473,"column":30}},"130":{"start":{"line":474,"column":8},"end":{"line":474,"column":17488}},"131":{"start":{"line":475,"column":12},"end":{"line":475,"column":17545}},"132":{"start":{"line":479,"column":8},"end":{"line":479,"column":58}},"133":{"start":{"line":483,"column":8},"end":{"line":483,"column":32}},"134":{"start":{"line":484,"column":8},"end":{"line":484,"column":17865}},"135":{"start":{"line":485,"column":12},"end":{"line":485,"column":17924}},"136":{"start":{"line":488,"column":15},"end":{"line":488,"column":18058}},"137":{"start":{"line":491,"column":8},"end":{"line":491,"column":62}},"138":{"start":{"line":495,"column":8},"end":{"line":495,"column":66}},"139":{"start":{"line":499,"column":8},"end":{"line":499,"column":60}},"140":{"start":{"line":500,"column":8},"end":{"line":500,"column":60}},"141":{"start":{"line":501,"column":8},"end":{"line":501,"column":69}},"142":{"start":{"line":502,"column":8},"end":{"line":502,"column":70}},"143":{"start":{"line":503,"column":8},"end":{"line":503,"column":114}},"144":{"start":{"line":507,"column":8},"end":{"line":507,"column":67}},"145":{"start":{"line":508,"column":8},"end":{"line":508,"column":57}},"146":{"start":{"line":512,"column":8},"end":{"line":512,"column":92}},"147":{"start":{"line":516,"column":8},"end":{"line":516,"column":54}},"148":{"start":{"line":520,"column":8},"end":{"line":520,"column":54}},"149":{"start":{"line":525,"column":8},"end":{"line":525,"column":81}},"150":{"start":{"line":529,"column":8},"end":{"line":529,"column":19922}},"151":{"start":{"line":530,"column":12},"end":{"line":530,"column":19959}},"152":{"start":{"line":532,"column":19},"end":{"line":532,"column":20075}},"153":{"start":{"line":540,"column":8},"end":{"line":540,"column":40}},"154":{"start":{"line":541,"column":8},"end":{"line":541,"column":92}},"155":{"start":{"line":542,"column":8},"end":{"line":542,"column":20469}},"156":{"start":{"line":544,"column":15},"end":{"line":544,"column":20549}},"157":{"start":{"line":548,"column":8},"end":{"line":548,"column":47}},"158":{"start":{"line":552,"column":8},"end":{"line":552,"column":32}},"159":{"start":{"line":553,"column":8},"end":{"line":553,"column":71}},"160":{"start":{"line":554,"column":8},"end":{"line":554,"column":20951}},"161":{"start":{"line":557,"column":8},"end":{"line":557,"column":47}}},"branchMap":{"1":{"line":34,"type":"if","locations":[{"start":{"line":34,"column":33},"end":{"line":34,"column":33}},{"start":{"line":34,"column":33},"end":{"line":34,"column":33}}]},"2":{"line":41,"type":"if","locations":[{"start":{"line":41,"column":76},"end":{"line":41,"column":76}},{"start":{"line":41,"column":76},"end":{"line":41,"column":76}}]},"3":{"line":53,"type":"if","locations":[{"start":{"line":53,"column":8},"end":{"line":53,"column":8}},{"start":{"line":53,"column":8},"end":{"line":53,"column":8}}]},"4":{"line":55,"type":"if","locations":[{"start":{"line":55,"column":8},"end":{"line":55,"column":8}},{"start":{"line":55,"column":8},"end":{"line":55,"column":8}}]},"5":{"line":65,"type":"if","locations":[{"start":{"line":65,"column":8},"end":{"line":65,"column":8}},{"start":{"line":65,"column":8},"end":{"line":65,"column":8}}]},"6":{"line":66,"type":"if","locations":[{"start":{"line":66,"column":12},"end":{"line":66,"column":12}},{"start":{"line":66,"column":12},"end":{"line":66,"column":12}}]},"7":{"line":67,"type":"if","locations":[{"start":{"line":67,"column":16},"end":{"line":67,"column":16}},{"start":{"line":67,"column":16},"end":{"line":67,"column":16}}]},"8":{"line":69,"type":"if","locations":[{"start":{"line":69,"column":16},"end":{"line":69,"column":16}},{"start":{"line":69,"column":16},"end":{"line":69,"column":16}}]},"9":{"line":73,"type":"if","locations":[{"start":{"line":73,"column":16},"end":{"line":73,"column":16}},{"start":{"line":73,"column":16},"end":{"line":73,"column":16}}]},"10":{"line":74,"type":"if","locations":[{"start":{"line":74,"column":16},"end":{"line":74,"column":16}},{"start":{"line":74,"column":16},"end":{"line":74,"column":16}}]},"11":{"line":75,"type":"if","locations":[{"start":{"line":75,"column":16},"end":{"line":75,"column":16}},{"start":{"line":75,"column":16},"end":{"line":75,"column":16}}]},"12":{"line":93,"type":"if","locations":[{"start":{"line":93,"column":58},"end":{"line":93,"column":58}},{"start":{"line":93,"column":58},"end":{"line":93,"column":58}}]},"13":{"line":97,"type":"if","locations":[{"start":{"line":97,"column":33},"end":{"line":97,"column":33}},{"start":{"line":97,"column":33},"end":{"line":97,"column":33}}]},"14":{"line":101,"type":"if","locations":[{"start":{"line":101,"column":54},"end":{"line":101,"column":54}},{"start":{"line":101,"column":54},"end":{"line":101,"column":54}}]},"15":{"line":191,"type":"if","locations":[{"start":{"line":191,"column":8},"end":{"line":191,"column":8}},{"start":{"line":191,"column":8},"end":{"line":191,"column":8}}]},"16":{"line":196,"type":"if","locations":[{"start":{"line":196,"column":8},"end":{"line":196,"column":8}},{"start":{"line":196,"column":8},"end":{"line":196,"column":8}}]},"17":{"line":201,"type":"if","locations":[{"start":{"line":201,"column":8},"end":{"line":201,"column":8}},{"start":{"line":201,"column":8},"end":{"line":201,"column":8}}]},"18":{"line":206,"type":"if","locations":[{"start":{"line":206,"column":8},"end":{"line":206,"column":8}},{"start":{"line":206,"column":8},"end":{"line":206,"column":8}}]},"19":{"line":221,"type":"if","locations":[{"start":{"line":221,"column":8},"end":{"line":221,"column":8}},{"start":{"line":221,"column":8},"end":{"line":221,"column":8}}]},"20":{"line":228,"type":"if","locations":[{"start":{"line":228,"column":8},"end":{"line":228,"column":8}},{"start":{"line":228,"column":8},"end":{"line":228,"column":8}}]},"21":{"line":238,"type":"if","locations":[{"start":{"line":238,"column":59},"end":{"line":238,"column":59}},{"start":{"line":238,"column":59},"end":{"line":238,"column":59}}]},"22":{"line":238,"type":"if","locations":[{"start":{"line":238,"column":69},"end":{"line":238,"column":69}},{"start":{"line":238,"column":69},"end":{"line":238,"column":69}}]},"23":{"line":247,"type":"if","locations":[{"start":{"line":247,"column":8},"end":{"line":247,"column":8}},{"start":{"line":247,"column":8},"end":{"line":247,"column":8}}]},"24":{"line":256,"type":"if","locations":[{"start":{"line":256,"column":53},"end":{"line":256,"column":53}},{"start":{"line":256,"column":53},"end":{"line":256,"column":53}}]},"25":{"line":256,"type":"if","locations":[{"start":{"line":256,"column":65},"end":{"line":256,"column":65}},{"start":{"line":256,"column":65},"end":{"line":256,"column":65}}]},"26":{"line":257,"type":"if","locations":[{"start":{"line":257,"column":8},"end":{"line":257,"column":8}},{"start":{"line":257,"column":8},"end":{"line":257,"column":8}}]},"27":{"line":263,"type":"if","locations":[{"start":{"line":263,"column":38},"end":{"line":263,"column":38}},{"start":{"line":263,"column":38},"end":{"line":263,"column":38}}]},"28":{"line":263,"type":"if","locations":[{"start":{"line":263,"column":50},"end":{"line":263,"column":50}},{"start":{"line":263,"column":50},"end":{"line":263,"column":50}}]},"29":{"line":263,"type":"if","locations":[{"start":{"line":263,"column":64},"end":{"line":263,"column":64}},{"start":{"line":263,"column":64},"end":{"line":263,"column":64}}]},"30":{"line":267,"type":"if","locations":[{"start":{"line":267,"column":36},"end":{"line":267,"column":36}},{"start":{"line":267,"column":36},"end":{"line":267,"column":36}}]},"31":{"line":267,"type":"if","locations":[{"start":{"line":267,"column":48},"end":{"line":267,"column":48}},{"start":{"line":267,"column":48},"end":{"line":267,"column":48}}]},"32":{"line":267,"type":"if","locations":[{"start":{"line":267,"column":60},"end":{"line":267,"column":60}},{"start":{"line":267,"column":60},"end":{"line":267,"column":60}}]},"33":{"line":267,"type":"if","locations":[{"start":{"line":267,"column":73},"end":{"line":267,"column":73}},{"start":{"line":267,"column":73},"end":{"line":267,"column":73}}]},"34":{"line":268,"type":"if","locations":[{"start":{"line":268,"column":8},"end":{"line":268,"column":8}},{"start":{"line":268,"column":8},"end":{"line":268,"column":8}}]},"35":{"line":273,"type":"if","locations":[{"start":{"line":273,"column":55},"end":{"line":273,"column":55}},{"start":{"line":273,"column":55},"end":{"line":273,"column":55}}]},"36":{"line":273,"type":"if","locations":[{"start":{"line":273,"column":67},"end":{"line":273,"column":67}},{"start":{"line":273,"column":67},"end":{"line":273,"column":67}}]},"37":{"line":275,"type":"if","locations":[{"start":{"line":275,"column":8},"end":{"line":275,"column":8}},{"start":{"line":275,"column":8},"end":{"line":275,"column":8}}]},"38":{"line":275,"type":"cond-expr","locations":[{"start":{"line":275,"column":16},"end":{"line":275,"column":34}},{"start":{"line":275,"column":39},"end":{"line":275,"column":100}}]},"39":{"line":288,"type":"if","locations":[{"start":{"line":288,"column":57},"end":{"line":288,"column":57}},{"start":{"line":288,"column":57},"end":{"line":288,"column":57}}]},"40":{"line":288,"type":"if","locations":[{"start":{"line":288,"column":69},"end":{"line":288,"column":69}},{"start":{"line":288,"column":69},"end":{"line":288,"column":69}}]},"41":{"line":290,"type":"if","locations":[{"start":{"line":290,"column":8},"end":{"line":290,"column":8}},{"start":{"line":290,"column":8},"end":{"line":290,"column":8}}]},"42":{"line":296,"type":"if","locations":[{"start":{"line":296,"column":54},"end":{"line":296,"column":54}},{"start":{"line":296,"column":54},"end":{"line":296,"column":54}}]},"43":{"line":296,"type":"if","locations":[{"start":{"line":296,"column":65},"end":{"line":296,"column":65}},{"start":{"line":296,"column":65},"end":{"line":296,"column":65}}]},"44":{"line":296,"type":"if","locations":[{"start":{"line":296,"column":77},"end":{"line":296,"column":77}},{"start":{"line":296,"column":77},"end":{"line":296,"column":77}}]},"45":{"line":296,"type":"if","locations":[{"start":{"line":296,"column":91},"end":{"line":296,"column":91}},{"start":{"line":296,"column":91},"end":{"line":296,"column":91}}]},"46":{"line":297,"type":"if","locations":[{"start":{"line":297,"column":8},"end":{"line":297,"column":8}},{"start":{"line":297,"column":8},"end":{"line":297,"column":8}}]},"47":{"line":305,"type":"if","locations":[{"start":{"line":305,"column":47},"end":{"line":305,"column":47}},{"start":{"line":305,"column":47},"end":{"line":305,"column":47}}]},"48":{"line":305,"type":"if","locations":[{"start":{"line":305,"column":59},"end":{"line":305,"column":59}},{"start":{"line":305,"column":59},"end":{"line":305,"column":59}}]},"49":{"line":305,"type":"if","locations":[{"start":{"line":305,"column":73},"end":{"line":305,"column":73}},{"start":{"line":305,"column":73},"end":{"line":305,"column":73}}]},"50":{"line":305,"type":"if","locations":[{"start":{"line":305,"column":87},"end":{"line":305,"column":87}},{"start":{"line":305,"column":87},"end":{"line":305,"column":87}}]},"51":{"line":310,"type":"if","locations":[{"start":{"line":310,"column":35},"end":{"line":310,"column":35}},{"start":{"line":310,"column":35},"end":{"line":310,"column":35}}]},"52":{"line":310,"type":"if","locations":[{"start":{"line":310,"column":49},"end":{"line":310,"column":49}},{"start":{"line":310,"column":49},"end":{"line":310,"column":49}}]},"53":{"line":315,"type":"if","locations":[{"start":{"line":315,"column":37},"end":{"line":315,"column":37}},{"start":{"line":315,"column":37},"end":{"line":315,"column":37}}]},"54":{"line":315,"type":"if","locations":[{"start":{"line":315,"column":53},"end":{"line":315,"column":53}},{"start":{"line":315,"column":53},"end":{"line":315,"column":53}}]},"55":{"line":320,"type":"if","locations":[{"start":{"line":320,"column":33},"end":{"line":320,"column":33}},{"start":{"line":320,"column":33},"end":{"line":320,"column":33}}]},"56":{"line":320,"type":"if","locations":[{"start":{"line":320,"column":47},"end":{"line":320,"column":47}},{"start":{"line":320,"column":47},"end":{"line":320,"column":47}}]},"57":{"line":325,"type":"if","locations":[{"start":{"line":325,"column":40},"end":{"line":325,"column":40}},{"start":{"line":325,"column":40},"end":{"line":325,"column":40}}]},"58":{"line":349,"type":"if","locations":[{"start":{"line":349,"column":57},"end":{"line":349,"column":57}},{"start":{"line":349,"column":57},"end":{"line":349,"column":57}}]},"59":{"line":353,"type":"if","locations":[{"start":{"line":353,"column":33},"end":{"line":353,"column":33}},{"start":{"line":353,"column":33},"end":{"line":353,"column":33}}]},"60":{"line":357,"type":"if","locations":[{"start":{"line":357,"column":62},"end":{"line":357,"column":62}},{"start":{"line":357,"column":62},"end":{"line":357,"column":62}}]},"61":{"line":361,"type":"if","locations":[{"start":{"line":361,"column":49},"end":{"line":361,"column":49}},{"start":{"line":361,"column":49},"end":{"line":361,"column":49}}]},"62":{"line":365,"type":"if","locations":[{"start":{"line":365,"column":8},"end":{"line":365,"column":8}},{"start":{"line":365,"column":8},"end":{"line":365,"column":8}}]},"63":{"line":365,"type":"cond-expr","locations":[{"start":{"line":365,"column":12},"end":{"line":365,"column":24}},{"start":{"line":365,"column":29},"end":{"line":365,"column":54}}]},"64":{"line":373,"type":"if","locations":[{"start":{"line":373,"column":8},"end":{"line":373,"column":8}},{"start":{"line":373,"column":8},"end":{"line":373,"column":8}}]},"65":{"line":374,"type":"if","locations":[{"start":{"line":374,"column":12},"end":{"line":374,"column":12}},{"start":{"line":374,"column":12},"end":{"line":374,"column":12}}]},"66":{"line":375,"type":"if","locations":[{"start":{"line":375,"column":16},"end":{"line":375,"column":16}},{"start":{"line":375,"column":16},"end":{"line":375,"column":16}}]},"67":{"line":378,"type":"if","locations":[{"start":{"line":378,"column":16},"end":{"line":378,"column":16}},{"start":{"line":378,"column":16},"end":{"line":378,"column":16}}]},"68":{"line":380,"type":"if","locations":[{"start":{"line":380,"column":16},"end":{"line":380,"column":16}},{"start":{"line":380,"column":16},"end":{"line":380,"column":16}}]},"69":{"line":381,"type":"if","locations":[{"start":{"line":381,"column":16},"end":{"line":381,"column":16}},{"start":{"line":381,"column":16},"end":{"line":381,"column":16}}]},"70":{"line":382,"type":"if","locations":[{"start":{"line":382,"column":16},"end":{"line":382,"column":16}},{"start":{"line":382,"column":16},"end":{"line":382,"column":16}}]},"71":{"line":395,"type":"if","locations":[{"start":{"line":395,"column":12},"end":{"line":395,"column":12}},{"start":{"line":395,"column":12},"end":{"line":395,"column":12}}]},"72":{"line":404,"type":"if","locations":[{"start":{"line":404,"column":8},"end":{"line":404,"column":8}},{"start":{"line":404,"column":8},"end":{"line":404,"column":8}}]},"73":{"line":415,"type":"if","locations":[{"start":{"line":415,"column":12},"end":{"line":415,"column":12}},{"start":{"line":415,"column":12},"end":{"line":415,"column":12}}]},"74":{"line":423,"type":"if","locations":[{"start":{"line":423,"column":8},"end":{"line":423,"column":8}},{"start":{"line":423,"column":8},"end":{"line":423,"column":8}}]},"75":{"line":431,"type":"if","locations":[{"start":{"line":431,"column":8},"end":{"line":431,"column":8}},{"start":{"line":431,"column":8},"end":{"line":431,"column":8}}]},"76":{"line":433,"type":"if","locations":[{"start":{"line":433,"column":12},"end":{"line":433,"column":12}},{"start":{"line":433,"column":12},"end":{"line":433,"column":12}}]},"77":{"line":438,"type":"if","locations":[{"start":{"line":438,"column":12},"end":{"line":438,"column":12}},{"start":{"line":438,"column":12},"end":{"line":438,"column":12}}]},"78":{"line":445,"type":"if","locations":[{"start":{"line":445,"column":8},"end":{"line":445,"column":8}},{"start":{"line":445,"column":8},"end":{"line":445,"column":8}}]},"79":{"line":453,"type":"if","locations":[{"start":{"line":453,"column":8},"end":{"line":453,"column":8}},{"start":{"line":453,"column":8},"end":{"line":453,"column":8}}]},"80":{"line":465,"type":"if","locations":[{"start":{"line":465,"column":8},"end":{"line":465,"column":8}},{"start":{"line":465,"column":8},"end":{"line":465,"column":8}}]},"81":{"line":474,"type":"if","locations":[{"start":{"line":474,"column":8},"end":{"line":474,"column":8}},{"start":{"line":474,"column":8},"end":{"line":474,"column":8}}]},"82":{"line":475,"type":"if","locations":[{"start":{"line":475,"column":12},"end":{"line":475,"column":12}},{"start":{"line":475,"column":12},"end":{"line":475,"column":12}}]},"83":{"line":475,"type":"cond-expr","locations":[{"start":{"line":475,"column":16},"end":{"line":475,"column":28}},{"start":{"line":475,"column":33},"end":{"line":475,"column":77}}]},"84":{"line":479,"type":"if","locations":[{"start":{"line":479,"column":8},"end":{"line":479,"column":8}},{"start":{"line":479,"column":8},"end":{"line":479,"column":8}}]},"85":{"line":484,"type":"if","locations":[{"start":{"line":484,"column":8},"end":{"line":484,"column":8}},{"start":{"line":484,"column":8},"end":{"line":484,"column":8}}]},"86":{"line":485,"type":"if","locations":[{"start":{"line":485,"column":12},"end":{"line":485,"column":12}},{"start":{"line":485,"column":12},"end":{"line":485,"column":12}}]},"87":{"line":485,"type":"cond-expr","locations":[{"start":{"line":485,"column":16},"end":{"line":485,"column":28}},{"start":{"line":485,"column":33},"end":{"line":485,"column":77}}]},"88":{"line":488,"type":"if","locations":[{"start":{"line":488,"column":15},"end":{"line":488,"column":15}},{"start":{"line":488,"column":15},"end":{"line":488,"column":15}}]},"89":{"line":491,"type":"if","locations":[{"start":{"line":491,"column":8},"end":{"line":491,"column":8}},{"start":{"line":491,"column":8},"end":{"line":491,"column":8}}]},"90":{"line":495,"type":"if","locations":[{"start":{"line":495,"column":8},"end":{"line":495,"column":8}},{"start":{"line":495,"column":8},"end":{"line":495,"column":8}}]},"91":{"line":499,"type":"if","locations":[{"start":{"line":499,"column":8},"end":{"line":499,"column":8}},{"start":{"line":499,"column":8},"end":{"line":499,"column":8}}]},"92":{"line":500,"type":"if","locations":[{"start":{"line":500,"column":8},"end":{"line":500,"column":8}},{"start":{"line":500,"column":8},"end":{"line":500,"column":8}}]},"93":{"line":501,"type":"if","locations":[{"start":{"line":501,"column":8},"end":{"line":501,"column":8}},{"start":{"line":501,"column":8},"end":{"line":501,"column":8}}]},"94":{"line":503,"type":"if","locations":[{"start":{"line":503,"column":8},"end":{"line":503,"column":8}},{"start":{"line":503,"column":8},"end":{"line":503,"column":8}}]},"95":{"line":503,"type":"cond-expr","locations":[{"start":{"line":503,"column":16},"end":{"line":503,"column":30}},{"start":{"line":503,"column":33},"end":{"line":503,"column":88}}]},"96":{"line":508,"type":"if","locations":[{"start":{"line":508,"column":8},"end":{"line":508,"column":8}},{"start":{"line":508,"column":8},"end":{"line":508,"column":8}}]},"97":{"line":512,"type":"if","locations":[{"start":{"line":512,"column":8},"end":{"line":512,"column":8}},{"start":{"line":512,"column":8},"end":{"line":512,"column":8}}]},"98":{"line":516,"type":"if","locations":[{"start":{"line":516,"column":8},"end":{"line":516,"column":8}},{"start":{"line":516,"column":8},"end":{"line":516,"column":8}}]},"99":{"line":520,"type":"if","locations":[{"start":{"line":520,"column":8},"end":{"line":520,"column":8}},{"start":{"line":520,"column":8},"end":{"line":520,"column":8}}]},"100":{"line":529,"type":"if","locations":[{"start":{"line":529,"column":8},"end":{"line":529,"column":8}},{"start":{"line":529,"column":8},"end":{"line":529,"column":8}}]},"101":{"line":530,"type":"if","locations":[{"start":{"line":530,"column":12},"end":{"line":530,"column":12}},{"start":{"line":530,"column":12},"end":{"line":530,"column":12}}]},"102":{"line":532,"type":"if","locations":[{"start":{"line":532,"column":19},"end":{"line":532,"column":19}},{"start":{"line":532,"column":19},"end":{"line":532,"column":19}}]},"103":{"line":542,"type":"if","locations":[{"start":{"line":542,"column":8},"end":{"line":542,"column":8}},{"start":{"line":542,"column":8},"end":{"line":542,"column":8}}]},"104":{"line":544,"type":"if","locations":[{"start":{"line":544,"column":15},"end":{"line":544,"column":15}},{"start":{"line":544,"column":15},"end":{"line":544,"column":15}}]},"105":{"line":554,"type":"if","locations":[{"start":{"line":554,"column":8},"end":{"line":554,"column":8}},{"start":{"line":554,"column":8},"end":{"line":554,"column":8}}]}}},"contracts\\BountyStore.sol":{"l":{"21":1,"25":0,"26":0,"30":0,"34":0,"38":0,"42":0,"43":0,"47":0,"51":0,"55":0,"56":0,"60":0,"64":0,"68":0,"72":0},"path":"D:\\DijiaCoder\\Meta-Node-Dao\\meta-land-contract\\contracts\\BountyStore.sol","s":{"1":0,"2":0,"3":0,"4":0,"5":0,"6":0,"7":0,"8":0,"9":0,"10":0},"b":{"1":[0,0],"2":[0,0],"3":[0,0],"4":[0,0],"5":[0,0],"6":[0,0],"7":[0,0],"8":[0,0],"9":[0,0],"10":[0,0],"11":[0,0],"12":[0,0]},"f":{"1":0,"2":0,"3":0,"4":0,"5":0,"6":0,"7":0,"8":0,"9":0,"10":0,"11":0,"12":0},"fnMap":{"1":{"name":"transfer","line":24,"loc":{"start":{"line":24,"column":4},"end":{"line":27,"column":4}}},"2":{"name":"transferToken","line":29,"loc":{"start":{"line":29,"column":4},"end":{"line":31,"column":4}}},"3":{"name":"applicants","line":33,"loc":{"start":{"line":33,"column":4},"end":{"line":35,"column":4}}},"4":{"name":"pushApplicant","line":37,"loc":{"start":{"line":37,"column":4},"end":{"line":39,"column":4}}},"5":{"name":"putApplicant","line":41,"loc":{"start":{"line":41,"column":4},"end":{"line":44,"column":4}}},"6":{"name":"putApplicantAmount","line":46,"loc":{"start":{"line":46,"column":4},"end":{"line":48,"column":4}}},"7":{"name":"putApplicantStatus","line":50,"loc":{"start":{"line":50,"column":4},"end":{"line":52,"column":4}}},"8":{"name":"getApplicant","line":54,"loc":{"start":{"line":54,"column":4},"end":{"line":57,"column":4}}},"9":{"name":"putDepositLocker","line":59,"loc":{"start":{"line":59,"column":4},"end":{"line":61,"column":4}}},"10":{"name":"getDepositLocker","line":63,"loc":{"start":{"line":63,"column":4},"end":{"line":65,"column":4}}},"11":{"name":"putDepositUnlocker","line":67,"loc":{"start":{"line":67,"column":4},"end":{"line":69,"column":4}}},"12":{"name":"getDepositUnlocker","line":71,"loc":{"start":{"line":71,"column":4},"end":{"line":73,"column":4}}}},"statementMap":{"1":{"start":{"line":25,"column":8},"end":{"line":25,"column":53}},"2":{"start":{"line":26,"column":8},"end":{"line":26,"column":21}},"3":{"start":{"line":30,"column":8},"end":{"line":30,"column":44}},"4":{"start":{"line":34,"column":8},"end":{"line":34,"column":30}},"5":{"start":{"line":38,"column":8},"end":{"line":38,"column":37}},"6":{"start":{"line":42,"column":8},"end":{"line":42,"column":56}},"7":{"start":{"line":55,"column":8},"end":{"line":55,"column":55}},"8":{"start":{"line":56,"column":8},"end":{"line":56,"column":35}},"9":{"start":{"line":64,"column":8},"end":{"line":64,"column":45}},"10":{"start":{"line":72,"column":8},"end":{"line":72,"column":47}}},"branchMap":{"1":{"line":24,"type":"if","locations":[{"start":{"line":24,"column":59},"end":{"line":24,"column":59}},{"start":{"line":24,"column":59},"end":{"line":24,"column":59}}]},"2":{"line":29,"type":"if","locations":[{"start":{"line":29,"column":79},"end":{"line":29,"column":79}},{"start":{"line":29,"column":79},"end":{"line":29,"column":79}}]},"3":{"line":33,"type":"if","locations":[{"start":{"line":33,"column":38},"end":{"line":33,"column":38}},{"start":{"line":33,"column":38},"end":{"line":33,"column":38}}]},"4":{"line":37,"type":"if","locations":[{"start":{"line":37,"column":52},"end":{"line":37,"column":52}},{"start":{"line":37,"column":52},"end":{"line":37,"column":52}}]},"5":{"line":41,"type":"if","locations":[{"start":{"line":41,"column":83},"end":{"line":41,"column":83}},{"start":{"line":41,"column":83},"end":{"line":41,"column":83}}]},"6":{"line":46,"type":"if","locations":[{"start":{"line":46,"column":74},"end":{"line":46,"column":74}},{"start":{"line":46,"column":74},"end":{"line":46,"column":74}}]},"7":{"line":50,"type":"if","locations":[{"start":{"line":50,"column":72},"end":{"line":50,"column":72}},{"start":{"line":50,"column":72},"end":{"line":50,"column":72}}]},"8":{"line":54,"type":"if","locations":[{"start":{"line":54,"column":56},"end":{"line":54,"column":56}},{"start":{"line":54,"column":56},"end":{"line":54,"column":56}}]},"9":{"line":59,"type":"if","locations":[{"start":{"line":59,"column":67},"end":{"line":59,"column":67}},{"start":{"line":59,"column":67},"end":{"line":59,"column":67}}]},"10":{"line":63,"type":"if","locations":[{"start":{"line":63,"column":60},"end":{"line":63,"column":60}},{"start":{"line":63,"column":60},"end":{"line":63,"column":60}}]},"11":{"line":67,"type":"if","locations":[{"start":{"line":67,"column":69},"end":{"line":67,"column":69}},{"start":{"line":67,"column":69},"end":{"line":67,"column":69}}]},"12":{"line":71,"type":"if","locations":[{"start":{"line":71,"column":62},"end":{"line":71,"column":62}},{"start":{"line":71,"column":62},"end":{"line":71,"column":62}}]}}},"contracts\\common\\Erc20.sol":{"l":{"39":0,"40":0,"41":0,"42":0,"50":0,"52":0,"54":0,"56":0,"58":0,"60":0,"61":0,"63":0,"75":0,"76":0,"89":0,"90":0,"91":0,"92":0,"105":0,"106":0,"107":0,"122":0,"123":0,"124":0,"125":0,"137":0,"138":0,"139":0,"140":0,"141":0,"153":0,"154":0,"155":0,"156":0,"157":0,"158":0,"159":0},"path":"D:\\DijiaCoder\\Meta-Node-Dao\\meta-land-contract\\contracts\\common\\Erc20.sol","s":{"1":0,"2":0,"3":0,"4":0,"5":0,"6":0,"7":0,"8":0,"9":0,"10":0,"11":0,"12":0,"13":0,"14":0,"15":0,"16":0,"17":0,"18":0,"19":0,"20":0,"21":0,"22":0,"23":0,"24":0},"b":{"1":[0,0],"2":[0,0],"3":[0,0],"4":[0,0],"5":[0,0],"6":[0,0],"7":[0,0],"8":[0,0]},"f":{"1":0,"2":0,"3":0,"4":0,"5":0,"6":0,"7":0,"8":0},"fnMap":{"1":{"name":"constructor","line":34,"loc":{"start":{"line":34,"column":4},"end":{"line":43,"column":4}}},"2":{"name":"_transfer","line":48,"loc":{"start":{"line":48,"column":4},"end":{"line":64,"column":4}}},"3":{"name":"transfer","line":74,"loc":{"start":{"line":74,"column":4},"end":{"line":77,"column":4}}},"4":{"name":"transferFrom","line":88,"loc":{"start":{"line":88,"column":4},"end":{"line":93,"column":4}}},"5":{"name":"approve","line":103,"loc":{"start":{"line":103,"column":4},"end":{"line":108,"column":4}}},"6":{"name":"approveAndCall","line":119,"loc":{"start":{"line":119,"column":4},"end":{"line":127,"column":4}}},"7":{"name":"burn","line":136,"loc":{"start":{"line":136,"column":4},"end":{"line":142,"column":4}}},"8":{"name":"burnFrom","line":152,"loc":{"start":{"line":152,"column":4},"end":{"line":160,"column":4}}}},"statementMap":{"1":{"start":{"line":50,"column":8},"end":{"line":50,"column":35}},"2":{"start":{"line":52,"column":8},"end":{"line":52,"column":42}},"3":{"start":{"line":54,"column":8},"end":{"line":54,"column":57}},"4":{"start":{"line":56,"column":8},"end":{"line":56,"column":65}},"5":{"start":{"line":61,"column":8},"end":{"line":61,"column":41}},"6":{"start":{"line":63,"column":8},"end":{"line":63,"column":68}},"7":{"start":{"line":75,"column":8},"end":{"line":75,"column":41}},"8":{"start":{"line":76,"column":8},"end":{"line":76,"column":19}},"9":{"start":{"line":89,"column":8},"end":{"line":89,"column":54}},"10":{"start":{"line":91,"column":8},"end":{"line":91,"column":36}},"11":{"start":{"line":92,"column":8},"end":{"line":92,"column":19}},"12":{"start":{"line":106,"column":8},"end":{"line":106,"column":51}},"13":{"start":{"line":107,"column":8},"end":{"line":107,"column":19}},"14":{"start":{"line":122,"column":8},"end":{"line":122,"column":57}},"15":{"start":{"line":123,"column":8},"end":{"line":123,"column":4746}},"16":{"start":{"line":124,"column":12},"end":{"line":124,"column":81}},"17":{"start":{"line":125,"column":12},"end":{"line":125,"column":23}},"18":{"start":{"line":137,"column":8},"end":{"line":137,"column":47}},"19":{"start":{"line":140,"column":8},"end":{"line":140,"column":37}},"20":{"start":{"line":141,"column":8},"end":{"line":141,"column":19}},"21":{"start":{"line":153,"column":8},"end":{"line":153,"column":42}},"22":{"start":{"line":154,"column":8},"end":{"line":154,"column":54}},"23":{"start":{"line":158,"column":8},"end":{"line":158,"column":32}},"24":{"start":{"line":159,"column":8},"end":{"line":159,"column":19}}},"branchMap":{"1":{"line":50,"type":"if","locations":[{"start":{"line":50,"column":8},"end":{"line":50,"column":8}},{"start":{"line":50,"column":8},"end":{"line":50,"column":8}}]},"2":{"line":52,"type":"if","locations":[{"start":{"line":52,"column":8},"end":{"line":52,"column":8}},{"start":{"line":52,"column":8},"end":{"line":52,"column":8}}]},"3":{"line":54,"type":"if","locations":[{"start":{"line":54,"column":8},"end":{"line":54,"column":8}},{"start":{"line":54,"column":8},"end":{"line":54,"column":8}}]},"4":{"line":89,"type":"if","locations":[{"start":{"line":89,"column":8},"end":{"line":89,"column":8}},{"start":{"line":89,"column":8},"end":{"line":89,"column":8}}]},"5":{"line":123,"type":"if","locations":[{"start":{"line":123,"column":8},"end":{"line":123,"column":8}},{"start":{"line":123,"column":8},"end":{"line":123,"column":8}}]},"6":{"line":137,"type":"if","locations":[{"start":{"line":137,"column":8},"end":{"line":137,"column":8}},{"start":{"line":137,"column":8},"end":{"line":137,"column":8}}]},"7":{"line":153,"type":"if","locations":[{"start":{"line":153,"column":8},"end":{"line":153,"column":8}},{"start":{"line":153,"column":8},"end":{"line":153,"column":8}}]},"8":{"line":154,"type":"if","locations":[{"start":{"line":154,"column":8},"end":{"line":154,"column":8}},{"start":{"line":154,"column":8},"end":{"line":154,"column":8}}]}}},"contracts\\Crowdfunding.sol":{"l":{"26":0,"27":0,"28":0,"29":0,"30":0,"31":0,"35":0,"39":0,"41":0,"42":0,"43":0,"45":0,"49":0,"50":0,"56":0,"57":0,"58":0,"61":0,"62":0,"64":0,"65":0,"67":0,"75":0,"76":0,"77":0,"78":0,"82":0,"86":0,"90":0,"94":0,"100":0,"104":0,"108":0,"112":0,"116":0,"117":0,"119":0,"123":0,"124":0,"126":0,"130":0,"218":0,"219":0,"223":0,"224":0,"228":0,"229":0,"233":0,"234":0,"238":0,"239":0,"243":0,"244":0,"245":0,"246":0,"250":0,"251":0,"260":0,"261":0,"262":0,"263":0,"269":0,"270":0,"271":0,"272":0,"273":0,"274":0,"275":0,"276":0,"277":0,"279":0,"280":0,"281":0,"284":0,"285":0,"286":0,"293":0,"309":0,"310":0,"311":0,"314":0,"315":0,"318":0,"319":0,"321":0,"322":0,"323":0,"324":0,"326":0,"327":0,"329":0,"333":0,"334":0,"338":0,"339":0,"342":0,"343":0,"346":0,"347":0,"350":0,"357":0,"361":0,"362":0,"364":0,"365":0,"366":0,"367":0,"368":0,"369":0,"378":0,"385":0,"386":0,"389":0,"390":0,"406":0,"408":0,"409":0,"411":0,"413":0,"414":0,"417":0,"418":0,"421":0,"422":0,"425":0,"426":0,"428":0,"431":0,"432":0,"434":0,"435":0,"440":0,"441":0,"443":0,"446":0,"449":0,"450":0,"451":0,"452":0,"453":0,"462":0,"466":0,"475":0,"476":0,"478":0,"479":0,"483":0,"484":0,"485":0,"488":0,"489":0,"490":0,"499":0,"500":0,"507":0,"508":0,"510":0,"511":0,"527":0,"528":0,"539":0,"554":0,"555":0,"556":0,"559":0,"588":0,"606":0,"614":0,"622":0,"630":0,"634":0,"638":0,"658":0,"659":0,"661":0,"662":0,"664":0,"665":0,"672":0,"676":0,"678":0,"679":0,"681":0,"682":0,"686":0,"687":0,"689":0,"690":0,"700":0,"701":0,"707":0,"708":0,"710":0,"711":0,"712":0,"720":0,"740":0,"744":0,"745":0,"746":0,"747":0,"749":0,"751":0,"755":0,"756":0,"757":0,"758":0,"761":0,"762":0,"769":0,"773":0,"774":0,"775":0,"781":0,"785":0,"786":0,"788":0,"793":0,"799":0,"806":0,"807":0,"819":0,"820":0,"831":0,"832":0,"836":0,"837":0,"843":0,"844":0,"845":0,"851":0,"852":0,"861":0,"862":0,"863":0,"864":0,"866":0,"886":0,"887":0,"891":0,"895":0,"899":0,"903":0,"904":0,"910":0,"911":0,"913":0,"914":0,"922":0,"923":0,"929":0,"930":0,"935":0,"940":0,"941":0,"947":0,"948":0,"950":0,"952":0},"path":"D:\\DijiaCoder\\Meta-Node-Dao\\meta-land-contract\\contracts\\Crowdfunding.sol","s":{"1":0,"2":0,"3":0,"4":0,"5":0,"6":0,"7":0,"8":0,"9":0,"10":0,"11":0,"12":0,"13":0,"14":0,"15":0,"16":0,"17":0,"18":0,"19":0,"20":0,"21":0,"22":0,"23":0,"24":0,"25":0,"26":0,"27":0,"28":0,"29":0,"30":0,"31":0,"32":0,"33":0,"34":0,"35":0,"36":0,"37":0,"38":0,"39":0,"40":0,"41":0,"42":0,"43":0,"44":0,"45":0,"46":0,"47":0,"48":0,"49":0,"50":0,"51":0,"52":0,"53":0,"54":0,"55":0,"56":0,"57":0,"58":0,"59":0,"60":0,"61":0,"62":0,"63":0,"64":0,"65":0,"66":0,"67":0,"68":0,"69":0,"70":0,"71":0,"72":0,"73":0,"74":0,"75":0,"76":0,"77":0,"78":0,"79":0,"80":0,"81":0,"82":0,"83":0,"84":0,"85":0,"86":0,"87":0,"88":0,"89":0,"90":0,"91":0,"92":0,"93":0,"94":0,"95":0,"96":0,"97":0,"98":0,"99":0,"100":0,"101":0,"102":0,"103":0,"104":0,"105":0,"106":0,"107":0,"108":0,"109":0,"110":0,"111":0,"112":0,"113":0,"114":0,"115":0,"116":0,"117":0,"118":0,"119":0,"120":0,"121":0,"122":0,"123":0,"124":0,"125":0,"126":0,"127":0,"128":0,"129":0,"130":0,"131":0,"132":0,"133":0,"134":0,"135":0,"136":0,"137":0,"138":0,"139":0,"140":0,"141":0,"142":0,"143":0,"144":0,"145":0,"146":0,"147":0,"148":0,"149":0,"150":0,"151":0,"152":0,"153":0,"154":0,"155":0,"156":0,"157":0,"158":0},"b":{"1":[0,0],"2":[0,0],"3":[0,0],"4":[0,0],"5":[0,0],"6":[0,0],"7":[0,0],"8":[0,0],"9":[0,0],"10":[0,0],"11":[0,0],"12":[0,0],"13":[0,0],"14":[0,0],"15":[0,0],"16":[0,0],"17":[0,0],"18":[0,0],"19":[0,0],"20":[0,0],"21":[0,0],"22":[0,0],"23":[0,0],"24":[0,0],"25":[0,0],"26":[0,0],"27":[0,0],"28":[0,0],"29":[0,0],"30":[0,0],"31":[0,0],"32":[0,0],"33":[0,0],"34":[0,0],"35":[0,0],"36":[0,0],"37":[0,0],"38":[0,0],"39":[0,0],"40":[0,0],"41":[0,0],"42":[0,0],"43":[0,0],"44":[0,0],"45":[0,0],"46":[0,0],"47":[0,0],"48":[0,0],"49":[0,0],"50":[0,0],"51":[0,0],"52":[0,0],"53":[0,0],"54":[0,0],"55":[0,0],"56":[0,0],"57":[0,0],"58":[0,0],"59":[0,0],"60":[0,0],"61":[0,0],"62":[0,0],"63":[0,0],"64":[0,0],"65":[0,0],"66":[0,0],"67":[0,0],"68":[0,0],"69":[0,0],"70":[0,0],"71":[0,0],"72":[0,0],"73":[0,0],"74":[0,0],"75":[0,0],"76":[0,0],"77":[0,0],"78":[0,0],"79":[0,0],"80":[0,0],"81":[0,0],"82":[0,0],"83":[0,0],"84":[0,0],"85":[0,0],"86":[0,0],"87":[0,0],"88":[0,0],"89":[0,0],"90":[0,0],"91":[0,0],"92":[0,0],"93":[0,0],"94":[0,0],"95":[0,0],"96":[0,0],"97":[0,0],"98":[0,0],"99":[0,0],"100":[0,0],"101":[0,0],"102":[0,0],"103":[0,0],"104":[0,0],"105":[0,0],"106":[0,0],"107":[0,0],"108":[0,0]},"f":{"1":0,"2":0,"3":0,"4":0,"5":0,"6":0,"7":0,"8":0,"9":0,"10":0,"11":0,"12":0,"13":0,"14":0,"15":0,"16":0,"17":0,"18":0,"19":0,"20":0,"21":0,"22":0,"23":0,"24":0,"25":0,"26":0,"27":0,"28":0,"29":0,"30":0,"31":0,"32":0,"33":0,"34":0,"35":0,"36":0,"37":0,"38":0,"39":0,"40":0,"41":0,"42":0,"43":0,"44":0,"45":0,"46":0,"47":0,"48":0,"49":0,"50":0,"51":0,"52":0,"53":0,"54":0,"55":0,"56":0,"57":0,"58":0,"59":0,"60":0,"61":0},"fnMap":{"1":{"name":"constructor","line":25,"loc":{"start":{"line":25,"column":4},"end":{"line":32,"column":4}}},"2":{"name":"createCrowdfundingContract","line":34,"loc":{"start":{"line":34,"column":4},"end":{"line":79,"column":4}}},"3":{"name":"children","line":81,"loc":{"start":{"line":81,"column":4},"end":{"line":83,"column":4}}},"4":{"name":"isChild","line":85,"loc":{"start":{"line":85,"column":4},"end":{"line":87,"column":4}}},"5":{"name":"transferPrimary","line":89,"loc":{"start":{"line":89,"column":4},"end":{"line":91,"column":4}}},"6":{"name":"transferStore","line":93,"loc":{"start":{"line":93,"column":4},"end":{"line":95,"column":4}}},"7":{"name":"renounceOwnership","line":97,"loc":{"start":{"line":97,"column":4},"end":{"line":97,"column":60}}},"8":{"name":"getStore","line":99,"loc":{"start":{"line":99,"column":4},"end":{"line":101,"column":4}}},"9":{"name":"addToDexRouters","line":103,"loc":{"start":{"line":103,"column":4},"end":{"line":105,"column":4}}},"10":{"name":"isDexRouters","line":107,"loc":{"start":{"line":107,"column":4},"end":{"line":109,"column":4}}},"11":{"name":"removeFromDexRouters","line":111,"loc":{"start":{"line":111,"column":4},"end":{"line":113,"column":4}}},"12":{"name":"setFeeTo","line":115,"loc":{"start":{"line":115,"column":4},"end":{"line":120,"column":4}}},"13":{"name":"setFeeToSetter","line":122,"loc":{"start":{"line":122,"column":4},"end":{"line":127,"column":4}}},"14":{"name":"setTransferSigner","line":129,"loc":{"start":{"line":129,"column":4},"end":{"line":131,"column":4}}},"15":{"name":"isActive","line":217,"loc":{"start":{"line":217,"column":4},"end":{"line":220,"column":4}}},"16":{"name":"inTime","line":222,"loc":{"start":{"line":222,"column":4},"end":{"line":225,"column":4}}},"17":{"name":"beforeStart","line":227,"loc":{"start":{"line":227,"column":4},"end":{"line":230,"column":4}}},"18":{"name":"beforeEnd","line":232,"loc":{"start":{"line":232,"column":4},"end":{"line":235,"column":4}}},"19":{"name":"canOver","line":237,"loc":{"start":{"line":237,"column":4},"end":{"line":240,"column":4}}},"20":{"name":"noReentrant","line":242,"loc":{"start":{"line":242,"column":4},"end":{"line":247,"column":4}}},"21":{"name":"zeroStore","line":249,"loc":{"start":{"line":249,"column":4},"end":{"line":252,"column":4}}},"22":{"name":"constructor","line":259,"loc":{"start":{"line":254,"column":4},"end":{"line":264,"column":4}}},"23":{"name":"init","line":268,"loc":{"start":{"line":266,"column":4},"end":{"line":294,"column":4}}},"24":{"name":"buy","line":299,"loc":{"start":{"line":296,"column":4},"end":{"line":379,"column":4}}},"25":{"name":"_checkAmount","line":381,"loc":{"start":{"line":381,"column":4},"end":{"line":392,"column":4}}},"26":{"name":"sell","line":397,"loc":{"start":{"line":394,"column":4},"end":{"line":463,"column":4}}},"27":{"name":"cancel","line":469,"loc":{"start":{"line":469,"column":4},"end":{"line":480,"column":4}}},"28":{"name":"remove","line":482,"loc":{"start":{"line":482,"column":4},"end":{"line":512,"column":4}}},"29":{"name":"updateParas","line":521,"loc":{"start":{"line":514,"column":4},"end":{"line":536,"column":4}}},"30":{"name":"vaultAccount","line":538,"loc":{"start":{"line":538,"column":4},"end":{"line":540,"column":4}}},"31":{"name":"state","line":542,"loc":{"start":{"line":542,"column":4},"end":{"line":567,"column":4}}},"32":{"name":"parameters","line":573,"loc":{"start":{"line":573,"column":4},"end":{"line":599,"column":4}}},"33":{"name":"deposit","line":605,"loc":{"start":{"line":605,"column":4},"end":{"line":607,"column":4}}},"34":{"name":"maxBuyAmount","line":609,"loc":{"start":{"line":609,"column":4},"end":{"line":615,"column":4}}},"35":{"name":"maxSellAmount","line":617,"loc":{"start":{"line":617,"column":4},"end":{"line":623,"column":4}}},"36":{"name":"getStore","line":629,"loc":{"start":{"line":629,"column":4},"end":{"line":631,"column":4}}},"37":{"name":"transferPrimary","line":633,"loc":{"start":{"line":633,"column":4},"end":{"line":635,"column":4}}},"38":{"name":"transferStore","line":637,"loc":{"start":{"line":637,"column":4},"end":{"line":639,"column":4}}},"39":{"name":"renounceOwnership","line":641,"loc":{"start":{"line":641,"column":4},"end":{"line":641,"column":60}}},"40":{"name":"transferToLiquidity","line":654,"loc":{"start":{"line":643,"column":4},"end":{"line":713,"column":4}}},"41":{"name":"getHash","line":715,"loc":{"start":{"line":715,"column":4},"end":{"line":733,"column":4}}},"42":{"name":"_verify","line":735,"loc":{"start":{"line":735,"column":4},"end":{"line":741,"column":4}}},"43":{"name":"_takeFee","line":743,"loc":{"start":{"line":743,"column":4},"end":{"line":752,"column":4}}},"44":{"name":"_refundBuyToken","line":754,"loc":{"start":{"line":754,"column":4},"end":{"line":770,"column":4}}},"45":{"name":"_refundSellToken","line":772,"loc":{"start":{"line":772,"column":4},"end":{"line":782,"column":4}}},"46":{"name":"_buyBalance","line":784,"loc":{"start":{"line":784,"column":4},"end":{"line":790,"column":4}}},"47":{"name":"_amountAfterTax","line":792,"loc":{"start":{"line":792,"column":4},"end":{"line":794,"column":4}}},"48":{"name":"_toSwapPoolAmount","line":796,"loc":{"start":{"line":796,"column":4},"end":{"line":800,"column":4}}},"49":{"name":"_checkMaxBuyAmount","line":802,"loc":{"start":{"line":802,"column":4},"end":{"line":813,"column":4}}},"50":{"name":"_checkMaxSellAmount","line":815,"loc":{"start":{"line":815,"column":4},"end":{"line":826,"column":4}}},"51":{"name":"_getBuyMaxAmount","line":828,"loc":{"start":{"line":828,"column":4},"end":{"line":838,"column":4}}},"52":{"name":"_getSellMaxAmount","line":840,"loc":{"start":{"line":840,"column":4},"end":{"line":853,"column":4}}},"53":{"name":"_checkPrice","line":855,"loc":{"start":{"line":855,"column":4},"end":{"line":867,"column":4}}},"54":{"name":"_swapAmount","line":869,"loc":{"start":{"line":869,"column":4},"end":{"line":896,"column":4}}},"55":{"name":"_swapPrice","line":898,"loc":{"start":{"line":898,"column":4},"end":{"line":900,"column":4}}},"56":{"name":"_checkActive","line":902,"loc":{"start":{"line":902,"column":4},"end":{"line":907,"column":4}}},"57":{"name":"_checkInTime","line":909,"loc":{"start":{"line":909,"column":4},"end":{"line":918,"column":4}}},"58":{"name":"_checkBeforeStart","line":920,"loc":{"start":{"line":920,"column":4},"end":{"line":925,"column":4}}},"59":{"name":"_checkBeforeEnd","line":927,"loc":{"start":{"line":927,"column":4},"end":{"line":932,"column":4}}},"60":{"name":"_checkCanOver","line":934,"loc":{"start":{"line":934,"column":4},"end":{"line":944,"column":4}}},"61":{"name":"_statusFromTime","line":946,"loc":{"start":{"line":946,"column":4},"end":{"line":954,"column":4}}}},"statementMap":{"1":{"start":{"line":35,"column":8},"end":{"line":35,"column":1329}},"2":{"start":{"line":41,"column":8},"end":{"line":41,"column":52}},"3":{"start":{"line":42,"column":8},"end":{"line":42,"column":1561}},"4":{"start":{"line":43,"column":12},"end":{"line":43,"column":68}},"5":{"start":{"line":45,"column":8},"end":{"line":45,"column":1687}},"6":{"start":{"line":49,"column":8},"end":{"line":49,"column":57}},"7":{"start":{"line":50,"column":8},"end":{"line":50,"column":1884}},"8":{"start":{"line":56,"column":8},"end":{"line":56,"column":34}},"9":{"start":{"line":57,"column":8},"end":{"line":57,"column":52}},"10":{"start":{"line":58,"column":8},"end":{"line":58,"column":58}},"11":{"start":{"line":61,"column":8},"end":{"line":61,"column":2434}},"12":{"start":{"line":64,"column":8},"end":{"line":64,"column":2558}},"13":{"start":{"line":67,"column":8},"end":{"line":67,"column":2699}},"14":{"start":{"line":75,"column":8},"end":{"line":75,"column":52}},"15":{"start":{"line":76,"column":8},"end":{"line":76,"column":51}},"16":{"start":{"line":77,"column":8},"end":{"line":77,"column":27}},"17":{"start":{"line":78,"column":8},"end":{"line":78,"column":49}},"18":{"start":{"line":82,"column":8},"end":{"line":82,"column":31}},"19":{"start":{"line":86,"column":8},"end":{"line":86,"column":38}},"20":{"start":{"line":90,"column":8},"end":{"line":90,"column":40}},"21":{"start":{"line":100,"column":8},"end":{"line":100,"column":29}},"22":{"start":{"line":104,"column":8},"end":{"line":104,"column":41}},"23":{"start":{"line":108,"column":8},"end":{"line":108,"column":48}},"24":{"start":{"line":112,"column":8},"end":{"line":112,"column":46}},"25":{"start":{"line":116,"column":8},"end":{"line":116,"column":4216}},"26":{"start":{"line":123,"column":8},"end":{"line":123,"column":4411}},"27":{"start":{"line":218,"column":8},"end":{"line":218,"column":21}},"28":{"start":{"line":223,"column":8},"end":{"line":223,"column":21}},"29":{"start":{"line":228,"column":8},"end":{"line":228,"column":26}},"30":{"start":{"line":233,"column":8},"end":{"line":233,"column":24}},"31":{"start":{"line":238,"column":8},"end":{"line":238,"column":22}},"32":{"start":{"line":243,"column":8},"end":{"line":243,"column":41}},"33":{"start":{"line":250,"column":8},"end":{"line":250,"column":65}},"34":{"start":{"line":275,"column":8},"end":{"line":275,"column":8345}},"35":{"start":{"line":293,"column":8},"end":{"line":293,"column":73}},"36":{"start":{"line":309,"column":8},"end":{"line":309,"column":44}},"37":{"start":{"line":310,"column":8},"end":{"line":310,"column":9756}},"38":{"start":{"line":314,"column":8},"end":{"line":314,"column":9945}},"39":{"start":{"line":318,"column":8},"end":{"line":318,"column":10162}},"40":{"start":{"line":321,"column":8},"end":{"line":321,"column":61}},"41":{"start":{"line":322,"column":8},"end":{"line":322,"column":10348}},"42":{"start":{"line":323,"column":12},"end":{"line":323,"column":69}},"43":{"start":{"line":324,"column":12},"end":{"line":324,"column":66}},"44":{"start":{"line":326,"column":12},"end":{"line":326,"column":10590}},"45":{"start":{"line":333,"column":12},"end":{"line":333,"column":10854}},"46":{"start":{"line":338,"column":12},"end":{"line":338,"column":11084}},"47":{"start":{"line":342,"column":12},"end":{"line":342,"column":11348}},"48":{"start":{"line":346,"column":12},"end":{"line":346,"column":11628}},"49":{"start":{"line":350,"column":12},"end":{"line":350,"column":11877}},"50":{"start":{"line":361,"column":8},"end":{"line":361,"column":12263}},"51":{"start":{"line":367,"column":8},"end":{"line":367,"column":58}},"52":{"start":{"line":368,"column":8},"end":{"line":368,"column":59}},"53":{"start":{"line":369,"column":8},"end":{"line":369,"column":12691}},"54":{"start":{"line":378,"column":8},"end":{"line":378,"column":19}},"55":{"start":{"line":385,"column":8},"end":{"line":385,"column":13054}},"56":{"start":{"line":389,"column":8},"end":{"line":389,"column":13231}},"57":{"start":{"line":406,"column":8},"end":{"line":406,"column":44}},"58":{"start":{"line":408,"column":8},"end":{"line":408,"column":14008}},"59":{"start":{"line":411,"column":8},"end":{"line":411,"column":64}},"60":{"start":{"line":413,"column":8},"end":{"line":413,"column":14277}},"61":{"start":{"line":417,"column":8},"end":{"line":417,"column":14519}},"62":{"start":{"line":421,"column":8},"end":{"line":421,"column":14779}},"63":{"start":{"line":425,"column":8},"end":{"line":425,"column":15024}},"64":{"start":{"line":428,"column":8},"end":{"line":428,"column":15145}},"65":{"start":{"line":431,"column":12},"end":{"line":431,"column":15380}},"66":{"start":{"line":434,"column":12},"end":{"line":434,"column":15515}},"67":{"start":{"line":440,"column":12},"end":{"line":440,"column":15898}},"68":{"start":{"line":443,"column":12},"end":{"line":443,"column":16045}},"69":{"start":{"line":452,"column":8},"end":{"line":452,"column":59}},"70":{"start":{"line":453,"column":8},"end":{"line":453,"column":16474}},"71":{"start":{"line":462,"column":8},"end":{"line":462,"column":19}},"72":{"start":{"line":475,"column":8},"end":{"line":475,"column":17024}},"73":{"start":{"line":479,"column":8},"end":{"line":479,"column":39}},"74":{"start":{"line":483,"column":8},"end":{"line":483,"column":17284}},"75":{"start":{"line":484,"column":12},"end":{"line":484,"column":17326}},"76":{"start":{"line":488,"column":12},"end":{"line":488,"column":32}},"77":{"start":{"line":489,"column":12},"end":{"line":489,"column":17586}},"78":{"start":{"line":499,"column":8},"end":{"line":499,"column":17893}},"79":{"start":{"line":507,"column":8},"end":{"line":507,"column":18151}},"80":{"start":{"line":511,"column":8},"end":{"line":511,"column":39}},"81":{"start":{"line":528,"column":8},"end":{"line":528,"column":18889}},"82":{"start":{"line":539,"column":8},"end":{"line":539,"column":20}},"83":{"start":{"line":554,"column":8},"end":{"line":554,"column":45}},"84":{"start":{"line":555,"column":8},"end":{"line":555,"column":19554}},"85":{"start":{"line":559,"column":8},"end":{"line":559,"column":19747}},"86":{"start":{"line":588,"column":8},"end":{"line":588,"column":20514}},"87":{"start":{"line":606,"column":8},"end":{"line":606,"column":30}},"88":{"start":{"line":614,"column":8},"end":{"line":614,"column":43}},"89":{"start":{"line":622,"column":8},"end":{"line":622,"column":44}},"90":{"start":{"line":630,"column":8},"end":{"line":630,"column":29}},"91":{"start":{"line":634,"column":8},"end":{"line":634,"column":45}},"92":{"start":{"line":658,"column":8},"end":{"line":658,"column":22457}},"93":{"start":{"line":661,"column":8},"end":{"line":661,"column":22576}},"94":{"start":{"line":664,"column":8},"end":{"line":664,"column":69}},"95":{"start":{"line":665,"column":8},"end":{"line":665,"column":22761}},"96":{"start":{"line":676,"column":8},"end":{"line":676,"column":28}},"97":{"start":{"line":678,"column":8},"end":{"line":678,"column":23237}},"98":{"start":{"line":681,"column":8},"end":{"line":681,"column":39}},"99":{"start":{"line":682,"column":8},"end":{"line":682,"column":23349}},"100":{"start":{"line":686,"column":8},"end":{"line":686,"column":23586}},"101":{"start":{"line":689,"column":8},"end":{"line":689,"column":35}},"102":{"start":{"line":700,"column":8},"end":{"line":700,"column":24041}},"103":{"start":{"line":707,"column":8},"end":{"line":707,"column":24260}},"104":{"start":{"line":711,"column":8},"end":{"line":711,"column":60}},"105":{"start":{"line":712,"column":8},"end":{"line":712,"column":32}},"106":{"start":{"line":720,"column":8},"end":{"line":720,"column":24668}},"107":{"start":{"line":740,"column":8},"end":{"line":740,"column":58}},"108":{"start":{"line":744,"column":8},"end":{"line":744,"column":66}},"109":{"start":{"line":745,"column":8},"end":{"line":745,"column":15}},"110":{"start":{"line":746,"column":8},"end":{"line":746,"column":25460}},"111":{"start":{"line":751,"column":8},"end":{"line":751,"column":19}},"112":{"start":{"line":755,"column":8},"end":{"line":755,"column":26}},"113":{"start":{"line":756,"column":8},"end":{"line":756,"column":25798}},"114":{"start":{"line":757,"column":12},"end":{"line":757,"column":25845}},"115":{"start":{"line":761,"column":12},"end":{"line":761,"column":25978}},"116":{"start":{"line":769,"column":8},"end":{"line":769,"column":21}},"117":{"start":{"line":773,"column":8},"end":{"line":773,"column":26}},"118":{"start":{"line":774,"column":8},"end":{"line":774,"column":26357}},"119":{"start":{"line":781,"column":8},"end":{"line":781,"column":21}},"120":{"start":{"line":785,"column":8},"end":{"line":785,"column":26663}},"121":{"start":{"line":786,"column":12},"end":{"line":786,"column":32}},"122":{"start":{"line":788,"column":12},"end":{"line":788,"column":44}},"123":{"start":{"line":793,"column":8},"end":{"line":793,"column":61}},"124":{"start":{"line":799,"column":8},"end":{"line":799,"column":52}},"125":{"start":{"line":806,"column":8},"end":{"line":806,"column":59}},"126":{"start":{"line":807,"column":8},"end":{"line":807,"column":39}},"127":{"start":{"line":819,"column":8},"end":{"line":819,"column":62}},"128":{"start":{"line":820,"column":8},"end":{"line":820,"column":40}},"129":{"start":{"line":831,"column":8},"end":{"line":831,"column":55}},"130":{"start":{"line":832,"column":8},"end":{"line":832,"column":28054}},"131":{"start":{"line":836,"column":8},"end":{"line":836,"column":70}},"132":{"start":{"line":837,"column":8},"end":{"line":837,"column":72}},"133":{"start":{"line":843,"column":8},"end":{"line":843,"column":57}},"134":{"start":{"line":844,"column":8},"end":{"line":844,"column":58}},"135":{"start":{"line":845,"column":8},"end":{"line":845,"column":28593}},"136":{"start":{"line":851,"column":8},"end":{"line":851,"column":70}},"137":{"start":{"line":852,"column":8},"end":{"line":852,"column":74}},"138":{"start":{"line":861,"column":8},"end":{"line":861,"column":57}},"139":{"start":{"line":862,"column":8},"end":{"line":862,"column":58}},"140":{"start":{"line":863,"column":8},"end":{"line":863,"column":29311}},"141":{"start":{"line":864,"column":12},"end":{"line":864,"column":23}},"142":{"start":{"line":866,"column":8},"end":{"line":866,"column":20}},"143":{"start":{"line":886,"column":8},"end":{"line":886,"column":30039}},"144":{"start":{"line":890,"column":15},"end":{"line":890,"column":30200}},"145":{"start":{"line":895,"column":8},"end":{"line":895,"column":40}},"146":{"start":{"line":899,"column":8},"end":{"line":899,"column":29}},"147":{"start":{"line":903,"column":8},"end":{"line":903,"column":30573}},"148":{"start":{"line":910,"column":8},"end":{"line":910,"column":30790}},"149":{"start":{"line":913,"column":8},"end":{"line":913,"column":30885}},"150":{"start":{"line":922,"column":8},"end":{"line":922,"column":31293}},"151":{"start":{"line":929,"column":8},"end":{"line":929,"column":31535}},"152":{"start":{"line":935,"column":8},"end":{"line":935,"column":31689}},"153":{"start":{"line":940,"column":8},"end":{"line":940,"column":31843}},"154":{"start":{"line":947,"column":8},"end":{"line":947,"column":32081}},"155":{"start":{"line":948,"column":12},"end":{"line":948,"column":34}},"156":{"start":{"line":949,"column":15},"end":{"line":949,"column":32175}},"157":{"start":{"line":950,"column":12},"end":{"line":950,"column":30}},"158":{"start":{"line":952,"column":12},"end":{"line":952,"column":31}}},"branchMap":{"1":{"line":35,"type":"if","locations":[{"start":{"line":35,"column":8},"end":{"line":35,"column":8}},{"start":{"line":35,"column":8},"end":{"line":35,"column":8}}]},"2":{"line":41,"type":"if","locations":[{"start":{"line":41,"column":8},"end":{"line":41,"column":8}},{"start":{"line":41,"column":8},"end":{"line":41,"column":8}}]},"3":{"line":42,"type":"if","locations":[{"start":{"line":42,"column":8},"end":{"line":42,"column":8}},{"start":{"line":42,"column":8},"end":{"line":42,"column":8}}]},"4":{"line":43,"type":"if","locations":[{"start":{"line":43,"column":12},"end":{"line":43,"column":12}},{"start":{"line":43,"column":12},"end":{"line":43,"column":12}}]},"5":{"line":45,"type":"if","locations":[{"start":{"line":45,"column":8},"end":{"line":45,"column":8}},{"start":{"line":45,"column":8},"end":{"line":45,"column":8}}]},"6":{"line":46,"type":"cond-expr","locations":[{"start":{"line":46,"column":12},"end":{"line":46,"column":37}},{"start":{"line":46,"column":42},"end":{"line":46,"column":67}}]},"7":{"line":58,"type":"if","locations":[{"start":{"line":58,"column":8},"end":{"line"
[...]
d":{"line":886,"column":8}}]},"98":{"line":890,"type":"if","locations":[{"start":{"line":890,"column":15},"end":{"line":890,"column":15}},{"start":{"line":890,"column":15},"end":{"line":890,"column":15}}]},"99":{"line":903,"type":"if","locations":[{"start":{"line":903,"column":8},"end":{"line":903,"column":8}},{"start":{"line":903,"column":8},"end":{"line":903,"column":8}}]},"100":{"line":910,"type":"if","locations":[{"start":{"line":910,"column":8},"end":{"line":910,"column":8}},{"start":{"line":910,"column":8},"end":{"line":910,"column":8}}]},"101":{"line":913,"type":"if","locations":[{"start":{"line":913,"column":8},"end":{"line":913,"column":8}},{"start":{"line":913,"column":8},"end":{"line":913,"column":8}}]},"102":{"line":922,"type":"if","locations":[{"start":{"line":922,"column":8},"end":{"line":922,"column":8}},{"start":{"line":922,"column":8},"end":{"line":922,"column":8}}]},"103":{"line":929,"type":"if","locations":[{"start":{"line":929,"column":8},"end":{"line":929,"column":8}},{"start":{"line":929,"column":8},"end":{"line":929,"column":8}}]},"104":{"line":935,"type":"if","locations":[{"start":{"line":935,"column":8},"end":{"line":935,"column":8}},{"start":{"line":935,"column":8},"end":{"line":935,"column":8}}]},"105":{"line":936,"type":"cond-expr","locations":[{"start":{"line":936,"column":12},"end":{"line":936,"column":42}},{"start":{"line":937,"column":16},"end":{"line":937,"column":49}}]},"106":{"line":940,"type":"if","locations":[{"start":{"line":940,"column":8},"end":{"line":940,"column":8}},{"start":{"line":940,"column":8},"end":{"line":940,"column":8}}]},"107":{"line":947,"type":"if","locations":[{"start":{"line":947,"column":8},"end":{"line":947,"column":8}},{"start":{"line":947,"column":8},"end":{"line":947,"column":8}}]},"108":{"line":949,"type":"if","locations":[{"start":{"line":949,"column":15},"end":{"line":949,"column":15}},{"start":{"line":949,"column":15},"end":{"line":949,"column":15}}]}}},"contracts\\CrowdfundingStore.sol":{"l":{"18":0,"21":0,"22":0,"25":0,"28":0,"32":0,"33":0,"34":0,"35":0,"37":0,"38":0,"39":0,"41":0,"44":0,"47":0,"48":0,"51":0,"52":0,"55":0,"58":0,"59":0,"62":0,"63":0},"path":"D:\\DijiaCoder\\Meta-Node-Dao\\meta-land-contract\\contracts\\CrowdfundingStore.sol","s":{"1":0,"2":0,"3":0,"4":0,"5":0,"6":0,"7":0,"8":0,"9":0,"10":0,"11":0},"b":{"1":[0,0],"2":[0,0],"3":[0,0],"4":[0,0],"5":[0,0],"6":[0,0],"7":[0,0],"8":[0,0],"9":[0,0],"10":[0,0],"11":[0,0],"12":[0,0],"13":[0,0]},"f":{"1":0,"2":0,"3":0,"4":0,"5":0,"6":0,"7":0,"8":0,"9":0,"10":0},"fnMap":{"1":{"name":"transfer","line":20,"loc":{"start":{"line":20,"column":4},"end":{"line":23,"column":4}}},"2":{"name":"transferToken","line":24,"loc":{"start":{"line":24,"column":4},"end":{"line":26,"column":4}}},"3":{"name":"approveToken","line":27,"loc":{"start":{"line":27,"column":4},"end":{"line":29,"column":4}}},"4":{"name":"transferToLiquidity","line":31,"loc":{"start":{"line":30,"column":4},"end":{"line":42,"column":4}}},"5":{"name":"getTotal","line":43,"loc":{"start":{"line":43,"column":4},"end":{"line":45,"column":4}}},"6":{"name":"addTotal","line":46,"loc":{"start":{"line":46,"column":4},"end":{"line":49,"column":4}}},"7":{"name":"subTotal","line":50,"loc":{"start":{"line":50,"column":4},"end":{"line":53,"column":4}}},"8":{"name":"getAmount","line":54,"loc":{"start":{"line":54,"column":4},"end":{"line":56,"column":4}}},"9":{"name":"addAmount","line":57,"loc":{"start":{"line":57,"column":4},"end":{"line":60,"column":4}}},"10":{"name":"subAmount","line":61,"loc":{"start":{"line":61,"column":4},"end":{"line":64,"column":4}}}},"statementMap":{"1":{"start":{"line":21,"column":8},"end":{"line":21,"column":53}},"2":{"start":{"line":22,"column":8},"end":{"line":22,"column":21}},"3":{"start":{"line":25,"column":8},"end":{"line":25,"column":44}},"4":{"start":{"line":28,"column":8},"end":{"line":28,"column":43}},"5":{"start":{"line":32,"column":8},"end":{"line":32,"column":52}},"6":{"start":{"line":33,"column":8},"end":{"line":33,"column":56}},"7":{"start":{"line":34,"column":8},"end":{"line":34,"column":1470}},"8":{"start":{"line":38,"column":12},"end":{"line":38,"column":85}},"9":{"start":{"line":41,"column":8},"end":{"line":41,"column":32}},"10":{"start":{"line":44,"column":8},"end":{"line":44,"column":72}},"11":{"start":{"line":55,"column":8},"end":{"line":55,"column":74}}},"branchMap":{"1":{"line":20,"type":"if","locations":[{"start":{"line":20,"column":59},"end":{"line":20,"column":59}},{"start":{"line":20,"column":59},"end":{"line":20,"column":59}}]},"2":{"line":24,"type":"if","locations":[{"start":{"line":24,"column":79},"end":{"line":24,"column":79}},{"start":{"line":24,"column":79},"end":{"line":24,"column":79}}]},"3":{"line":27,"type":"if","locations":[{"start":{"line":27,"column":78},"end":{"line":27,"column":78}},{"start":{"line":27,"column":78},"end":{"line":27,"column":78}}]},"4":{"line":31,"type":"if","locations":[{"start":{"line":31,"column":15},"end":{"line":31,"column":15}},{"start":{"line":31,"column":15},"end":{"line":31,"column":15}}]},"5":{"line":33,"type":"if","locations":[{"start":{"line":33,"column":8},"end":{"line":33,"column":8}},{"start":{"line":33,"column":8},"end":{"line":33,"column":8}}]},"6":{"line":34,"type":"if","locations":[{"start":{"line":34,"column":8},"end":{"line":34,"column":8}},{"start":{"line":34,"column":8},"end":{"line":34,"column":8}}]},"7":{"line":38,"type":"if","locations":[{"start":{"line":38,"column":12},"end":{"line":38,"column":12}},{"start":{"line":38,"column":12},"end":{"line":38,"column":12}}]},"8":{"line":43,"type":"if","locations":[{"start":{"line":43,"column":52},"end":{"line":43,"column":52}},{"start":{"line":43,"column":52},"end":{"line":43,"column":52}}]},"9":{"line":46,"type":"if","locations":[{"start":{"line":46,"column":88},"end":{"line":46,"column":88}},{"start":{"line":46,"column":88},"end":{"line":46,"column":88}}]},"10":{"line":50,"type":"if","locations":[{"start":{"line":50,"column":88},"end":{"line":50,"column":88}},{"start":{"line":50,"column":88},"end":{"line":50,"column":88}}]},"11":{"line":54,"type":"if","locations":[{"start":{"line":54,"column":53},"end":{"line":54,"column":53}},{"start":{"line":54,"column":53},"end":{"line":54,"column":53}}]},"12":{"line":57,"type":"if","locations":[{"start":{"line":57,"column":89},"end":{"line":57,"column":89}},{"start":{"line":57,"column":89},"end":{"line":57,"column":89}}]},"13":{"line":61,"type":"if","locations":[{"start":{"line":61,"column":89},"end":{"line":61,"column":89}},{"start":{"line":61,"column":89},"end":{"line":61,"column":89}}]}}},"contracts\\Error.sol":{"l":{},"path":"D:\\DijiaCoder\\Meta-Node-Dao\\meta-land-contract\\contracts\\Error.sol","s":{},"b":{},"f":{},"fnMap":{},"statementMap":{},"branchMap":{}},"contracts\\FactoryStore.sol":{"l":{"11":3,"12":3,"16":1,"20":0},"path":"D:\\DijiaCoder\\Meta-Node-Dao\\meta-land-contract\\contracts\\FactoryStore.sol","s":{"1":3,"2":1,"3":0},"b":{"1":[3,0],"2":[1,0],"3":[0,0]},"f":{"1":3,"2":1,"3":0},"fnMap":{"1":{"name":"push","line":10,"loc":{"start":{"line":10,"column":4},"end":{"line":13,"column":4}}},"2":{"name":"children","line":15,"loc":{"start":{"line":15,"column":4},"end":{"line":17,"column":4}}},"3":{"name":"isChild","line":19,"loc":{"start":{"line":19,"column":4},"end":{"line":21,"column":4}}}},"statementMap":{"1":{"start":{"line":11,"column":8},"end":{"line":11,"column":30}},"2":{"start":{"line":16,"column":8},"end":{"line":16,"column":26}},"3":{"start":{"line":20,"column":8},"end":{"line":20,"column":37}}},"branchMap":{"1":{"line":10,"type":"if","locations":[{"start":{"line":10,"column":42},"end":{"line":10,"column":42}},{"start":{"line":10,"column":42},"end":{"line":10,"column":42}}]},"2":{"line":15,"type":"if","locations":[{"start":{"line":15,"column":33},"end":{"line":15,"column":33}},{"start":{"line":15,"column":33},"end":{"line":15,"column":33}}]},"3":{"line":19,"type":"if","locations":[{"start":{"line":19,"column":49},"end":{"line":19,"column":49}},{"start":{"line":19,"column":49},"end":{"line":19,"column":49}}]}}},"contracts\\interfaces\\ICrowdfundingFactory.sol":{"l":{},"path":"D:\\DijiaCoder\\Meta-Node-Dao\\meta-land-contract\\contracts\\interfaces\\ICrowdfundingFactory.sol","s":{},"b":{},"f":{},"fnMap":{},"statementMap":{},"branchMap":{}},"contracts\\interfaces\\IErc20.sol":{"l":{},"path":"D:\\DijiaCoder\\Meta-Node-Dao\\meta-land-contract\\contracts\\interfaces\\IErc20.sol","s":{},"b":{},"f":{},"fnMap":{},"statementMap":{},"branchMap":{}},"contracts\\Migrations.sol":{"l":{"9":0,"13":0,"17":0},"path":"D:\\DijiaCoder\\Meta-Node-Dao\\meta-land-contract\\contracts\\Migrations.sol","s":{"1":0},"b":{"1":[0,0],"2":[0,0]},"f":{"1":0,"2":0},"fnMap":{"1":{"name":"restricted","line":8,"loc":{"start":{"line":8,"column":2},"end":{"line":14,"column":2}}},"2":{"name":"setCompleted","line":16,"loc":{"start":{"line":16,"column":2},"end":{"line":18,"column":2}}}},"statementMap":{"1":{"start":{"line":9,"column":4},"end":{"line":9,"column":201}}},"branchMap":{"1":{"line":9,"type":"if","locations":[{"start":{"line":9,"column":4},"end":{"line":9,"column":4}},{"start":{"line":9,"column":4},"end":{"line":9,"column":4}}]},"2":{"line":16,"type":"if","locations":[{"start":{"line":16,"column":47},"end":{"line":16,"column":47}},{"start":{"line":16,"column":47},"end":{"line":16,"column":47}}]}}},"contracts\\Nft.sol":{"l":{"36":0,"37":0,"38":0,"46":0,"47":0,"48":0,"49":0,"50":0,"51":0,"57":0,"58":0,"59":0,"60":0,"62":0,"68":0,"69":0,"76":0,"77":0,"81":0,"85":0,"89":0,"90":0,"94":0,"98":0,"102":0,"103":0,"107":0,"108":0,"118":0,"123":0,"124":0},"path":"D:\\DijiaCoder\\Meta-Node-Dao\\meta-land-contract\\contracts\\Nft.sol","s":{"1":0,"2":0,"3":0,"4":0,"5":0,"6":0,"7":0,"8":0,"9":0,"10":0,"11":0,"12":0,"13":0,"14":0,"15":0,"16":0,"17":0,"18":0,"19":0,"20":0,"21":0,"22":0,"23":0},"b":{"1":[0,0],"2":[0,0],"3":[0,0],"4":[0,0]},"f":{"1":0,"2":0,"3":0,"4":0,"5":0,"6":0,"7":0,"8":0,"9":0,"10":0,"11":0,"12":0,"13":0},"fnMap":{"1":{"name":"constructor","line":35,"loc":{"start":{"line":35,"column":4},"end":{"line":39,"column":4}}},"2":{"name":"mint","line":41,"loc":{"start":{"line":41,"column":4},"end":{"line":52,"column":4}}},"3":{"name":"mintBatch","line":53,"loc":{"start":{"line":53,"column":4},"end":{"line":63,"column":4}}},"4":{"name":"isOwner","line":64,"loc":{"start":{"line":64,"column":4},"end":{"line":70,"column":4}}},"5":{"name":"setTokenURI","line":73,"loc":{"start":{"line":71,"column":4},"end":{"line":78,"column":4}}},"6":{"name":"_setSBTNFTAddressLists","line":80,"loc":{"start":{"line":80,"column":4},"end":{"line":82,"column":4}}},"7":{"name":"getSBTNFTAddressLists","line":84,"loc":{"start":{"line":84,"column":4},"end":{"line":86,"column":4}}},"8":{"name":"getTokenIdTotal","line":88,"loc":{"start":{"line":88,"column":4},"end":{"line":91,"column":4}}},"9":{"name":"setWhiteLists","line":93,"loc":{"start":{"line":93,"column":4},"end":{"line":95,"column":4}}},"10":{"name":"contractURI","line":97,"loc":{"start":{"line":97,"column":4},"end":{"line":99,"column":4}}},"11":{"name":"getHttpJsonTokenURI","line":101,"loc":{"start":{"line":101,"column":4},"end":{"line":104,"column":4}}},"12":{"name":"getStaticJsonTokenURI","line":106,"loc":{"start":{"line":106,"column":4},"end":{"line":119,"column":4}}},"13":{"name":"byOwner","line":122,"loc":{"start":{"line":122,"column":4},"end":{"line":125,"column":4}}}},"statementMap":{"1":{"start":{"line":46,"column":8},"end":{"line":46,"column":47}},"2":{"start":{"line":47,"column":8},"end":{"line":47,"column":31}},"3":{"start":{"line":48,"column":8},"end":{"line":48,"column":64}},"4":{"start":{"line":49,"column":8},"end":{"line":49,"column":71}},"5":{"start":{"line":50,"column":8},"end":{"line":50,"column":28}},"6":{"start":{"line":51,"column":8},"end":{"line":51,"column":24}},"7":{"start":{"line":57,"column":8},"end":{"line":57,"column":32}},"8":{"start":{"line":59,"column":8},"end":{"line":59,"column":1784}},"9":{"start":{"line":62,"column":8},"end":{"line":62,"column":22}},"10":{"start":{"line":68,"column":8},"end":{"line":68,"column":46}},"11":{"start":{"line":69,"column":8},"end":{"line":69,"column":22}},"12":{"start":{"line":76,"column":8},"end":{"line":76,"column":37}},"13":{"start":{"line":77,"column":8},"end":{"line":77,"column":21}},"14":{"start":{"line":85,"column":8},"end":{"line":85,"column":47}},"15":{"start":{"line":89,"column":8},"end":{"line":89,"column":45}},"16":{"start":{"line":90,"column":8},"end":{"line":90,"column":22}},"17":{"start":{"line":98,"column":8},"end":{"line":98,"column":103}},"18":{"start":{"line":102,"column":8},"end":{"line":102,"column":126}},"19":{"start":{"line":103,"column":8},"end":{"line":103,"column":23}},"20":{"start":{"line":107,"column":8},"end":{"line":107,"column":63}},"21":{"start":{"line":108,"column":8},"end":{"line":108,"column":3498}},"22":{"start":{"line":118,"column":8},"end":{"line":118,"column":23}},"23":{"start":{"line":123,"column":8},"end":{"line":123,"column":49}}},"branchMap":{"1":{"line":68,"type":"if","locations":[{"start":{"line":68,"column":8},"end":{"line":68,"column":8}},{"start":{"line":68,"column":8},"end":{"line":68,"column":8}}]},"2":{"line":73,"type":"if","locations":[{"start":{"line":73,"column":8},"end":{"line":73,"column":8}},{"start":{"line":73,"column":8},"end":{"line":73,"column":8}}]},"3":{"line":93,"type":"if","locations":[{"start":{"line":93,"column":76},"end":{"line":93,"column":76}},{"start":{"line":93,"column":76},"end":{"line":93,"column":76}}]},"4":{"line":123,"type":"if","locations":[{"start":{"line":123,"column":8},"end":{"line":123,"column":8}},{"start":{"line":123,"column":8},"end":{"line":123,"column":8}}]}}},"contracts\\ownership\\Secondary.sol":{"l":{"20":9,"21":9,"28":4,"29":4,"36":0,"44":0,"45":0,"46":0},"path":"D:\\DijiaCoder\\Meta-Node-Dao\\meta-land-contract\\contracts\\ownership\\Secondary.sol","s":{"1":9,"2":4,"3":0,"4":0,"5":0},"b":{"1":[4,0],"2":[0,0],"3":[0,0]},"f":{"1":9,"2":4,"3":0,"4":0},"fnMap":{"1":{"name":"constructor","line":19,"loc":{"start":{"line":19,"column":4},"end":{"line":22,"column":4}}},"2":{"name":"onlyPrimary","line":27,"loc":{"start":{"line":27,"column":4},"end":{"line":30,"column":4}}},"3":{"name":"primary","line":35,"loc":{"start":{"line":35,"column":4},"end":{"line":37,"column":4}}},"4":{"name":"transferPrimary","line":43,"loc":{"start":{"line":43,"column":4},"end":{"line":47,"column":4}}}},"statementMap":{"1":{"start":{"line":21,"column":8},"end":{"line":21,"column":41}},"2":{"start":{"line":28,"column":8},"end":{"line":28,"column":88}},"3":{"start":{"line":36,"column":8},"end":{"line":36,"column":23}},"4":{"start":{"line":44,"column":8},"end":{"line":44,"column":85}},"5":{"start":{"line":46,"column":8},"end":{"line":46,"column":41}}},"branchMap":{"1":{"line":28,"type":"if","locations":[{"start":{"line":28,"column":8},"end":{"line":28,"column":8}},{"start":{"line":28,"column":8},"end":{"line":28,"column":8}}]},"2":{"line":43,"type":"if","locations":[{"start":{"line":43,"column":55},"end":{"line":43,"column":55}},{"start":{"line":43,"column":55},"end":{"line":43,"column":55}}]},"3":{"line":44,"type":"if","locations":[{"start":{"line":44,"column":8},"end":{"line":44,"column":8}},{"start":{"line":44,"column":8},"end":{"line":44,"column":8}}]}}},"contracts\\Startup.sol":{"l":{"49":0,"51":0,"54":0,"55":0,"60":0,"61":0,"62":0},"path":"D:\\DijiaCoder\\Meta-Node-Dao\\meta-land-contract\\contracts\\Startup.sol","s":{"1":0,"2":0,"3":0,"4":0,"5":0,"6":0},"b":{"1":[0,0],"2":[0,0],"3":[0,0],"4":[0,0],"5":[0,0]},"f":{"1":0,"2":0,"3":0},"fnMap":{"1":{"name":"newStartup","line":47,"loc":{"start":{"line":47,"column":4},"end":{"line":56,"column":4}}},"2":{"name":"initialize","line":59,"loc":{"start":{"line":59,"column":4},"end":{"line":63,"column":4}}},"3":{"name":"_authorizeUpgrade","line":70,"loc":{"start":{"line":70,"column":4},"end":{"line":70,"column":74}}}},"statementMap":{"1":{"start":{"line":49,"column":8},"end":{"line":49,"column":65}},"2":{"start":{"line":51,"column":8},"end":{"line":51,"column":74}},"3":{"start":{"line":55,"column":8},"end":{"line":55,"column":43}},"4":{"start":{"line":60,"column":8},"end":{"line":60,"column":33}},"5":{"start":{"line":61,"column":8},"end":{"line":61,"column":31}},"6":{"start":{"line":62,"column":8},"end":{"line":62,"column":31}}},"branchMap":{"1":{"line":47,"type":"if","locations":[{"start":{"line":47,"column":59},"end":{"line":47,"column":59}},{"start":{"line":47,"column":59},"end":{"line":47,"column":59}}]},"2":{"line":49,"type":"if","locations":[{"start":{"line":49,"column":8},"end":{"line":49,"column":8}},{"start":{"line":49,"column":8},"end":{"line":49,"column":8}}]},"3":{"line":51,"type":"if","locations":[{"start":{"line":51,"column":8},"end":{"line":51,"column":8}},{"start":{"line":51,"column":8},"end":{"line":51,"column":8}}]},"4":{"line":59,"type":"if","locations":[{"start":{"line":59,"column":33},"end":{"line":59,"column":33}},{"start":{"line":59,"column":33},"end":{"line":59,"column":33}}]},"5":{"line":70,"type":"if","locations":[{"start":{"line":70,"column":63},"end":{"line":70,"column":63}},{"start":{"line":70,"column":63},"end":{"line":70,"column":63}}]}}},"contracts\\test\\MockERC20.sol":{"l":{"10":2},"path":"D:\\DijiaCoder\\Meta-Node-Dao\\meta-land-contract\\contracts\\test\\MockERC20.sol","s":{"1":2},"b":{},"f":{"1":3,"2":2},"fnMap":{"1":{"name":"constructor","line":7,"loc":{"start":{"line":7,"column":5},"end":{"line":7,"column":80}}},"2":{"name":"mint","line":9,"loc":{"start":{"line":9,"column":5},"end":{"line":11,"column":5}}}},"statementMap":{"1":{"start":{"line":10,"column":9},"end":{"line":10,"column":25}}},"branchMap":{}},"contracts\\Whitelist.sol":{"l":{"14":0,"15":0,"18":0,"19":0,"20":0,"21":0,"24":0,"25":0,"26":0,"29":0},"path":"D:\\DijiaCoder\\Meta-Node-Dao\\meta-land-contract\\contracts\\Whitelist.sol","s":{"1":0,"2":0,"3":0,"4":0,"5":0,"6":0,"7":0},"b":{"1":[0,0],"2":[0,0],"3":[0,0],"4":[0,0],"5":[0,0],"6":[0,0]},"f":{"1":0,"2":0,"3":0,"4":0,"5":0},"fnMap":{"1":{"name":"constructor","line":11,"loc":{"start":{"line":11,"column":4},"end":{"line":11,"column":39}}},"2":{"name":"onlyWhitelisted","line":13,"loc":{"start":{"line":13,"column":4},"end":{"line":16,"column":4}}},"3":{"name":"addToWhitelist","line":17,"loc":{"start":{"line":17,"column":4},"end":{"line":22,"column":4}}},"4":{"name":"removeFromWhitelist","line":23,"loc":{"start":{"line":23,"column":4},"end":{"line":27,"column":4}}},"5":{"name":"isWhitelisted","line":28,"loc":{"start":{"line":28,"column":4},"end":{"line":30,"column":4}}}},"statementMap":{"1":{"start":{"line":14,"column":8},"end":{"line":14,"column":91}},"2":{"start":{"line":18,"column":8},"end":{"line":18,"column":57}},"3":{"start":{"line":19,"column":8},"end":{"line":19,"column":70}},"4":{"start":{"line":21,"column":8},"end":{"line":21,"column":34}},"5":{"start":{"line":24,"column":8},"end":{"line":24,"column":65}},"6":{"start":{"line":26,"column":8},"end":{"line":26,"column":36}},"7":{"start":{"line":29,"column":8},"end":{"line":29,"column":33}}},"branchMap":{"1":{"line":14,"type":"if","locations":[{"start":{"line":14,"column":8},"end":{"line":14,"column":8}},{"start":{"line":14,"column":8},"end":{"line":14,"column":8}}]},"2":{"line":17,"type":"if","locations":[{"start":{"line":17,"column":54},"end":{"line":17,"column":54}},{"start":{"line":17,"column":54},"end":{"line":17,"column":54}}]},"3":{"line":18,"type":"if","locations":[{"start":{"line":18,"column":8},"end":{"line":18,"column":8}},{"start":{"line":18,"column":8},"end":{"line":18,"column":8}}]},"4":{"line":19,"type":"if","locations":[{"start":{"line":19,"column":8},"end":{"line":19,"column":8}},{"start":{"line":19,"column":8},"end":{"line":19,"column":8}}]},"5":{"line":23,"type":"if","locations":[{"start":{"line":23,"column":59},"end":{"line":23,"column":59}},{"start":{"line":23,"column":59},"end":{"line":23,"column":59}}]},"6":{"line":24,"type":"if","locations":[{"start":{"line":24,"column":8},"end":{"line":24,"column":8}},{"start":{"line":24,"column":8},"end":{"line":24,"column":8}}]}}}}